mode: atomic
sermon-uploader/monitoring/monitoring.go:28.29,29.17 1 0
sermon-uploader/monitoring/monitoring.go:29.17,34.3 2 0
sermon-uploader/monitoring/monitoring.go:37.46,38.26 1 0
sermon-uploader/monitoring/monitoring.go:38.26,40.3 1 0
sermon-uploader/monitoring/monitoring.go:41.2,41.22 1 0
sermon-uploader/monitoring/monitoring.go:44.40,45.25 1 0
sermon-uploader/monitoring/monitoring.go:45.25,47.3 1 0
sermon-uploader/monitoring/monitoring.go:48.2,48.21 1 0
sermon-uploader/monitoring/monitoring.go:51.44,55.2 3 0
sermon-uploader/monitoring/monitoring.go:57.42,61.2 3 0
sermon-uploader/monitoring/monitoring.go:63.78,69.2 5 0
sermon-uploader/monitoring/monitoring.go:71.72,75.2 3 0
sermon-uploader/monitoring/monitoring.go:77.54,82.36 4 0
sermon-uploader/monitoring/monitoring.go:82.36,84.3 1 0
sermon-uploader/monitoring/monitoring.go:85.2,85.16 1 0
sermon-uploader/monitoring/monitoring.go:97.41,99.2 1 0
sermon-uploader/monitoring/monitoring.go:101.85,103.2 0 0
sermon-uploader/monitoring/monitoring.go:105.62,110.2 1 0
sermon-uploader/monitoring/monitoring.go:112.38,114.2 1 0
sermon-uploader/pkg/logging/logging.go:14.50,16.16 2 0
sermon-uploader/pkg/logging/logging.go:16.16,18.3 1 0
sermon-uploader/pkg/logging/logging.go:19.2,19.33 1 0
sermon-uploader/pkg/logging/logging.go:22.66,27.19 3 0
sermon-uploader/pkg/logging/logging.go:27.19,29.3 1 0
sermon-uploader/pkg/logging/logging.go:32.2,32.25 1 0
sermon-uploader/pkg/logging/logging.go:35.60,37.2 1 0
sermon-uploader/pkg/logging/logging.go:39.61,41.2 1 0
sermon-uploader/pkg/logging/logging.go:43.32,44.19 1 0
sermon-uploader/pkg/logging/logging.go:44.19,46.3 1 0
sermon-uploader/pkg/logging/logging.go:47.2,47.12 1 0
sermon-uploader/pkg/logging/logging.go:56.43,59.2 2 0
sermon-uploader/optimization/object_pools.go:34.36,35.22 1 0
sermon-uploader/optimization/object_pools.go:35.22,39.3 1 0
sermon-uploader/optimization/object_pools.go:40.2,40.20 1 0
sermon-uploader/optimization/object_pools.go:44.36,48.2 1 0
sermon-uploader/optimization/object_pools.go:51.61,56.13 4 0
sermon-uploader/optimization/object_pools.go:56.13,59.51 2 0
sermon-uploader/optimization/object_pools.go:59.51,63.30 1 0
sermon-uploader/optimization/object_pools.go:63.30,65.7 1 0
sermon-uploader/optimization/object_pools.go:68.4,68.31 1 0
sermon-uploader/optimization/object_pools.go:70.3,70.17 1 0
sermon-uploader/optimization/object_pools.go:73.2,74.24 2 0
sermon-uploader/optimization/object_pools.go:74.24,76.3 1 0
sermon-uploader/optimization/object_pools.go:78.2,78.28 1 0
sermon-uploader/optimization/object_pools.go:82.42,86.28 1 0
sermon-uploader/optimization/object_pools.go:86.28,88.5 1 0
sermon-uploader/optimization/object_pools.go:94.36,96.2 1 0
sermon-uploader/optimization/object_pools.go:99.42,100.28 1 0
sermon-uploader/optimization/object_pools.go:100.28,102.3 1 0
sermon-uploader/optimization/object_pools.go:106.44,112.2 1 0
sermon-uploader/optimization/object_pools.go:115.60,117.2 1 0
sermon-uploader/optimization/object_pools.go:120.41,123.2 2 0
sermon-uploader/optimization/object_pools.go:126.36,128.2 1 0
sermon-uploader/optimization/object_pools.go:135.59,138.2 2 0
sermon-uploader/optimization/object_pools.go:140.45,143.27 2 0
sermon-uploader/optimization/object_pools.go:143.27,145.3 1 0
sermon-uploader/optimization/object_pools.go:146.2,148.40 3 0
sermon-uploader/optimization/object_pools.go:148.40,150.3 1 0
sermon-uploader/optimization/object_pools.go:151.2,151.15 1 0
sermon-uploader/optimization/object_pools.go:154.32,156.2 1 0
sermon-uploader/optimization/object_pools.go:159.58,165.35 5 0
sermon-uploader/optimization/object_pools.go:165.35,167.3 1 0
sermon-uploader/optimization/object_pools.go:169.2,173.3 1 0
sermon-uploader/optimization/object_pools.go:177.55,184.2 2 0
sermon-uploader/optimization/object_pools.go:187.65,189.2 1 0
sermon-uploader/optimization/object_pools.go:205.78,210.2 1 0
sermon-uploader/optimization/object_pools.go:221.115,227.2 1 0
sermon-uploader/optimization/object_pools.go:230.56,232.11 2 0
sermon-uploader/optimization/object_pools.go:232.11,234.27 2 0
sermon-uploader/optimization/object_pools.go:234.27,236.4 1 0
sermon-uploader/optimization/object_pools.go:238.2,238.15 1 0
sermon-uploader/optimization/pi_optimized.go:28.36,35.9 4 0
sermon-uploader/optimization/pi_optimized.go:36.19,39.15 2 0
sermon-uploader/optimization/pi_optimized.go:40.19,43.15 2 0
sermon-uploader/optimization/pi_optimized.go:44.10,47.16 2 0
sermon-uploader/optimization/pi_optimized.go:51.2,59.3 3 0
sermon-uploader/optimization/pi_optimized.go:63.68,65.2 1 0
sermon-uploader/optimization/pi_optimized.go:68.43,70.2 1 0
sermon-uploader/optimization/pi_optimized.go:73.66,75.2 1 0
sermon-uploader/optimization/pi_optimized.go:78.41,80.2 1 0
sermon-uploader/optimization/pi_optimized.go:83.50,90.24 5 0
sermon-uploader/optimization/pi_optimized.go:90.24,94.3 2 0
sermon-uploader/optimization/pi_optimized.go:96.2,96.14 1 0
sermon-uploader/optimization/pi_optimized.go:100.22,103.9 2 0
sermon-uploader/optimization/pi_optimized.go:104.21,105.31 1 0
sermon-uploader/optimization/pi_optimized.go:106.21,107.24 1 0
sermon-uploader/optimization/pi_optimized.go:108.10,109.35 1 0
sermon-uploader/optimization/pi_optimized.go:113.2,117.18 3 0
sermon-uploader/optimization/pi_optimized.go:118.9,119.31 1 0
sermon-uploader/optimization/pi_optimized.go:120.9,121.31 1 0
sermon-uploader/optimization/pi_optimized.go:122.10,123.32 1 0
sermon-uploader/optimization/pi_optimized.go:125.2,125.32 1 0
sermon-uploader/optimization/pi_optimized.go:129.42,142.2 3 0
sermon-uploader/main.go:27.13,29.40 1 0
sermon-uploader/main.go:29.40,31.3 1 0
sermon-uploader/main.go:34.2,37.24 2 0
sermon-uploader/main.go:37.24,39.3 1 0
sermon-uploader/main.go:42.2,51.16 6 0
sermon-uploader/main.go:51.16,54.3 2 0
sermon-uploader/main.go:57.2,57.24 1 0
sermon-uploader/main.go:57.24,60.3 1 0
sermon-uploader/main.go:63.2,87.52 11 0
sermon-uploader/main.go:87.52,89.3 1 0
sermon-uploader/main.go:92.2,92.54 1 0
sermon-uploader/main.go:92.54,96.3 3 0
sermon-uploader/main.go:96.8,100.3 3 0
sermon-uploader/main.go:103.2,112.55 1 0
sermon-uploader/main.go:112.55,114.39 2 0
sermon-uploader/main.go:114.39,116.5 1 0
sermon-uploader/main.go:117.4,120.6 1 0
sermon-uploader/main.go:126.2,127.46 1 0
sermon-uploader/main.go:127.46,138.43 2 0
sermon-uploader/main.go:138.43,139.26 1 0
sermon-uploader/main.go:139.26,141.6 1 0
sermon-uploader/main.go:145.4,145.20 1 0
sermon-uploader/main.go:145.20,147.5 1 0
sermon-uploader/main.go:148.4,148.16 1 0
sermon-uploader/main.go:158.2,164.35 2 0
sermon-uploader/main.go:164.35,171.17 5 0
sermon-uploader/main.go:171.17,173.4 1 0
sermon-uploader/main.go:176.3,176.71 1 0
sermon-uploader/main.go:176.71,178.25 2 0
sermon-uploader/main.go:178.25,180.5 1 0
sermon-uploader/main.go:183.3,183.13 1 0
sermon-uploader/main.go:187.2,187.39 1 0
sermon-uploader/main.go:187.39,189.3 1 0
sermon-uploader/main.go:192.2,201.2 6 0
sermon-uploader/main.go:201.2,213.3 5 0
sermon-uploader/main.go:213.3,219.4 5 0
sermon-uploader/main.go:224.3,225.3 2 0
sermon-uploader/main.go:225.3,253.4 18 0
sermon-uploader/main.go:258.3,259.3 2 0
sermon-uploader/main.go:259.3,274.4 6 0
sermon-uploader/main.go:279.3,280.3 2 0
sermon-uploader/main.go:280.3,281.57 1 0
sermon-uploader/main.go:281.57,284.5 2 0
sermon-uploader/main.go:285.4,285.65 1 0
sermon-uploader/main.go:285.65,288.5 2 0
sermon-uploader/main.go:289.4,293.54 3 0
sermon-uploader/main.go:299.3,300.3 2 0
sermon-uploader/main.go:300.3,303.4 2 0
sermon-uploader/main.go:308.3,309.33 2 0
sermon-uploader/main.go:313.2,313.42 1 0
sermon-uploader/main.go:313.42,314.38 1 0
sermon-uploader/main.go:314.38,317.4 2 0
sermon-uploader/main.go:318.3,318.34 1 0
sermon-uploader/main.go:321.2,321.55 1 0
sermon-uploader/main.go:321.55,323.3 1 0
sermon-uploader/main.go:327.2,328.38 2 0
sermon-uploader/main.go:328.38,330.3 1 0
sermon-uploader/main.go:332.2,340.12 3 0
sermon-uploader/main.go:340.12,341.70 1 0
sermon-uploader/main.go:341.70,343.4 1 0
sermon-uploader/main.go:343.9,346.119 2 0
sermon-uploader/main.go:346.119,348.5 1 0
sermon-uploader/main.go:353.2,354.16 2 0
sermon-uploader/main.go:354.16,356.3 1 0
sermon-uploader/main.go:359.2,365.12 5 0
sermon-uploader/main.go:365.12,377.54 7 0
sermon-uploader/main.go:377.54,379.4 1 0
sermon-uploader/main.go:381.3,382.13 2 0
sermon-uploader/main.go:385.2,385.47 1 0
sermon-uploader/main.go:385.47,387.3 1 0
sermon-uploader/main.go:391.45,396.18 3 9
sermon-uploader/main.go:397.9,398.15 1 0
sermon-uploader/main.go:399.9,400.15 1 0
sermon-uploader/main.go:401.9,403.15 1 0
sermon-uploader/main.go:404.10,405.43 1 9
sermon-uploader/main.go:408.2,412.32 3 9
sermon-uploader/main.go:412.32,415.3 2 7
sermon-uploader/main.go:418.2,418.30 1 9
sermon-uploader/main.go:418.30,422.3 3 7
sermon-uploader/main.go:425.2,431.20 5 9
sermon-uploader/main.go:431.20,433.3 1 7
sermon-uploader/main.go:435.2,435.72 1 9
sermon-uploader/monitoring/monitoring.go:28.29,29.17 1 0
sermon-uploader/monitoring/monitoring.go:29.17,34.3 2 0
sermon-uploader/monitoring/monitoring.go:37.46,38.26 1 0
sermon-uploader/monitoring/monitoring.go:38.26,40.3 1 0
sermon-uploader/monitoring/monitoring.go:41.2,41.22 1 0
sermon-uploader/monitoring/monitoring.go:44.40,45.25 1 0
sermon-uploader/monitoring/monitoring.go:45.25,47.3 1 0
sermon-uploader/monitoring/monitoring.go:48.2,48.21 1 0
sermon-uploader/monitoring/monitoring.go:51.44,55.2 3 0
sermon-uploader/monitoring/monitoring.go:57.42,61.2 3 0
sermon-uploader/monitoring/monitoring.go:63.78,69.2 5 0
sermon-uploader/monitoring/monitoring.go:71.72,75.2 3 0
sermon-uploader/monitoring/monitoring.go:77.54,82.36 4 0
sermon-uploader/monitoring/monitoring.go:82.36,84.3 1 0
sermon-uploader/monitoring/monitoring.go:85.2,85.16 1 0
sermon-uploader/monitoring/monitoring.go:97.41,99.2 1 0
sermon-uploader/monitoring/monitoring.go:101.85,103.2 0 0
sermon-uploader/monitoring/monitoring.go:105.62,110.2 1 0
sermon-uploader/monitoring/monitoring.go:112.38,114.2 1 0
sermon-uploader/optimization/object_pools.go:34.36,35.22 1 0
sermon-uploader/optimization/object_pools.go:35.22,39.3 1 0
sermon-uploader/optimization/object_pools.go:40.2,40.20 1 0
sermon-uploader/optimization/object_pools.go:44.36,48.2 1 0
sermon-uploader/optimization/object_pools.go:51.61,56.13 4 0
sermon-uploader/optimization/object_pools.go:56.13,59.51 2 0
sermon-uploader/optimization/object_pools.go:59.51,63.30 1 0
sermon-uploader/optimization/object_pools.go:63.30,65.7 1 0
sermon-uploader/optimization/object_pools.go:68.4,68.31 1 0
sermon-uploader/optimization/object_pools.go:70.3,70.17 1 0
sermon-uploader/optimization/object_pools.go:73.2,74.24 2 0
sermon-uploader/optimization/object_pools.go:74.24,76.3 1 0
sermon-uploader/optimization/object_pools.go:78.2,78.28 1 0
sermon-uploader/optimization/object_pools.go:82.42,86.28 1 0
sermon-uploader/optimization/object_pools.go:86.28,88.5 1 0
sermon-uploader/optimization/object_pools.go:94.36,96.2 1 0
sermon-uploader/optimization/object_pools.go:99.42,100.28 1 0
sermon-uploader/optimization/object_pools.go:100.28,102.3 1 0
sermon-uploader/optimization/object_pools.go:106.44,112.2 1 0
sermon-uploader/optimization/object_pools.go:115.60,117.2 1 0
sermon-uploader/optimization/object_pools.go:120.41,123.2 2 0
sermon-uploader/optimization/object_pools.go:126.36,128.2 1 0
sermon-uploader/optimization/object_pools.go:135.59,138.2 2 0
sermon-uploader/optimization/object_pools.go:140.45,143.27 2 0
sermon-uploader/optimization/object_pools.go:143.27,145.3 1 0
sermon-uploader/optimization/object_pools.go:146.2,148.40 3 0
sermon-uploader/optimization/object_pools.go:148.40,150.3 1 0
sermon-uploader/optimization/object_pools.go:151.2,151.15 1 0
sermon-uploader/optimization/object_pools.go:154.32,156.2 1 0
sermon-uploader/optimization/object_pools.go:159.58,165.35 5 0
sermon-uploader/optimization/object_pools.go:165.35,167.3 1 0
sermon-uploader/optimization/object_pools.go:169.2,173.3 1 0
sermon-uploader/optimization/object_pools.go:177.55,184.2 2 0
sermon-uploader/optimization/object_pools.go:187.65,189.2 1 0
sermon-uploader/optimization/object_pools.go:205.78,210.2 1 0
sermon-uploader/optimization/object_pools.go:221.115,227.2 1 0
sermon-uploader/optimization/object_pools.go:230.56,232.11 2 0
sermon-uploader/optimization/object_pools.go:232.11,234.27 2 0
sermon-uploader/optimization/object_pools.go:234.27,236.4 1 0
sermon-uploader/optimization/object_pools.go:238.2,238.15 1 0
sermon-uploader/optimization/pi_optimized.go:28.36,35.9 4 0
sermon-uploader/optimization/pi_optimized.go:36.19,39.15 2 0
sermon-uploader/optimization/pi_optimized.go:40.19,43.15 2 0
sermon-uploader/optimization/pi_optimized.go:44.10,47.16 2 0
sermon-uploader/optimization/pi_optimized.go:51.2,59.3 3 0
sermon-uploader/optimization/pi_optimized.go:63.68,65.2 1 0
sermon-uploader/optimization/pi_optimized.go:68.43,70.2 1 0
sermon-uploader/optimization/pi_optimized.go:73.66,75.2 1 0
sermon-uploader/optimization/pi_optimized.go:78.41,80.2 1 0
sermon-uploader/optimization/pi_optimized.go:83.50,90.24 5 0
sermon-uploader/optimization/pi_optimized.go:90.24,94.3 2 0
sermon-uploader/optimization/pi_optimized.go:96.2,96.14 1 0
sermon-uploader/optimization/pi_optimized.go:100.22,103.9 2 0
sermon-uploader/optimization/pi_optimized.go:104.21,105.31 1 0
sermon-uploader/optimization/pi_optimized.go:106.21,107.24 1 0
sermon-uploader/optimization/pi_optimized.go:108.10,109.35 1 0
sermon-uploader/optimization/pi_optimized.go:113.2,117.18 3 0
sermon-uploader/optimization/pi_optimized.go:118.9,119.31 1 0
sermon-uploader/optimization/pi_optimized.go:120.9,121.31 1 0
sermon-uploader/optimization/pi_optimized.go:122.10,123.32 1 0
sermon-uploader/optimization/pi_optimized.go:125.2,125.32 1 0
sermon-uploader/optimization/pi_optimized.go:129.42,142.2 3 0
sermon-uploader/config/config.go:76.20,116.20 28 11
sermon-uploader/config/config.go:116.20,118.42 2 10
sermon-uploader/config/config.go:118.42,120.4 1 10
sermon-uploader/config/config.go:123.2,175.3 1 11
sermon-uploader/config/config.go:178.46,179.42 1 432
sermon-uploader/config/config.go:179.42,181.3 1 14
sermon-uploader/config/config.go:182.2,182.21 1 418
sermon-uploader/config/version.go:11.26,13.2 1 0
sermon-uploader/config/version.go:16.46,18.2 1 0
sermon-uploader/handlers/admin.go:14.55,16.20 2 0
sermon-uploader/handlers/admin.go:16.20,20.3 1 0
sermon-uploader/handlers/admin.go:23.2,24.16 2 0
sermon-uploader/handlers/admin.go:24.16,28.3 1 0
sermon-uploader/handlers/admin.go:30.2,30.29 1 0
sermon-uploader/handlers/admin.go:30.29,31.64 1 0
sermon-uploader/handlers/admin.go:31.64,52.69 4 0
sermon-uploader/handlers/admin.go:52.69,54.5 1 0
sermon-uploader/handlers/admin.go:57.4,57.42 1 0
sermon-uploader/handlers/admin.go:57.42,59.5 1 0
sermon-uploader/handlers/admin.go:59.10,59.56 1 0
sermon-uploader/handlers/admin.go:59.56,61.5 1 0
sermon-uploader/handlers/admin.go:61.10,63.5 1 0
sermon-uploader/handlers/admin.go:65.4,65.25 1 0
sermon-uploader/handlers/admin.go:69.2,71.4 1 0
sermon-uploader/handlers/admin.go:75.53,77.20 2 0
sermon-uploader/handlers/admin.go:77.20,81.3 1 0
sermon-uploader/handlers/admin.go:84.2,93.49 2 0
sermon-uploader/handlers/admin.go:93.49,97.3 1 0
sermon-uploader/handlers/admin.go:101.2,114.4 1 0
sermon-uploader/handlers/admin.go:118.53,120.20 2 0
sermon-uploader/handlers/admin.go:120.20,124.3 1 0
sermon-uploader/handlers/admin.go:127.2,128.16 2 0
sermon-uploader/handlers/admin.go:128.16,132.3 1 0
sermon-uploader/handlers/admin.go:134.2,135.29 2 0
sermon-uploader/handlers/admin.go:135.29,136.64 1 0
sermon-uploader/handlers/admin.go:136.64,138.9 2 0
sermon-uploader/handlers/admin.go:142.2,142.20 1 0
sermon-uploader/handlers/admin.go:142.20,146.3 1 0
sermon-uploader/handlers/admin.go:149.2,149.60 1 0
sermon-uploader/handlers/admin.go:149.60,153.3 1 0
sermon-uploader/handlers/admin.go:156.2,156.29 1 0
sermon-uploader/handlers/admin.go:156.29,167.3 1 0
sermon-uploader/handlers/admin.go:169.2,174.4 1 0
sermon-uploader/handlers/admin.go:178.52,207.2 2 0
sermon-uploader/handlers/admin.go:210.53,219.46 2 0
sermon-uploader/handlers/admin.go:219.46,223.3 1 0
sermon-uploader/handlers/admin.go:226.2,239.4 1 0
sermon-uploader/handlers/admin.go:243.53,245.20 2 0
sermon-uploader/handlers/admin.go:245.20,249.3 1 0
sermon-uploader/handlers/admin.go:251.2,252.47 2 0
sermon-uploader/handlers/admin.go:252.47,256.3 1 0
sermon-uploader/handlers/admin.go:259.2,264.4 1 0
sermon-uploader/handlers/admin.go:268.53,270.20 2 0
sermon-uploader/handlers/admin.go:270.20,274.3 1 0
sermon-uploader/handlers/admin.go:277.2,281.4 1 0
sermon-uploader/handlers/admin.go:285.51,316.2 2 0
sermon-uploader/handlers/admin.go:319.52,329.45 2 0
sermon-uploader/handlers/admin.go:329.45,333.3 1 0
sermon-uploader/handlers/admin.go:336.2,350.4 1 0
sermon-uploader/handlers/admin.go:354.52,356.19 2 0
sermon-uploader/handlers/admin.go:356.19,360.3 1 0
sermon-uploader/handlers/admin.go:362.2,363.47 2 0
sermon-uploader/handlers/admin.go:363.47,367.3 1 0
sermon-uploader/handlers/admin.go:370.2,375.4 1 0
sermon-uploader/handlers/admin.go:379.52,381.19 2 0
sermon-uploader/handlers/admin.go:381.19,385.3 1 0
sermon-uploader/handlers/admin.go:388.2,392.4 1 0
sermon-uploader/handlers/admin.go:396.50,399.16 2 0
sermon-uploader/handlers/admin.go:399.16,403.3 1 0
sermon-uploader/handlers/admin.go:405.2,406.29 2 0
sermon-uploader/handlers/admin.go:406.29,411.120 3 0
sermon-uploader/handlers/admin.go:411.120,413.4 1 0
sermon-uploader/handlers/admin.go:413.9,413.88 1 0
sermon-uploader/handlers/admin.go:413.88,415.4 1 0
sermon-uploader/handlers/admin.go:415.9,415.127 1 0
sermon-uploader/handlers/admin.go:415.127,417.4 1 0
sermon-uploader/handlers/admin.go:417.9,417.128 1 0
sermon-uploader/handlers/admin.go:417.128,419.4 1 0
sermon-uploader/handlers/admin.go:419.9,421.4 1 0
sermon-uploader/handlers/admin.go:423.3,433.41 2 0
sermon-uploader/handlers/admin.go:436.2,439.4 1 0
sermon-uploader/handlers/admin.go:443.52,446.16 2 0
sermon-uploader/handlers/admin.go:446.16,450.3 1 0
sermon-uploader/handlers/admin.go:453.2,454.16 2 0
sermon-uploader/handlers/admin.go:454.16,458.3 1 0
sermon-uploader/handlers/admin.go:459.2,463.46 3 0
sermon-uploader/handlers/admin.go:463.46,467.3 1 0
sermon-uploader/handlers/admin.go:470.2,471.16 2 0
sermon-uploader/handlers/admin.go:471.16,475.3 1 0
sermon-uploader/handlers/admin.go:477.2,486.4 1 0
sermon-uploader/handlers/admin.go:490.52,492.19 2 0
sermon-uploader/handlers/admin.go:492.19,496.3 1 0
sermon-uploader/handlers/admin.go:499.2,500.16 2 0
sermon-uploader/handlers/admin.go:500.16,504.3 1 0
sermon-uploader/handlers/admin.go:506.2,507.29 2 0
sermon-uploader/handlers/admin.go:507.29,508.63 1 0
sermon-uploader/handlers/admin.go:508.63,510.9 2 0
sermon-uploader/handlers/admin.go:514.2,514.20 1 0
sermon-uploader/handlers/admin.go:514.20,518.3 1 0
sermon-uploader/handlers/admin.go:521.2,521.60 1 0
sermon-uploader/handlers/admin.go:521.60,525.3 1 0
sermon-uploader/handlers/admin.go:527.2,532.4 1 0
sermon-uploader/handlers/admin.go:536.58,539.16 2 0
sermon-uploader/handlers/admin.go:539.16,543.3 1 0
sermon-uploader/handlers/admin.go:546.2,550.29 4 0
sermon-uploader/handlers/admin.go:550.29,556.120 4 0
sermon-uploader/handlers/admin.go:556.120,558.4 1 0
sermon-uploader/handlers/admin.go:558.9,558.88 1 0
sermon-uploader/handlers/admin.go:558.88,560.4 1 0
sermon-uploader/handlers/admin.go:560.9,560.88 1 0
sermon-uploader/handlers/admin.go:560.88,562.4 1 0
sermon-uploader/handlers/admin.go:562.9,562.88 1 0
sermon-uploader/handlers/admin.go:562.88,564.4 1 0
sermon-uploader/handlers/admin.go:567.3,567.12 1 0
sermon-uploader/handlers/admin.go:567.12,573.4 1 0
sermon-uploader/handlers/admin.go:577.2,602.4 2 0
sermon-uploader/handlers/admin.go:606.55,614.16 3 0
sermon-uploader/handlers/admin.go:614.16,618.3 1 0
sermon-uploader/handlers/admin.go:621.2,624.29 3 0
sermon-uploader/handlers/admin.go:624.29,626.62 2 0
sermon-uploader/handlers/admin.go:626.62,629.44 3 0
sermon-uploader/handlers/admin.go:629.44,631.5 1 0
sermon-uploader/handlers/admin.go:635.2,641.4 1 0
sermon-uploader/handlers/admin.go:645.54,674.2 1 0
sermon-uploader/handlers/admin.go:677.67,678.21 1 0
sermon-uploader/handlers/admin.go:678.21,680.3 1 0
sermon-uploader/handlers/admin.go:682.2,683.29 2 0
sermon-uploader/handlers/admin.go:683.29,684.43 1 0
sermon-uploader/handlers/admin.go:684.43,686.4 1 0
sermon-uploader/handlers/admin.go:689.2,689.65 1 0
sermon-uploader/handlers/check_files.go:20.57,22.45 2 0
sermon-uploader/handlers/check_files.go:22.45,26.3 1 0
sermon-uploader/handlers/check_files.go:29.2,36.31 4 0
sermon-uploader/handlers/check_files.go:36.31,37.24 1 0
sermon-uploader/handlers/check_files.go:37.24,38.12 1 0
sermon-uploader/handlers/check_files.go:41.3,42.40 2 0
sermon-uploader/handlers/check_files.go:46.2,49.29 3 0
sermon-uploader/handlers/check_files.go:49.29,58.62 3 0
sermon-uploader/handlers/check_files.go:58.62,60.33 1 0
sermon-uploader/handlers/check_files.go:60.33,67.5 4 0
sermon-uploader/handlers/check_files.go:71.2,79.4 2 0
sermon-uploader/handlers/check_files.go:83.46,85.54 1 0
sermon-uploader/handlers/check_files.go:85.54,87.16 2 0
sermon-uploader/handlers/check_files.go:87.16,91.32 3 0
sermon-uploader/handlers/check_files.go:91.32,92.27 1 0
sermon-uploader/handlers/check_files.go:92.27,94.11 2 0
sermon-uploader/handlers/check_files.go:97.4,97.40 1 0
sermon-uploader/handlers/check_files.go:97.40,100.5 1 0
sermon-uploader/handlers/check_files.go:103.2,103.17 1 0
sermon-uploader/handlers/check_hash.go:11.50,15.16 3 0
sermon-uploader/handlers/check_hash.go:15.16,19.3 1 0
sermon-uploader/handlers/check_hash.go:22.2,22.28 1 0
sermon-uploader/handlers/check_hash.go:22.28,27.3 1 0
sermon-uploader/handlers/check_hash.go:30.2,33.15 2 0
sermon-uploader/handlers/check_hash.go:33.15,38.3 1 0
sermon-uploader/handlers/check_hash.go:40.2,44.4 1 0
sermon-uploader/handlers/check_hash.go:48.53,51.2 2 0
sermon-uploader/handlers/duplicate_check.go:8.55,14.43 3 0
sermon-uploader/handlers/duplicate_check.go:14.43,19.3 1 0
sermon-uploader/handlers/duplicate_check.go:22.2,23.16 2 0
sermon-uploader/handlers/duplicate_check.go:23.16,28.3 1 0
sermon-uploader/handlers/duplicate_check.go:30.2,33.28 1 0
sermon-uploader/handlers/duplicate_check.go:33.28,34.19 1 0
sermon-uploader/handlers/duplicate_check.go:34.19,36.5 1 0
sermon-uploader/handlers/duplicate_check.go:37.4,37.27 1 0
sermon-uploader/handlers/github_webhook.go:11.54,14.21 2 0
sermon-uploader/handlers/github_webhook.go:14.21,19.3 1 0
sermon-uploader/handlers/github_webhook.go:22.2,26.21 3 0
sermon-uploader/handlers/github_webhook.go:26.21,28.3 1 0
sermon-uploader/handlers/github_webhook.go:31.2,34.53 2 0
sermon-uploader/handlers/github_webhook.go:34.53,40.3 2 0
sermon-uploader/handlers/github_webhook.go:43.2,46.19 2 0
sermon-uploader/handlers/github_webhook.go:47.22,48.63 1 0
sermon-uploader/handlers/github_webhook.go:48.63,55.4 2 0
sermon-uploader/handlers/github_webhook.go:56.22,58.70 1 0
sermon-uploader/handlers/github_webhook.go:59.14,65.5 2 0
sermon-uploader/handlers/github_webhook.go:66.10,72.5 2 0
sermon-uploader/handlers/github_webhook.go:75.2,79.4 1 0
sermon-uploader/handlers/github_webhook.go:83.77,89.33 3 0
sermon-uploader/handlers/github_webhook.go:89.33,91.3 1 0
sermon-uploader/handlers/github_webhook.go:91.8,94.3 1 0
sermon-uploader/handlers/github_webhook.go:96.2,96.76 1 0
sermon-uploader/handlers/github_webhook.go:100.52,105.18 2 0
sermon-uploader/handlers/github_webhook.go:105.18,109.3 2 0
sermon-uploader/handlers/github_webhook.go:110.2,110.15 1 0
sermon-uploader/handlers/github_webhook.go:114.58,146.77 3 0
sermon-uploader/handlers/github_webhook.go:146.77,152.3 1 0
sermon-uploader/handlers/github_webhook.go:154.2,158.4 1 0
sermon-uploader/handlers/handlers.go:42.293,47.75 2 3
sermon-uploader/handlers/handlers.go:47.75,52.3 1 0
sermon-uploader/handlers/handlers.go:54.2,54.72 1 3
sermon-uploader/handlers/handlers.go:54.72,63.3 4 0
sermon-uploader/handlers/handlers.go:66.2,81.3 3 3
sermon-uploader/handlers/handlers.go:84.52,93.2 1 2
sermon-uploader/handlers/handlers.go:96.56,108.2 2 0
sermon-uploader/handlers/handlers.go:111.82,116.22 3 0
sermon-uploader/handlers/handlers.go:116.22,118.3 1 0
sermon-uploader/handlers/handlers.go:118.8,118.29 1 0
sermon-uploader/handlers/handlers.go:118.29,120.3 1 0
sermon-uploader/handlers/handlers.go:120.8,120.29 1 0
sermon-uploader/handlers/handlers.go:120.29,122.3 1 0
sermon-uploader/handlers/handlers.go:124.2,124.37 1 0
sermon-uploader/handlers/handlers.go:124.37,126.3 1 0
sermon-uploader/handlers/handlers.go:129.2,130.53 2 0
sermon-uploader/handlers/handlers.go:130.53,132.3 1 0
sermon-uploader/handlers/handlers.go:134.2,134.31 1 0
sermon-uploader/handlers/handlers.go:134.31,136.3 1 0
sermon-uploader/handlers/handlers.go:138.2,138.24 1 0
sermon-uploader/handlers/handlers.go:141.50,149.20 4 0
sermon-uploader/handlers/handlers.go:149.20,150.61 1 0
sermon-uploader/handlers/handlers.go:150.61,152.63 2 0
sermon-uploader/handlers/handlers.go:152.63,154.5 1 0
sermon-uploader/handlers/handlers.go:158.2,164.4 1 0
sermon-uploader/handlers/handlers.go:167.52,180.16 2 0
sermon-uploader/handlers/handlers.go:180.16,187.3 2 0
sermon-uploader/handlers/handlers.go:189.2,192.4 1 0
sermon-uploader/handlers/handlers.go:202.63,204.43 2 0
sermon-uploader/handlers/handlers.go:204.43,210.3 1 0
sermon-uploader/handlers/handlers.go:213.2,213.22 1 0
sermon-uploader/handlers/handlers.go:213.22,218.3 1 0
sermon-uploader/handlers/handlers.go:221.2,228.16 2 0
sermon-uploader/handlers/handlers.go:228.16,235.3 2 0
sermon-uploader/handlers/handlers.go:237.2,242.4 1 0
sermon-uploader/handlers/handlers.go:245.50,247.56 1 0
sermon-uploader/handlers/handlers.go:247.56,255.3 1 0
sermon-uploader/handlers/handlers.go:258.2,258.60 1 0
sermon-uploader/handlers/handlers.go:258.60,266.3 1 0
sermon-uploader/handlers/handlers.go:269.2,270.16 2 0
sermon-uploader/handlers/handlers.go:270.16,276.3 1 0
sermon-uploader/handlers/handlers.go:279.2,280.16 2 0
sermon-uploader/handlers/handlers.go:280.16,286.3 1 0
sermon-uploader/handlers/handlers.go:288.2,296.4 1 0
sermon-uploader/handlers/handlers.go:299.52,302.16 2 0
sermon-uploader/handlers/handlers.go:302.16,308.3 1 0
sermon-uploader/handlers/handlers.go:310.2,311.21 2 0
sermon-uploader/handlers/handlers.go:311.21,316.3 1 0
sermon-uploader/handlers/handlers.go:319.2,320.29 2 0
sermon-uploader/handlers/handlers.go:320.29,321.64 1 0
sermon-uploader/handlers/handlers.go:321.64,323.4 1 0
sermon-uploader/handlers/handlers.go:326.2,326.24 1 0
sermon-uploader/handlers/handlers.go:326.24,331.3 1 0
sermon-uploader/handlers/handlers.go:334.2,335.32 2 0
sermon-uploader/handlers/handlers.go:335.32,337.3 1 0
sermon-uploader/handlers/handlers.go:340.2,340.23 1 0
sermon-uploader/handlers/handlers.go:340.23,342.18 2 0
sermon-uploader/handlers/handlers.go:342.18,355.4 2 0
sermon-uploader/handlers/handlers.go:357.3,357.39 1 0
sermon-uploader/handlers/handlers.go:357.39,361.4 1 0
sermon-uploader/handlers/handlers.go:365.2,366.16 2 0
sermon-uploader/handlers/handlers.go:366.16,368.32 1 0
sermon-uploader/handlers/handlers.go:368.32,370.34 2 0
sermon-uploader/handlers/handlers.go:370.34,372.5 1 0
sermon-uploader/handlers/handlers.go:375.4,376.35 2 0
sermon-uploader/handlers/handlers.go:381.3,386.5 2 0
sermon-uploader/handlers/handlers.go:389.2,397.4 1 0
sermon-uploader/handlers/handlers.go:400.50,402.16 2 0
sermon-uploader/handlers/handlers.go:402.16,408.3 1 0
sermon-uploader/handlers/handlers.go:410.2,414.4 1 0
sermon-uploader/handlers/handlers.go:417.52,419.20 2 0
sermon-uploader/handlers/handlers.go:419.20,424.3 1 0
sermon-uploader/handlers/handlers.go:428.2,430.4 1 0
sermon-uploader/handlers/handlers.go:434.52,440.45 2 0
sermon-uploader/handlers/handlers.go:440.45,446.3 1 0
sermon-uploader/handlers/handlers.go:449.2,453.16 3 0
sermon-uploader/handlers/handlers.go:453.16,459.3 1 0
sermon-uploader/handlers/handlers.go:462.2,466.53 3 0
sermon-uploader/handlers/handlers.go:466.53,468.3 1 0
sermon-uploader/handlers/handlers.go:471.2,471.29 1 0
sermon-uploader/handlers/handlers.go:471.29,483.3 1 0
sermon-uploader/handlers/handlers.go:485.2,492.28 2 0
sermon-uploader/handlers/handlers.go:492.28,494.3 1 0
sermon-uploader/handlers/handlers.go:496.2,496.25 1 0
sermon-uploader/handlers/handlers.go:500.53,509.20 6 0
sermon-uploader/handlers/handlers.go:509.20,510.61 1 0
sermon-uploader/handlers/handlers.go:510.61,512.63 2 0
sermon-uploader/handlers/handlers.go:512.63,514.5 1 0
sermon-uploader/handlers/handlers.go:519.2,523.18 4 0
sermon-uploader/handlers/handlers.go:523.18,525.17 2 0
sermon-uploader/handlers/handlers.go:525.17,527.38 1 0
sermon-uploader/handlers/handlers.go:527.38,528.49 1 0
sermon-uploader/handlers/handlers.go:528.49,530.6 1 0
sermon-uploader/handlers/handlers.go:531.5,531.15 1 0
sermon-uploader/handlers/handlers.go:531.15,532.63 1 0
sermon-uploader/handlers/handlers.go:532.63,534.7 1 0
sermon-uploader/handlers/handlers.go:538.5,538.18 1 0
sermon-uploader/handlers/handlers.go:538.18,540.6 1 0
sermon-uploader/handlers/handlers.go:546.2,568.26 2 0
sermon-uploader/handlers/handlers.go:572.53,579.76 4 0
sermon-uploader/handlers/handlers.go:579.76,584.3 1 0
sermon-uploader/handlers/handlers.go:586.2,590.16 3 0
sermon-uploader/handlers/handlers.go:590.16,596.3 1 0
sermon-uploader/handlers/handlers.go:599.2,600.16 2 0
sermon-uploader/handlers/handlers.go:600.16,606.3 1 0
sermon-uploader/handlers/handlers.go:608.2,611.68 2 0
sermon-uploader/handlers/handlers.go:611.68,614.61 2 0
sermon-uploader/handlers/handlers.go:614.61,620.4 1 0
sermon-uploader/handlers/handlers.go:624.2,627.33 3 0
sermon-uploader/handlers/handlers.go:627.33,629.10 2 0
sermon-uploader/handlers/handlers.go:629.10,630.12 1 0
sermon-uploader/handlers/handlers.go:634.3,635.17 2 0
sermon-uploader/handlers/handlers.go:635.17,637.12 2 0
sermon-uploader/handlers/handlers.go:641.3,642.17 2 0
sermon-uploader/handlers/handlers.go:642.17,644.12 2 0
sermon-uploader/handlers/handlers.go:647.3,648.77 2 0
sermon-uploader/handlers/handlers.go:651.2,660.21 3 0
sermon-uploader/handlers/handlers.go:660.21,663.3 2 0
sermon-uploader/handlers/handlers.go:665.2,665.25 1 0
sermon-uploader/handlers/handlers.go:669.61,672.2 1 0
sermon-uploader/handlers/handlers.go:675.60,681.2 5 0
sermon-uploader/handlers/handlers.go:684.56,686.28 2 0
sermon-uploader/handlers/handlers.go:686.28,688.3 1 0
sermon-uploader/handlers/handlers.go:690.2,691.68 2 0
sermon-uploader/handlers/handlers.go:691.68,693.3 1 0
sermon-uploader/handlers/handlers.go:695.2,696.73 2 0
sermon-uploader/handlers/handlers.go:696.73,698.48 1 0
sermon-uploader/handlers/handlers.go:698.48,700.31 2 0
sermon-uploader/handlers/handlers.go:700.31,701.44 1 0
sermon-uploader/handlers/handlers.go:701.44,703.11 2 0
sermon-uploader/handlers/handlers.go:709.2,711.16 3 0
sermon-uploader/handlers/handlers.go:711.16,713.3 1 0
sermon-uploader/handlers/handlers.go:715.2,717.37 3 0
sermon-uploader/handlers/handlers.go:721.57,723.20 2 0
sermon-uploader/handlers/handlers.go:723.20,725.3 1 0
sermon-uploader/handlers/handlers.go:727.2,729.16 3 0
sermon-uploader/handlers/handlers.go:729.16,731.3 1 0
sermon-uploader/handlers/handlers.go:733.2,736.26 4 0
sermon-uploader/handlers/handlers.go:740.55,742.20 2 0
sermon-uploader/handlers/handlers.go:742.20,744.3 1 0
sermon-uploader/handlers/handlers.go:746.2,747.21 2 0
sermon-uploader/handlers/handlers.go:747.21,749.3 1 0
sermon-uploader/handlers/handlers.go:751.2,752.64 2 0
sermon-uploader/handlers/handlers.go:752.64,754.3 1 0
sermon-uploader/handlers/handlers.go:756.2,758.16 3 0
sermon-uploader/handlers/handlers.go:758.16,760.3 1 0
sermon-uploader/handlers/handlers.go:762.2,764.26 3 0
sermon-uploader/handlers/handlers.go:768.58,770.20 2 0
sermon-uploader/handlers/handlers.go:770.20,772.3 1 0
sermon-uploader/handlers/handlers.go:774.2,778.16 3 0
sermon-uploader/handlers/handlers.go:778.16,780.3 1 0
sermon-uploader/handlers/handlers.go:783.2,783.30 1 0
sermon-uploader/handlers/handlers.go:783.30,789.3 1 0
sermon-uploader/handlers/handlers.go:792.2,793.16 2 0
sermon-uploader/handlers/handlers.go:793.16,795.3 1 0
sermon-uploader/handlers/handlers.go:796.2,800.16 3 0
sermon-uploader/handlers/handlers.go:800.16,802.3 1 0
sermon-uploader/handlers/handlers.go:805.2,806.16 2 0
sermon-uploader/handlers/handlers.go:806.16,808.3 1 0
sermon-uploader/handlers/handlers.go:809.2,813.16 3 0
sermon-uploader/handlers/handlers.go:813.16,815.32 1 0
sermon-uploader/handlers/handlers.go:815.32,820.4 2 0
sermon-uploader/handlers/handlers.go:822.3,822.61 1 0
sermon-uploader/handlers/handlers.go:826.2,828.23 2 0
sermon-uploader/handlers/handlers.go:832.56,834.20 2 0
sermon-uploader/handlers/handlers.go:834.20,836.3 1 0
sermon-uploader/handlers/handlers.go:838.2,840.16 3 0
sermon-uploader/handlers/handlers.go:840.16,842.3 1 0
sermon-uploader/handlers/handlers.go:844.2,845.26 2 0
sermon-uploader/handlers/handlers.go:849.58,852.29 2 0
sermon-uploader/handlers/handlers.go:852.29,856.3 1 0
sermon-uploader/handlers/handlers.go:858.2,859.22 2 0
sermon-uploader/handlers/handlers.go:863.60,871.2 1 0
sermon-uploader/handlers/handlers.go:874.60,876.20 2 0
sermon-uploader/handlers/handlers.go:876.20,878.3 1 0
sermon-uploader/handlers/handlers.go:880.2,881.24 2 0
sermon-uploader/handlers/handlers.go:881.24,883.3 1 0
sermon-uploader/handlers/handlers.go:886.2,887.16 2 0
sermon-uploader/handlers/handlers.go:887.16,889.3 1 0
sermon-uploader/handlers/handlers.go:892.2,902.4 5 0
sermon-uploader/handlers/handlers.go:906.62,909.23 2 0
sermon-uploader/handlers/handlers.go:909.23,914.3 1 0
sermon-uploader/handlers/handlers.go:917.2,922.4 2 0
sermon-uploader/handlers/public.go:11.58,20.16 6 0
sermon-uploader/handlers/public.go:20.16,24.3 1 0
sermon-uploader/handlers/public.go:27.2,28.29 2 0
sermon-uploader/handlers/public.go:28.29,32.72 2 0
sermon-uploader/handlers/public.go:32.72,33.12 1 0
sermon-uploader/handlers/public.go:37.3,37.50 1 0
sermon-uploader/handlers/public.go:37.50,38.12 1 0
sermon-uploader/handlers/public.go:42.3,42.20 1 0
sermon-uploader/handlers/public.go:42.21,44.4 0 0
sermon-uploader/handlers/public.go:46.3,58.68 2 0
sermon-uploader/handlers/public.go:58.68,59.55 1 0
sermon-uploader/handlers/public.go:59.55,61.5 1 0
sermon-uploader/handlers/public.go:62.4,62.51 1 0
sermon-uploader/handlers/public.go:62.51,64.5 1 0
sermon-uploader/handlers/public.go:67.3,67.48 1 0
sermon-uploader/handlers/public.go:71.2,73.30 3 0
sermon-uploader/handlers/public.go:73.30,75.3 1 0
sermon-uploader/handlers/public.go:76.2,76.32 1 0
sermon-uploader/handlers/public.go:76.32,78.3 1 0
sermon-uploader/handlers/public.go:80.2,90.4 2 0
sermon-uploader/handlers/public.go:94.50,96.20 2 0
sermon-uploader/handlers/public.go:96.20,100.3 1 0
sermon-uploader/handlers/public.go:103.2,104.16 2 0
sermon-uploader/handlers/public.go:104.16,108.3 1 0
sermon-uploader/handlers/public.go:110.2,110.29 1 0
sermon-uploader/handlers/public.go:110.29,111.64 1 0
sermon-uploader/handlers/public.go:111.64,126.69 3 0
sermon-uploader/handlers/public.go:126.69,128.5 1 0
sermon-uploader/handlers/public.go:130.4,130.25 1 0
sermon-uploader/handlers/public.go:134.2,136.4 1 0
sermon-uploader/handlers/public.go:140.57,145.16 3 0
sermon-uploader/handlers/public.go:145.16,149.3 1 0
sermon-uploader/handlers/public.go:151.2,154.29 3 0
sermon-uploader/handlers/public.go:154.29,155.21 1 0
sermon-uploader/handlers/public.go:155.21,156.9 1 0
sermon-uploader/handlers/public.go:159.3,162.72 2 0
sermon-uploader/handlers/public.go:162.72,163.12 1 0
sermon-uploader/handlers/public.go:166.3,177.10 3 0
sermon-uploader/handlers/public.go:180.2,183.4 1 0
sermon-uploader/handlers/public.go:187.56,215.2 2 0
sermon-uploader/handlers/public.go:218.57,242.2 2 0
sermon-uploader/handlers/public.go:246.62,248.26 1 0
sermon-uploader/handlers/public.go:248.26,250.3 1 0
sermon-uploader/handlers/public.go:251.2,251.89 1 0
sermon-uploader/handlers/public.go:254.64,258.2 2 0
sermon-uploader/handlers/public.go:260.44,273.29 10 0
sermon-uploader/handlers/public.go:273.29,274.20 1 0
sermon-uploader/handlers/public.go:274.20,276.4 1 0
sermon-uploader/handlers/public.go:279.2,279.33 1 0
sermon-uploader/handlers/public.go:282.38,284.2 1 0
sermon-uploader/handlers/streaming_proxy.go:13.61,16.20 2 0
sermon-uploader/handlers/streaming_proxy.go:16.20,21.3 1 0
sermon-uploader/handlers/streaming_proxy.go:24.2,25.24 2 0
sermon-uploader/handlers/streaming_proxy.go:25.24,30.3 1 0
sermon-uploader/handlers/streaming_proxy.go:33.2,34.16 2 0
sermon-uploader/handlers/streaming_proxy.go:34.16,39.3 1 0
sermon-uploader/handlers/streaming_proxy.go:41.2,41.12 1 0
sermon-uploader/handlers/streaming_proxy.go:41.12,48.3 1 0
sermon-uploader/handlers/streaming_proxy.go:51.2,67.16 5 0
sermon-uploader/handlers/streaming_proxy.go:67.16,73.3 2 0
sermon-uploader/handlers/streaming_proxy.go:75.2,78.12 2 0
sermon-uploader/handlers/streaming_proxy.go:78.12,81.3 2 0
sermon-uploader/handlers/streaming_proxy.go:83.2,90.4 1 0
sermon-uploader/handlers/streaming_proxy.go:94.62,100.43 2 0
sermon-uploader/handlers/streaming_proxy.go:100.43,105.3 1 0
sermon-uploader/handlers/streaming_proxy.go:108.2,109.16 2 0
sermon-uploader/handlers/streaming_proxy.go:109.16,114.3 1 0
sermon-uploader/handlers/streaming_proxy.go:116.2,116.12 1 0
sermon-uploader/handlers/streaming_proxy.go:116.12,123.3 1 0
sermon-uploader/handlers/streaming_proxy.go:126.2,127.28 2 0
sermon-uploader/handlers/streaming_proxy.go:127.28,129.3 1 0
sermon-uploader/handlers/streaming_proxy.go:132.2,151.25 5 0
sermon-uploader/handlers/streaming_proxy.go:155.67,163.43 2 0
sermon-uploader/handlers/streaming_proxy.go:163.43,168.3 1 0
sermon-uploader/handlers/streaming_proxy.go:170.2,177.28 6 0
sermon-uploader/handlers/streaming_proxy.go:177.28,179.3 1 0
sermon-uploader/handlers/streaming_proxy.go:180.2,182.33 2 0
sermon-uploader/handlers/streaming_proxy.go:182.33,185.17 2 0
sermon-uploader/handlers/streaming_proxy.go:185.17,191.12 3 0
sermon-uploader/handlers/streaming_proxy.go:194.3,194.13 1 0
sermon-uploader/handlers/streaming_proxy.go:194.13,200.12 3 0
sermon-uploader/handlers/streaming_proxy.go:204.3,213.17 3 0
sermon-uploader/handlers/streaming_proxy.go:216.2,225.4 1 0
sermon-uploader/handlers/upload.go:14.47,25.16 4 0
sermon-uploader/handlers/upload.go:25.16,30.3 2 0
sermon-uploader/handlers/upload.go:32.2,39.71 2 0
sermon-uploader/handlers/upload.go:39.71,47.3 2 0
sermon-uploader/handlers/upload.go:50.2,51.16 2 0
sermon-uploader/handlers/upload.go:51.16,56.3 2 0
sermon-uploader/handlers/upload.go:57.2,61.16 3 0
sermon-uploader/handlers/upload.go:61.16,66.3 2 0
sermon-uploader/handlers/upload.go:69.2,69.74 1 0
sermon-uploader/handlers/upload.go:69.74,78.3 2 0
sermon-uploader/handlers/upload.go:81.2,105.16 7 0
sermon-uploader/handlers/upload.go:105.16,114.3 2 0
sermon-uploader/handlers/upload.go:116.2,134.4 3 0
sermon-uploader/handlers/upload.go:138.52,149.16 4 0
sermon-uploader/handlers/upload.go:149.16,154.3 2 0
sermon-uploader/handlers/upload.go:157.2,158.21 2 0
sermon-uploader/handlers/upload.go:158.21,163.3 2 0
sermon-uploader/handlers/upload.go:165.2,172.29 5 0
sermon-uploader/handlers/upload.go:172.29,181.72 3 0
sermon-uploader/handlers/upload.go:181.72,189.12 4 0
sermon-uploader/handlers/upload.go:193.3,194.17 2 0
sermon-uploader/handlers/upload.go:194.17,202.12 4 0
sermon-uploader/handlers/upload.go:204.3,208.17 3 0
sermon-uploader/handlers/upload.go:208.17,216.12 4 0
sermon-uploader/handlers/upload.go:220.3,220.75 1 0
sermon-uploader/handlers/upload.go:220.75,231.12 4 0
sermon-uploader/handlers/upload.go:235.3,253.17 6 0
sermon-uploader/handlers/upload.go:253.17,261.12 4 0
sermon-uploader/handlers/upload.go:264.3,281.17 4 0
sermon-uploader/handlers/upload.go:284.2,298.4 2 0
sermon-uploader/handlers/upload.go:302.58,305.19 2 0
sermon-uploader/handlers/upload.go:305.19,307.3 1 0
sermon-uploader/handlers/upload.go:310.2,310.68 1 0
sermon-uploader/handlers/upload.go:310.68,313.102 2 0
sermon-uploader/handlers/upload.go:313.102,315.4 1 0
sermon-uploader/handlers/upload.go:319.2,319.13 1 0
sermon-uploader/handlers/upload_optimized.go:20.56,31.16 5 0
sermon-uploader/handlers/upload_optimized.go:31.16,35.3 1 0
sermon-uploader/handlers/upload_optimized.go:38.2,38.71 1 0
sermon-uploader/handlers/upload_optimized.go:38.71,42.3 1 0
sermon-uploader/handlers/upload_optimized.go:45.2,46.16 2 0
sermon-uploader/handlers/upload_optimized.go:46.16,50.3 1 0
sermon-uploader/handlers/upload_optimized.go:51.2,70.12 6 0
sermon-uploader/handlers/upload_optimized.go:70.12,79.17 6 0
sermon-uploader/handlers/upload_optimized.go:79.17,82.4 2 0
sermon-uploader/handlers/upload_optimized.go:84.3,84.49 1 0
sermon-uploader/handlers/upload_optimized.go:88.2,88.12 1 0
sermon-uploader/handlers/upload_optimized.go:88.12,105.17 6 0
sermon-uploader/handlers/upload_optimized.go:105.17,108.4 2 0
sermon-uploader/handlers/upload_optimized.go:112.2,113.12 2 0
sermon-uploader/handlers/upload_optimized.go:113.12,116.3 2 0
sermon-uploader/handlers/upload_optimized.go:119.2,119.9 1 0
sermon-uploader/handlers/upload_optimized.go:120.14,120.14 0 0
sermon-uploader/handlers/upload_optimized.go:122.20,125.5 1 0
sermon-uploader/handlers/upload_optimized.go:129.2,129.20 1 0
sermon-uploader/handlers/upload_optimized.go:129.20,134.3 2 0
sermon-uploader/handlers/upload_optimized.go:136.2,136.22 1 0
sermon-uploader/handlers/upload_optimized.go:136.22,141.3 2 0
sermon-uploader/handlers/upload_optimized.go:144.2,144.74 1 0
sermon-uploader/handlers/upload_optimized.go:144.74,155.3 2 0
sermon-uploader/handlers/upload_optimized.go:158.2,171.4 3 0
sermon-uploader/handlers/upload_optimized.go:175.61,177.16 2 0
sermon-uploader/handlers/upload_optimized.go:177.16,181.3 1 0
sermon-uploader/handlers/upload_optimized.go:183.2,184.21 2 0
sermon-uploader/handlers/upload_optimized.go:184.21,188.3 1 0
sermon-uploader/handlers/upload_optimized.go:191.2,204.29 5 0
sermon-uploader/handlers/upload_optimized.go:204.29,206.36 2 0
sermon-uploader/handlers/upload_optimized.go:206.36,211.17 3 0
sermon-uploader/handlers/upload_optimized.go:211.17,211.32 1 0
sermon-uploader/handlers/upload_optimized.go:214.4,215.18 2 0
sermon-uploader/handlers/upload_optimized.go:215.18,222.5 2 0
sermon-uploader/handlers/upload_optimized.go:223.4,230.18 5 0
sermon-uploader/handlers/upload_optimized.go:230.18,237.5 2 0
sermon-uploader/handlers/upload_optimized.go:239.4,242.61 2 0
sermon-uploader/handlers/upload_optimized.go:242.61,250.5 2 0
sermon-uploader/handlers/upload_optimized.go:253.4,262.5 2 0
sermon-uploader/handlers/upload_optimized.go:268.2,268.12 1 0
sermon-uploader/handlers/upload_optimized.go:268.12,271.3 2 0
sermon-uploader/handlers/upload_optimized.go:274.2,275.28 2 0
sermon-uploader/handlers/upload_optimized.go:275.28,277.3 1 0
sermon-uploader/handlers/upload_optimized.go:279.2,282.4 1 0
sermon-uploader/handlers/version.go:26.51,47.21 2 1
sermon-uploader/handlers/version.go:47.21,53.3 1 1
sermon-uploader/handlers/version.go:55.2,55.28 1 1
sermon-uploader/handlers/version.go:59.60,72.2 2 0
sermon-uploader/handlers/zero_memory_proxy.go:18.65,21.15 2 0
sermon-uploader/handlers/zero_memory_proxy.go:21.15,21.36 1 0
sermon-uploader/handlers/zero_memory_proxy.go:23.2,24.20 2 0
sermon-uploader/handlers/zero_memory_proxy.go:24.20,29.3 1 0
sermon-uploader/handlers/zero_memory_proxy.go:31.2,32.24 2 0
sermon-uploader/handlers/zero_memory_proxy.go:32.24,37.3 1 0
sermon-uploader/handlers/zero_memory_proxy.go:40.2,41.16 2 0
sermon-uploader/handlers/zero_memory_proxy.go:41.16,46.3 1 0
sermon-uploader/handlers/zero_memory_proxy.go:48.2,48.12 1 0
sermon-uploader/handlers/zero_memory_proxy.go:48.12,55.3 1 0
sermon-uploader/handlers/zero_memory_proxy.go:57.2,73.12 9 0
sermon-uploader/handlers/zero_memory_proxy.go:73.12,79.17 5 0
sermon-uploader/handlers/zero_memory_proxy.go:79.17,82.4 2 0
sermon-uploader/handlers/zero_memory_proxy.go:86.2,87.12 2 0
sermon-uploader/handlers/zero_memory_proxy.go:87.12,100.17 5 0
sermon-uploader/handlers/zero_memory_proxy.go:100.17,102.4 1 0
sermon-uploader/handlers/zero_memory_proxy.go:102.9,104.4 1 0
sermon-uploader/handlers/zero_memory_proxy.go:108.2,111.9 2 0
sermon-uploader/handlers/zero_memory_proxy.go:112.28,113.18 1 0
sermon-uploader/handlers/zero_memory_proxy.go:114.30,115.18 1 0
sermon-uploader/handlers/zero_memory_proxy.go:116.10,116.10 0 0
sermon-uploader/handlers/zero_memory_proxy.go:120.2,120.22 1 0
sermon-uploader/handlers/zero_memory_proxy.go:120.22,126.3 2 0
sermon-uploader/handlers/zero_memory_proxy.go:129.2,134.23 2 0
sermon-uploader/handlers/zero_memory_proxy.go:134.23,139.3 1 0
sermon-uploader/handlers/zero_memory_proxy.go:142.2,146.54 3 0
sermon-uploader/handlers/zero_memory_proxy.go:146.54,147.37 1 0
sermon-uploader/handlers/zero_memory_proxy.go:147.37,148.36 1 0
sermon-uploader/handlers/zero_memory_proxy.go:148.36,150.5 1 0
sermon-uploader/handlers/zero_memory_proxy.go:152.3,152.37 1 0
sermon-uploader/handlers/zero_memory_proxy.go:152.37,153.37 1 0
sermon-uploader/handlers/zero_memory_proxy.go:153.37,155.5 1 0
sermon-uploader/handlers/zero_memory_proxy.go:159.2,163.12 2 0
sermon-uploader/handlers/zero_memory_proxy.go:163.12,166.3 2 0
sermon-uploader/handlers/zero_memory_proxy.go:168.2,175.4 1 0
sermon-uploader/handlers/zero_memory_proxy.go:179.63,185.43 2 0
sermon-uploader/handlers/zero_memory_proxy.go:185.43,190.3 1 0
sermon-uploader/handlers/zero_memory_proxy.go:193.2,194.16 2 0
sermon-uploader/handlers/zero_memory_proxy.go:194.16,199.3 1 0
sermon-uploader/handlers/zero_memory_proxy.go:201.2,201.12 1 0
sermon-uploader/handlers/zero_memory_proxy.go:201.12,208.3 1 0
sermon-uploader/handlers/zero_memory_proxy.go:211.2,240.25 8 0
sermon-uploader/handlers/zero_memory_proxy.go:244.68,252.43 2 0
sermon-uploader/handlers/zero_memory_proxy.go:252.43,257.3 1 0
sermon-uploader/handlers/zero_memory_proxy.go:259.2,271.33 8 0
sermon-uploader/handlers/zero_memory_proxy.go:271.33,274.17 2 0
sermon-uploader/handlers/zero_memory_proxy.go:274.17,280.12 3 0
sermon-uploader/handlers/zero_memory_proxy.go:283.3,283.13 1 0
sermon-uploader/handlers/zero_memory_proxy.go:283.13,289.12 3 0
sermon-uploader/handlers/zero_memory_proxy.go:293.3,302.17 3 0
sermon-uploader/handlers/zero_memory_proxy.go:305.2,322.4 3 0
sermon-uploader/monitoring/monitoring.go:28.29,29.17 1 0
sermon-uploader/monitoring/monitoring.go:29.17,34.3 2 0
sermon-uploader/monitoring/monitoring.go:37.46,38.26 1 0
sermon-uploader/monitoring/monitoring.go:38.26,40.3 1 0
sermon-uploader/monitoring/monitoring.go:41.2,41.22 1 0
sermon-uploader/monitoring/monitoring.go:44.40,45.25 1 0
sermon-uploader/monitoring/monitoring.go:45.25,47.3 1 0
sermon-uploader/monitoring/monitoring.go:48.2,48.21 1 0
sermon-uploader/monitoring/monitoring.go:51.44,55.2 3 0
sermon-uploader/monitoring/monitoring.go:57.42,61.2 3 0
sermon-uploader/monitoring/monitoring.go:63.78,69.2 5 0
sermon-uploader/monitoring/monitoring.go:71.72,75.2 3 0
sermon-uploader/monitoring/monitoring.go:77.54,82.36 4 0
sermon-uploader/monitoring/monitoring.go:82.36,84.3 1 0
sermon-uploader/monitoring/monitoring.go:85.2,85.16 1 0
sermon-uploader/monitoring/monitoring.go:97.41,99.2 1 0
sermon-uploader/monitoring/monitoring.go:101.85,103.2 0 0
sermon-uploader/monitoring/monitoring.go:105.62,110.2 1 0
sermon-uploader/monitoring/monitoring.go:112.38,114.2 1 0
sermon-uploader/optimization/object_pools.go:34.36,35.22 1 0
sermon-uploader/optimization/object_pools.go:35.22,39.3 1 0
sermon-uploader/optimization/object_pools.go:40.2,40.20 1 0
sermon-uploader/optimization/object_pools.go:44.36,48.2 1 0
sermon-uploader/optimization/object_pools.go:51.61,56.13 4 0
sermon-uploader/optimization/object_pools.go:56.13,59.51 2 0
sermon-uploader/optimization/object_pools.go:59.51,63.30 1 0
sermon-uploader/optimization/object_pools.go:63.30,65.7 1 0
sermon-uploader/optimization/object_pools.go:68.4,68.31 1 0
sermon-uploader/optimization/object_pools.go:70.3,70.17 1 0
sermon-uploader/optimization/object_pools.go:73.2,74.24 2 0
sermon-uploader/optimization/object_pools.go:74.24,76.3 1 0
sermon-uploader/optimization/object_pools.go:78.2,78.28 1 0
sermon-uploader/optimization/object_pools.go:82.42,86.28 1 0
sermon-uploader/optimization/object_pools.go:86.28,88.5 1 0
sermon-uploader/optimization/object_pools.go:94.36,96.2 1 0
sermon-uploader/optimization/object_pools.go:99.42,100.28 1 0
sermon-uploader/optimization/object_pools.go:100.28,102.3 1 0
sermon-uploader/optimization/object_pools.go:106.44,112.2 1 0
sermon-uploader/optimization/object_pools.go:115.60,117.2 1 0
sermon-uploader/optimization/object_pools.go:120.41,123.2 2 0
sermon-uploader/optimization/object_pools.go:126.36,128.2 1 0
sermon-uploader/optimization/object_pools.go:135.59,138.2 2 0
sermon-uploader/optimization/object_pools.go:140.45,143.27 2 0
sermon-uploader/optimization/object_pools.go:143.27,145.3 1 0
sermon-uploader/optimization/object_pools.go:146.2,148.40 3 0
sermon-uploader/optimization/object_pools.go:148.40,150.3 1 0
sermon-uploader/optimization/object_pools.go:151.2,151.15 1 0
sermon-uploader/optimization/object_pools.go:154.32,156.2 1 0
sermon-uploader/optimization/object_pools.go:159.58,165.35 5 0
sermon-uploader/optimization/object_pools.go:165.35,167.3 1 0
sermon-uploader/optimization/object_pools.go:169.2,173.3 1 0
sermon-uploader/optimization/object_pools.go:177.55,184.2 2 0
sermon-uploader/optimization/object_pools.go:187.65,189.2 1 0
sermon-uploader/optimization/object_pools.go:205.78,210.2 1 0
sermon-uploader/optimization/object_pools.go:221.115,227.2 1 0
sermon-uploader/optimization/object_pools.go:230.56,232.11 2 0
sermon-uploader/optimization/object_pools.go:232.11,234.27 2 0
sermon-uploader/optimization/object_pools.go:234.27,236.4 1 0
sermon-uploader/optimization/object_pools.go:238.2,238.15 1 0
sermon-uploader/optimization/pi_optimized.go:28.36,35.9 4 0
sermon-uploader/optimization/pi_optimized.go:36.19,39.15 2 0
sermon-uploader/optimization/pi_optimized.go:40.19,43.15 2 0
sermon-uploader/optimization/pi_optimized.go:44.10,47.16 2 0
sermon-uploader/optimization/pi_optimized.go:51.2,59.3 3 0
sermon-uploader/optimization/pi_optimized.go:63.68,65.2 1 0
sermon-uploader/optimization/pi_optimized.go:68.43,70.2 1 0
sermon-uploader/optimization/pi_optimized.go:73.66,75.2 1 0
sermon-uploader/optimization/pi_optimized.go:78.41,80.2 1 0
sermon-uploader/optimization/pi_optimized.go:83.50,90.24 5 0
sermon-uploader/optimization/pi_optimized.go:90.24,94.3 2 0
sermon-uploader/optimization/pi_optimized.go:96.2,96.14 1 0
sermon-uploader/optimization/pi_optimized.go:100.22,103.9 2 0
sermon-uploader/optimization/pi_optimized.go:104.21,105.31 1 0
sermon-uploader/optimization/pi_optimized.go:106.21,107.24 1 0
sermon-uploader/optimization/pi_optimized.go:108.10,109.35 1 0
sermon-uploader/optimization/pi_optimized.go:113.2,117.18 3 0
sermon-uploader/optimization/pi_optimized.go:118.9,119.31 1 0
sermon-uploader/optimization/pi_optimized.go:120.9,121.31 1 0
sermon-uploader/optimization/pi_optimized.go:122.10,123.32 1 0
sermon-uploader/optimization/pi_optimized.go:125.2,125.32 1 0
sermon-uploader/optimization/pi_optimized.go:129.42,142.2 3 0
sermon-uploader/monitoring/monitoring.go:28.29,29.17 1 0
sermon-uploader/monitoring/monitoring.go:29.17,34.3 2 0
sermon-uploader/monitoring/monitoring.go:37.46,38.26 1 0
sermon-uploader/monitoring/monitoring.go:38.26,40.3 1 0
sermon-uploader/monitoring/monitoring.go:41.2,41.22 1 0
sermon-uploader/monitoring/monitoring.go:44.40,45.25 1 0
sermon-uploader/monitoring/monitoring.go:45.25,47.3 1 0
sermon-uploader/monitoring/monitoring.go:48.2,48.21 1 0
sermon-uploader/monitoring/monitoring.go:51.44,55.2 3 0
sermon-uploader/monitoring/monitoring.go:57.42,61.2 3 0
sermon-uploader/monitoring/monitoring.go:63.78,69.2 5 0
sermon-uploader/monitoring/monitoring.go:71.72,75.2 3 0
sermon-uploader/monitoring/monitoring.go:77.54,82.36 4 0
sermon-uploader/monitoring/monitoring.go:82.36,84.3 1 0
sermon-uploader/monitoring/monitoring.go:85.2,85.16 1 0
sermon-uploader/monitoring/monitoring.go:97.41,99.2 1 0
sermon-uploader/monitoring/monitoring.go:101.85,103.2 0 0
sermon-uploader/monitoring/monitoring.go:105.62,110.2 1 0
sermon-uploader/monitoring/monitoring.go:112.38,114.2 1 0
sermon-uploader/optimization/object_pools.go:34.36,35.22 1 9
sermon-uploader/optimization/object_pools.go:35.22,39.3 1 1
sermon-uploader/optimization/object_pools.go:40.2,40.20 1 9
sermon-uploader/optimization/object_pools.go:44.36,48.2 1 0
sermon-uploader/optimization/object_pools.go:51.61,56.13 4 0
sermon-uploader/optimization/object_pools.go:56.13,59.51 2 0
sermon-uploader/optimization/object_pools.go:59.51,63.30 1 0
sermon-uploader/optimization/object_pools.go:63.30,65.7 1 0
sermon-uploader/optimization/object_pools.go:68.4,68.31 1 0
sermon-uploader/optimization/object_pools.go:70.3,70.17 1 0
sermon-uploader/optimization/object_pools.go:73.2,74.24 2 0
sermon-uploader/optimization/object_pools.go:74.24,76.3 1 0
sermon-uploader/optimization/object_pools.go:78.2,78.28 1 0
sermon-uploader/optimization/object_pools.go:82.42,86.28 1 0
sermon-uploader/optimization/object_pools.go:86.28,88.5 1 0
sermon-uploader/optimization/object_pools.go:94.36,96.2 1 0
sermon-uploader/optimization/object_pools.go:99.42,100.28 1 0
sermon-uploader/optimization/object_pools.go:100.28,102.3 1 0
sermon-uploader/optimization/object_pools.go:106.44,112.2 1 0
sermon-uploader/optimization/object_pools.go:115.60,117.2 1 0
sermon-uploader/optimization/object_pools.go:120.41,123.2 2 0
sermon-uploader/optimization/object_pools.go:126.36,128.2 1 0
sermon-uploader/optimization/object_pools.go:135.59,138.2 2 0
sermon-uploader/optimization/object_pools.go:140.45,143.27 2 0
sermon-uploader/optimization/object_pools.go:143.27,145.3 1 0
sermon-uploader/optimization/object_pools.go:146.2,148.40 3 0
sermon-uploader/optimization/object_pools.go:148.40,150.3 1 0
sermon-uploader/optimization/object_pools.go:151.2,151.15 1 0
sermon-uploader/optimization/object_pools.go:154.32,156.2 1 0
sermon-uploader/optimization/object_pools.go:159.58,165.35 5 0
sermon-uploader/optimization/object_pools.go:165.35,167.3 1 0
sermon-uploader/optimization/object_pools.go:169.2,173.3 1 0
sermon-uploader/optimization/object_pools.go:177.55,184.2 2 0
sermon-uploader/optimization/object_pools.go:187.65,189.2 1 0
sermon-uploader/optimization/object_pools.go:205.78,210.2 1 9
sermon-uploader/optimization/object_pools.go:221.115,227.2 1 0
sermon-uploader/optimization/object_pools.go:230.56,232.11 2 0
sermon-uploader/optimization/object_pools.go:232.11,234.27 2 0
sermon-uploader/optimization/object_pools.go:234.27,236.4 1 0
sermon-uploader/optimization/object_pools.go:238.2,238.15 1 0
sermon-uploader/optimization/pi_optimized.go:28.36,35.9 4 0
sermon-uploader/optimization/pi_optimized.go:36.19,39.15 2 0
sermon-uploader/optimization/pi_optimized.go:40.19,43.15 2 0
sermon-uploader/optimization/pi_optimized.go:44.10,47.16 2 0
sermon-uploader/optimization/pi_optimized.go:51.2,59.3 3 0
sermon-uploader/optimization/pi_optimized.go:63.68,65.2 1 0
sermon-uploader/optimization/pi_optimized.go:68.43,70.2 1 0
sermon-uploader/optimization/pi_optimized.go:73.66,75.2 1 0
sermon-uploader/optimization/pi_optimized.go:78.41,80.2 1 0
sermon-uploader/optimization/pi_optimized.go:83.50,90.24 5 0
sermon-uploader/optimization/pi_optimized.go:90.24,94.3 2 0
sermon-uploader/optimization/pi_optimized.go:96.2,96.14 1 0
sermon-uploader/optimization/pi_optimized.go:100.22,103.9 2 0
sermon-uploader/optimization/pi_optimized.go:104.21,105.31 1 0
sermon-uploader/optimization/pi_optimized.go:106.21,107.24 1 0
sermon-uploader/optimization/pi_optimized.go:108.10,109.35 1 0
sermon-uploader/optimization/pi_optimized.go:113.2,117.18 3 0
sermon-uploader/optimization/pi_optimized.go:118.9,119.31 1 0
sermon-uploader/optimization/pi_optimized.go:120.9,121.31 1 0
sermon-uploader/optimization/pi_optimized.go:122.10,123.32 1 0
sermon-uploader/optimization/pi_optimized.go:125.2,125.32 1 0
sermon-uploader/optimization/pi_optimized.go:129.42,142.2 3 0
sermon-uploader/services/circuit_breaker.go:40.98,47.2 1 0
sermon-uploader/services/circuit_breaker.go:50.76,51.22 1 0
sermon-uploader/services/circuit_breaker.go:51.22,54.3 2 0
sermon-uploader/services/circuit_breaker.go:57.2,59.16 2 0
sermon-uploader/services/circuit_breaker.go:59.16,62.3 2 0
sermon-uploader/services/circuit_breaker.go:64.2,65.12 2 0
sermon-uploader/services/circuit_breaker.go:69.45,72.15 2 0
sermon-uploader/services/circuit_breaker.go:73.19,74.14 1 0
sermon-uploader/services/circuit_breaker.go:76.17,79.59 2 0
sermon-uploader/services/circuit_breaker.go:79.59,80.71 1 0
sermon-uploader/services/circuit_breaker.go:80.71,82.5 1 0
sermon-uploader/services/circuit_breaker.go:83.4,83.15 1 0
sermon-uploader/services/circuit_breaker.go:85.3,85.15 1 0
sermon-uploader/services/circuit_breaker.go:87.21,90.33 2 0
sermon-uploader/services/circuit_breaker.go:92.10,93.15 1 0
sermon-uploader/services/circuit_breaker.go:98.43,103.15 3 0
sermon-uploader/services/circuit_breaker.go:104.21,106.72 1 0
sermon-uploader/services/circuit_breaker.go:106.72,108.4 1 0
sermon-uploader/services/circuit_breaker.go:110.19,112.23 1 0
sermon-uploader/services/circuit_breaker.go:117.43,124.15 5 0
sermon-uploader/services/circuit_breaker.go:125.19,126.33 1 0
sermon-uploader/services/circuit_breaker.go:126.33,129.4 1 0
sermon-uploader/services/circuit_breaker.go:131.21,134.36 2 0
sermon-uploader/services/circuit_breaker.go:139.45,141.15 2 0
sermon-uploader/services/circuit_breaker.go:142.19,143.18 1 0
sermon-uploader/services/circuit_breaker.go:144.17,145.16 1 0
sermon-uploader/services/circuit_breaker.go:146.21,147.21 1 0
sermon-uploader/services/circuit_breaker.go:148.10,149.19 1 0
sermon-uploader/services/circuit_breaker.go:154.61,163.2 1 0
sermon-uploader/services/circuit_breaker.go:172.56,176.2 1 0
sermon-uploader/services/circuit_breaker.go:179.73,184.12 4 0
sermon-uploader/services/circuit_breaker.go:184.12,186.3 1 0
sermon-uploader/services/circuit_breaker.go:189.2,193.43 3 0
sermon-uploader/services/circuit_breaker.go:193.43,195.3 1 0
sermon-uploader/services/circuit_breaker.go:198.2,201.11 3 0
sermon-uploader/services/circuit_breaker.go:205.70,210.35 4 0
sermon-uploader/services/circuit_breaker.go:210.35,212.3 1 0
sermon-uploader/services/circuit_breaker.go:214.2,214.14 1 0
sermon-uploader/services/concurrent_processor.go:42.52,45.58 2 0
sermon-uploader/services/concurrent_processor.go:45.58,47.3 1 0
sermon-uploader/services/concurrent_processor.go:49.2,58.3 2 0
sermon-uploader/services/concurrent_processor.go:62.39,64.36 1 0
sermon-uploader/services/concurrent_processor.go:64.36,67.3 2 0
sermon-uploader/services/concurrent_processor.go:70.2,70.23 1 0
sermon-uploader/services/concurrent_processor.go:74.46,81.6 4 0
sermon-uploader/services/concurrent_processor.go:81.6,82.10 1 0
sermon-uploader/services/concurrent_processor.go:83.32,84.11 1 0
sermon-uploader/services/concurrent_processor.go:84.11,86.5 1 0
sermon-uploader/services/concurrent_processor.go:88.4,100.18 9 0
sermon-uploader/services/concurrent_processor.go:100.18,102.12 2 0
sermon-uploader/services/concurrent_processor.go:103.66,103.66 0 0
sermon-uploader/services/concurrent_processor.go:104.25,105.12 1 0
sermon-uploader/services/concurrent_processor.go:107.10,109.12 2 0
sermon-uploader/services/concurrent_processor.go:110.34,110.34 0 0
sermon-uploader/services/concurrent_processor.go:111.25,112.12 1 0
sermon-uploader/services/concurrent_processor.go:116.23,117.10 1 0
sermon-uploader/services/concurrent_processor.go:123.53,124.9 1 0
sermon-uploader/services/concurrent_processor.go:125.25,126.13 1 0
sermon-uploader/services/concurrent_processor.go:127.38,128.43 1 0
sermon-uploader/services/concurrent_processor.go:129.22,130.47 1 0
sermon-uploader/services/concurrent_processor.go:135.61,140.27 3 0
sermon-uploader/services/concurrent_processor.go:140.27,142.18 2 0
sermon-uploader/services/concurrent_processor.go:142.18,147.17 3 0
sermon-uploader/services/concurrent_processor.go:147.17,147.32 1 0
sermon-uploader/services/concurrent_processor.go:149.4,149.38 1 0
sermon-uploader/services/concurrent_processor.go:149.38,150.12 1 0
sermon-uploader/services/concurrent_processor.go:151.30,151.30 0 0
sermon-uploader/services/concurrent_processor.go:152.13,152.13 0 0
sermon-uploader/services/concurrent_processor.go:158.2,159.12 2 0
sermon-uploader/services/concurrent_processor.go:163.58,165.2 1 0
sermon-uploader/services/concurrent_processor.go:168.56,170.2 1 0
sermon-uploader/services/concurrent_processor.go:173.48,177.6 3 0
sermon-uploader/services/concurrent_processor.go:177.6,178.10 1 0
sermon-uploader/services/concurrent_processor.go:179.19,185.28 5 0
sermon-uploader/services/concurrent_processor.go:185.28,188.5 1 0
sermon-uploader/services/concurrent_processor.go:190.23,191.10 1 0
sermon-uploader/services/concurrent_processor.go:197.69,201.12 3 0
sermon-uploader/services/concurrent_processor.go:201.12,204.3 2 0
sermon-uploader/services/concurrent_processor.go:206.2,206.9 1 0
sermon-uploader/services/concurrent_processor.go:207.14,211.13 4 0
sermon-uploader/services/concurrent_processor.go:212.29,213.40 1 0
sermon-uploader/services/concurrent_processor.go:218.65,224.15 5 0
sermon-uploader/services/concurrent_processor.go:224.15,226.3 1 0
sermon-uploader/services/concurrent_processor.go:228.2,235.3 1 0
sermon-uploader/services/concurrent_processor.go:239.27,240.11 1 0
sermon-uploader/services/concurrent_processor.go:240.11,242.3 1 0
sermon-uploader/services/concurrent_processor.go:243.2,243.10 1 0
sermon-uploader/services/discord.go:54.59,55.22 1 0
sermon-uploader/services/discord.go:55.22,57.3 1 0
sermon-uploader/services/discord.go:60.2,63.21 4 0
sermon-uploader/services/discord.go:63.21,66.3 2 0
sermon-uploader/services/discord.go:68.2,80.16 3 0
sermon-uploader/services/discord.go:83.110,84.24 1 0
sermon-uploader/services/discord.go:84.24,86.3 1 0
sermon-uploader/services/discord.go:88.2,104.16 4 0
sermon-uploader/services/discord.go:104.16,106.3 1 0
sermon-uploader/services/discord.go:108.2,109.16 2 0
sermon-uploader/services/discord.go:109.16,111.3 1 0
sermon-uploader/services/discord.go:112.2,114.28 2 0
sermon-uploader/services/discord.go:114.28,116.3 1 0
sermon-uploader/services/discord.go:118.2,118.12 1 0
sermon-uploader/services/discord.go:121.72,146.2 2 0
sermon-uploader/services/discord.go:148.77,150.13 2 0
sermon-uploader/services/discord.go:150.13,152.3 1 0
sermon-uploader/services/discord.go:154.2,159.3 1 0
sermon-uploader/services/discord.go:162.101,166.36 3 0
sermon-uploader/services/discord.go:166.36,169.3 2 0
sermon-uploader/services/discord.go:169.8,169.28 1 0
sermon-uploader/services/discord.go:169.28,172.3 2 0
sermon-uploader/services/discord.go:172.8,175.3 2 0
sermon-uploader/services/discord.go:177.2,178.13 2 0
sermon-uploader/services/discord.go:178.13,180.3 1 0
sermon-uploader/services/discord.go:182.2,183.20 2 0
sermon-uploader/services/discord.go:183.20,185.3 1 0
sermon-uploader/services/discord.go:186.2,186.16 1 0
sermon-uploader/services/discord.go:186.16,188.3 1 0
sermon-uploader/services/discord.go:190.2,194.20 2 0
sermon-uploader/services/discord.go:194.20,196.3 1 0
sermon-uploader/services/discord.go:198.2,198.16 1 0
sermon-uploader/services/discord.go:198.16,200.3 1 0
sermon-uploader/services/discord.go:202.2,207.3 1 0
sermon-uploader/services/discord.go:211.88,215.22 3 0
sermon-uploader/services/discord.go:215.22,218.3 2 0
sermon-uploader/services/discord.go:218.8,221.3 2 0
sermon-uploader/services/discord.go:224.2,225.33 2 0
sermon-uploader/services/discord.go:225.33,227.3 1 0
sermon-uploader/services/discord.go:228.2,228.28 1 0
sermon-uploader/services/discord.go:228.28,230.3 1 0
sermon-uploader/services/discord.go:233.2,237.26 2 0
sermon-uploader/services/discord.go:237.26,239.3 1 0
sermon-uploader/services/discord.go:241.2,241.29 1 0
sermon-uploader/services/discord.go:241.29,243.3 1 0
sermon-uploader/services/discord.go:245.2,245.27 1 0
sermon-uploader/services/discord.go:245.27,247.29 2 0
sermon-uploader/services/discord.go:247.29,249.4 1 0
sermon-uploader/services/discord.go:249.9,249.35 1 0
sermon-uploader/services/discord.go:249.35,251.4 1 0
sermon-uploader/services/discord.go:252.3,252.92 1 0
sermon-uploader/services/discord.go:255.2,255.26 1 0
sermon-uploader/services/discord.go:255.26,257.3 1 0
sermon-uploader/services/discord.go:259.2,259.32 1 0
sermon-uploader/services/discord.go:259.32,261.3 1 0
sermon-uploader/services/discord.go:264.2,264.26 1 0
sermon-uploader/services/discord.go:264.26,266.3 1 0
sermon-uploader/services/discord.go:267.2,267.27 1 0
sermon-uploader/services/discord.go:267.27,269.3 1 0
sermon-uploader/services/discord.go:270.2,270.25 1 0
sermon-uploader/services/discord.go:270.25,272.3 1 0
sermon-uploader/services/discord.go:275.2,275.37 1 0
sermon-uploader/services/discord.go:275.37,279.29 3 0
sermon-uploader/services/discord.go:279.29,281.4 1 0
sermon-uploader/services/discord.go:281.9,281.36 1 0
sermon-uploader/services/discord.go:281.36,283.4 1 0
sermon-uploader/services/discord.go:283.9,285.4 1 0
sermon-uploader/services/discord.go:287.3,287.104 1 0
sermon-uploader/services/discord.go:291.2,291.32 1 0
sermon-uploader/services/discord.go:291.32,293.30 2 0
sermon-uploader/services/discord.go:293.30,295.4 1 0
sermon-uploader/services/discord.go:296.3,296.100 1 0
sermon-uploader/services/discord.go:299.2,299.63 1 0
sermon-uploader/services/discord.go:302.58,309.2 1 0
sermon-uploader/services/discord.go:312.49,315.2 2 0
sermon-uploader/services/discord.go:318.60,321.2 2 0
sermon-uploader/services/discord.go:324.50,326.16 2 0
sermon-uploader/services/discord.go:326.16,328.3 1 0
sermon-uploader/services/discord.go:330.2,331.51 2 0
sermon-uploader/services/discord.go:331.51,333.3 1 0
sermon-uploader/services/discord.go:335.2,337.15 3 0
sermon-uploader/services/discord.go:341.50,342.28 1 0
sermon-uploader/services/discord.go:342.28,344.3 1 0
sermon-uploader/services/discord.go:346.2,347.16 2 0
sermon-uploader/services/discord.go:347.16,349.3 1 0
sermon-uploader/services/discord.go:351.2,351.70 1 0
sermon-uploader/services/discord.go:355.91,356.24 1 0
sermon-uploader/services/discord.go:356.24,358.3 1 0
sermon-uploader/services/discord.go:360.2,361.19 2 0
sermon-uploader/services/discord.go:361.19,363.3 1 0
sermon-uploader/services/discord.go:364.2,364.18 1 0
sermon-uploader/services/discord.go:364.18,366.3 1 0
sermon-uploader/services/discord.go:368.2,369.16 2 0
sermon-uploader/services/discord.go:369.16,371.3 1 0
sermon-uploader/services/discord.go:374.2,375.16 2 0
sermon-uploader/services/discord.go:375.16,377.3 1 0
sermon-uploader/services/discord.go:378.2,380.38 2 0
sermon-uploader/services/discord.go:380.38,382.3 1 0
sermon-uploader/services/discord.go:384.2,385.67 2 0
sermon-uploader/services/discord.go:385.67,387.3 1 0
sermon-uploader/services/discord.go:389.2,389.41 1 0
sermon-uploader/services/discord.go:389.41,391.3 1 0
sermon-uploader/services/discord.go:393.2,393.52 1 0
sermon-uploader/services/discord.go:397.99,398.43 1 0
sermon-uploader/services/discord.go:398.43,400.3 1 0
sermon-uploader/services/discord.go:402.2,403.19 2 0
sermon-uploader/services/discord.go:403.19,405.3 1 0
sermon-uploader/services/discord.go:406.2,406.18 1 0
sermon-uploader/services/discord.go:406.18,408.3 1 0
sermon-uploader/services/discord.go:410.2,411.16 2 0
sermon-uploader/services/discord.go:411.16,413.3 1 0
sermon-uploader/services/discord.go:415.2,419.16 3 0
sermon-uploader/services/discord.go:419.16,421.3 1 0
sermon-uploader/services/discord.go:422.2,425.16 3 0
sermon-uploader/services/discord.go:425.16,427.3 1 0
sermon-uploader/services/discord.go:428.2,430.38 2 0
sermon-uploader/services/discord.go:430.38,432.3 1 0
sermon-uploader/services/discord.go:434.2,434.12 1 0
sermon-uploader/services/discord.go:438.51,443.16 4 0
sermon-uploader/services/discord.go:443.16,445.3 1 0
sermon-uploader/services/discord.go:447.2,451.15 4 0
sermon-uploader/services/discord.go:451.15,453.3 1 0
sermon-uploader/services/discord.go:454.2,454.36 1 0
sermon-uploader/services/discord.go:458.62,489.16 4 0
sermon-uploader/services/discord.go:489.16,491.3 1 0
sermon-uploader/services/discord.go:494.2,504.12 5 0
sermon-uploader/services/discord.go:508.129,510.28 2 0
sermon-uploader/services/discord.go:510.28,513.57 2 0
sermon-uploader/services/discord.go:513.57,515.4 1 0
sermon-uploader/services/discord.go:516.3,516.14 1 0
sermon-uploader/services/discord.go:519.2,535.16 13 0
sermon-uploader/services/discord.go:536.18,537.19 1 0
sermon-uploader/services/discord.go:537.19,541.4 3 0
sermon-uploader/services/discord.go:541.9,545.4 3 0
sermon-uploader/services/discord.go:546.16,549.27 3 0
sermon-uploader/services/discord.go:550.18,553.28 3 0
sermon-uploader/services/discord.go:556.2,570.50 2 0
sermon-uploader/services/discord.go:570.50,577.27 2 0
sermon-uploader/services/discord.go:577.27,583.4 1 0
sermon-uploader/services/discord.go:587.2,587.26 1 0
sermon-uploader/services/discord.go:587.26,593.3 1 0
sermon-uploader/services/discord.go:596.2,614.46 4 0
sermon-uploader/services/discord.go:618.113,620.13 1 0
sermon-uploader/services/discord.go:620.13,622.3 1 0
sermon-uploader/services/discord.go:622.8,624.3 1 0
sermon-uploader/services/discord_live.go:44.67,45.22 1 0
sermon-uploader/services/discord_live.go:45.22,47.3 1 0
sermon-uploader/services/discord_live.go:50.2,53.21 4 0
sermon-uploader/services/discord_live.go:53.21,56.3 2 0
sermon-uploader/services/discord_live.go:58.2,66.3 1 0
sermon-uploader/services/discord_live.go:70.53,73.2 2 0
sermon-uploader/services/discord_live.go:76.64,79.2 2 0
sermon-uploader/services/discord_live.go:82.95,83.24 1 0
sermon-uploader/services/discord_live.go:83.24,85.3 1 0
sermon-uploader/services/discord_live.go:87.2,88.19 2 0
sermon-uploader/services/discord_live.go:88.19,90.3 1 0
sermon-uploader/services/discord_live.go:91.2,91.18 1 0
sermon-uploader/services/discord_live.go:91.18,93.3 1 0
sermon-uploader/services/discord_live.go:95.2,96.16 2 0
sermon-uploader/services/discord_live.go:96.16,98.3 1 0
sermon-uploader/services/discord_live.go:101.2,102.16 2 0
sermon-uploader/services/discord_live.go:102.16,104.3 1 0
sermon-uploader/services/discord_live.go:105.2,107.38 2 0
sermon-uploader/services/discord_live.go:107.38,109.3 1 0
sermon-uploader/services/discord_live.go:111.2,112.67 2 0
sermon-uploader/services/discord_live.go:112.67,114.3 1 0
sermon-uploader/services/discord_live.go:116.2,116.41 1 0
sermon-uploader/services/discord_live.go:116.41,118.3 1 0
sermon-uploader/services/discord_live.go:120.2,120.52 1 0
sermon-uploader/services/discord_live.go:124.103,125.43 1 0
sermon-uploader/services/discord_live.go:125.43,127.3 1 0
sermon-uploader/services/discord_live.go:129.2,130.19 2 0
sermon-uploader/services/discord_live.go:130.19,132.3 1 0
sermon-uploader/services/discord_live.go:133.2,133.18 1 0
sermon-uploader/services/discord_live.go:133.18,135.3 1 0
sermon-uploader/services/discord_live.go:137.2,138.16 2 0
sermon-uploader/services/discord_live.go:138.16,140.3 1 0
sermon-uploader/services/discord_live.go:142.2,146.16 3 0
sermon-uploader/services/discord_live.go:146.16,148.3 1 0
sermon-uploader/services/discord_live.go:149.2,152.16 3 0
sermon-uploader/services/discord_live.go:152.16,154.3 1 0
sermon-uploader/services/discord_live.go:155.2,157.38 2 0
sermon-uploader/services/discord_live.go:157.38,159.3 1 0
sermon-uploader/services/discord_live.go:161.2,161.12 1 0
sermon-uploader/services/discord_live.go:165.66,196.16 4 0
sermon-uploader/services/discord_live.go:196.16,198.3 1 0
sermon-uploader/services/discord_live.go:201.2,210.23 4 0
sermon-uploader/services/discord_live.go:214.102,219.13 4 0
sermon-uploader/services/discord_live.go:219.13,222.3 2 0
sermon-uploader/services/discord_live.go:224.2,251.46 2 0
sermon-uploader/services/discord_live.go:255.71,260.13 4 0
sermon-uploader/services/discord_live.go:260.13,262.3 1 0
sermon-uploader/services/discord_live.go:264.2,269.15 5 0
sermon-uploader/services/discord_live.go:269.15,271.3 1 0
sermon-uploader/services/discord_live.go:271.8,271.24 1 0
sermon-uploader/services/discord_live.go:271.24,273.3 1 0
sermon-uploader/services/discord_live.go:274.2,274.36 1 0
sermon-uploader/services/discord_live.go:278.81,283.29 3 0
sermon-uploader/services/discord_live.go:283.29,289.3 1 0
sermon-uploader/services/discord_live.go:292.2,306.20 3 0
sermon-uploader/services/discord_live.go:306.20,308.3 1 0
sermon-uploader/services/discord_live.go:310.2,321.35 2 0
sermon-uploader/services/discord_live.go:325.104,330.40 3 0
sermon-uploader/services/discord_live.go:330.40,332.3 1 0
sermon-uploader/services/discord_live.go:333.2,334.27 2 0
sermon-uploader/services/discord_live.go:334.27,336.3 1 0
sermon-uploader/services/discord_live.go:339.2,340.43 2 0
sermon-uploader/services/discord_live.go:340.43,343.22 3 0
sermon-uploader/services/discord_live.go:343.22,345.4 1 0
sermon-uploader/services/discord_live.go:347.3,351.5 1 0
sermon-uploader/services/discord_live.go:355.2,369.24 3 0
sermon-uploader/services/discord_live.go:369.24,371.3 1 0
sermon-uploader/services/discord_live.go:373.2,374.24 2 0
sermon-uploader/services/discord_live.go:374.24,376.3 1 0
sermon-uploader/services/discord_live.go:378.2,389.46 2 0
sermon-uploader/services/discord_live.go:393.70,397.17 3 0
sermon-uploader/services/discord_live.go:397.17,400.3 2 0
sermon-uploader/services/discord_live.go:402.2,402.69 1 0
sermon-uploader/services/discord_live.go:406.69,421.2 4 0
sermon-uploader/services/discord_live.go:424.60,430.40 4 0
sermon-uploader/services/discord_live.go:430.40,431.35 1 0
sermon-uploader/services/discord_live.go:431.35,433.4 1 0
sermon-uploader/services/discord_live.go:438.76,440.2 1 0
sermon-uploader/services/discord_live.go:442.77,444.2 1 0
sermon-uploader/services/discord_live.go:449.114,453.27 3 0
sermon-uploader/services/discord_live.go:453.27,459.3 1 0
sermon-uploader/services/discord_live.go:461.2,473.12 3 0
sermon-uploader/services/discord_live.go:477.76,479.16 2 0
sermon-uploader/services/discord_live.go:479.16,481.3 1 0
sermon-uploader/services/discord_live.go:484.2,485.55 2 0
sermon-uploader/services/file_service.go:39.121,60.2 6 0
sermon-uploader/services/file_service.go:63.61,65.2 1 0
sermon-uploader/services/file_service.go:67.91,69.53 1 0
sermon-uploader/services/file_service.go:69.53,71.3 1 0
sermon-uploader/services/file_service.go:74.2,75.16 2 0
sermon-uploader/services/file_service.go:75.16,77.3 1 0
sermon-uploader/services/file_service.go:80.2,81.71 2 0
sermon-uploader/services/file_service.go:81.71,84.3 1 0
sermon-uploader/services/file_service.go:85.2,92.35 6 0
sermon-uploader/services/file_service.go:92.35,97.17 3 0
sermon-uploader/services/file_service.go:97.17,106.12 5 0
sermon-uploader/services/file_service.go:110.3,110.31 1 0
sermon-uploader/services/file_service.go:110.31,119.12 5 0
sermon-uploader/services/file_service.go:123.3,127.17 3 0
sermon-uploader/services/file_service.go:127.17,136.12 5 0
sermon-uploader/services/file_service.go:140.3,151.93 5 0
sermon-uploader/services/file_service.go:155.2,163.94 2 0
sermon-uploader/services/file_service.go:163.94,166.3 1 0
sermon-uploader/services/file_service.go:168.2,170.21 2 0
sermon-uploader/services/file_service.go:182.94,188.22 4 0
sermon-uploader/services/file_service.go:188.22,190.17 2 0
sermon-uploader/services/file_service.go:190.17,192.4 1 0
sermon-uploader/services/file_service.go:193.3,200.22 4 0
sermon-uploader/services/file_service.go:200.22,202.4 1 0
sermon-uploader/services/file_service.go:204.3,211.7 5 0
sermon-uploader/services/file_service.go:211.7,213.13 2 0
sermon-uploader/services/file_service.go:213.13,218.48 3 0
sermon-uploader/services/file_service.go:218.48,222.6 2 0
sermon-uploader/services/file_service.go:225.4,225.21 1 0
sermon-uploader/services/file_service.go:225.21,226.10 1 0
sermon-uploader/services/file_service.go:228.4,228.18 1 0
sermon-uploader/services/file_service.go:228.18,230.5 1 0
sermon-uploader/services/file_service.go:233.3,234.13 2 0
sermon-uploader/services/file_service.go:237.2,237.16 1 0
sermon-uploader/services/file_service.go:237.16,239.3 1 0
sermon-uploader/services/file_service.go:241.2,241.28 1 0
sermon-uploader/services/file_service.go:245.117,247.16 2 0
sermon-uploader/services/file_service.go:247.16,249.3 1 0
sermon-uploader/services/file_service.go:250.2,253.90 2 0
sermon-uploader/services/file_service.go:257.129,260.2 1 0
sermon-uploader/services/file_service.go:263.101,266.2 1 0
sermon-uploader/services/file_service.go:269.106,272.16 2 0
sermon-uploader/services/file_service.go:272.16,274.3 1 0
sermon-uploader/services/file_service.go:276.2,276.30 1 0
sermon-uploader/services/file_service.go:276.30,281.3 1 0
sermon-uploader/services/file_service.go:284.2,285.16 2 0
sermon-uploader/services/file_service.go:285.16,287.3 1 0
sermon-uploader/services/file_service.go:290.2,291.16 2 0
sermon-uploader/services/file_service.go:291.16,293.3 1 0
sermon-uploader/services/file_service.go:294.2,297.16 3 0
sermon-uploader/services/file_service.go:297.16,299.3 1 0
sermon-uploader/services/file_service.go:302.2,310.8 2 0
sermon-uploader/services/file_service.go:314.63,316.2 1 0
sermon-uploader/services/file_service.go:319.51,321.2 1 0
sermon-uploader/services/file_service.go:324.101,330.39 4 0
sermon-uploader/services/file_service.go:330.39,332.3 1 0
sermon-uploader/services/file_service.go:335.2,340.53 4 0
sermon-uploader/services/file_service.go:340.53,342.3 1 0
sermon-uploader/services/file_service.go:345.2,346.16 2 0
sermon-uploader/services/file_service.go:346.16,348.3 1 0
sermon-uploader/services/file_service.go:351.2,352.71 2 0
sermon-uploader/services/file_service.go:352.71,354.3 1 0
sermon-uploader/services/file_service.go:355.2,358.35 2 0
sermon-uploader/services/file_service.go:358.35,360.46 2 0
sermon-uploader/services/file_service.go:360.46,363.17 3 0
sermon-uploader/services/file_service.go:363.17,363.32 1 0
sermon-uploader/services/file_service.go:365.4,369.25 3 0
sermon-uploader/services/file_service.go:374.2,374.12 1 0
sermon-uploader/services/file_service.go:374.12,377.3 2 0
sermon-uploader/services/file_service.go:380.2,385.34 5 0
sermon-uploader/services/file_service.go:385.34,387.24 2 0
sermon-uploader/services/file_service.go:388.18,389.16 1 0
sermon-uploader/services/file_service.go:390.20,391.16 1 0
sermon-uploader/services/file_service.go:392.11,393.12 1 0
sermon-uploader/services/file_service.go:398.2,406.94 2 0
sermon-uploader/services/file_service.go:406.94,408.3 1 0
sermon-uploader/services/file_service.go:410.2,412.21 2 0
sermon-uploader/services/file_service.go:416.151,419.16 2 0
sermon-uploader/services/file_service.go:419.16,427.3 3 0
sermon-uploader/services/file_service.go:430.2,430.30 1 0
sermon-uploader/services/file_service.go:430.30,438.3 3 0
sermon-uploader/services/file_service.go:441.2,445.16 3 0
sermon-uploader/services/file_service.go:445.16,453.3 3 0
sermon-uploader/services/file_service.go:456.2,466.15 4 0
sermon-uploader/services/file_service_optimized.go:13.100,19.22 4 0
sermon-uploader/services/file_service_optimized.go:19.22,24.54 3 0
sermon-uploader/services/file_service_optimized.go:24.54,26.4 1 0
sermon-uploader/services/file_service_optimized.go:29.3,30.17 2 0
sermon-uploader/services/file_service_optimized.go:30.17,32.4 1 0
sermon-uploader/services/file_service_optimized.go:35.3,36.72 2 0
sermon-uploader/services/file_service_optimized.go:36.72,38.4 1 0
sermon-uploader/services/file_service_optimized.go:39.3,44.36 3 0
sermon-uploader/services/file_service_optimized.go:44.36,51.40 1 0
sermon-uploader/services/file_service_optimized.go:51.40,59.25 2 0
sermon-uploader/services/file_service_optimized.go:59.25,62.7 2 0
sermon-uploader/services/file_service_optimized.go:62.12,64.42 1 0
sermon-uploader/services/file_service_optimized.go:64.42,67.8 2 0
sermon-uploader/services/file_service_optimized.go:67.13,69.8 1 0
sermon-uploader/services/file_service_optimized.go:72.6,72.29 1 0
[...]
sermon-uploader/services/system_monitor_helpers.go:113.21,116.22 3 0
sermon-uploader/services/system_monitor_helpers.go:116.22,117.12 1 0
sermon-uploader/services/system_monitor_helpers.go:120.3,122.17 3 0
sermon-uploader/services/system_monitor_helpers.go:122.17,123.12 1 0
sermon-uploader/services/system_monitor_helpers.go:126.3,126.23 1 0
sermon-uploader/services/system_monitor_helpers.go:129.2,129.16 1 0
sermon-uploader/services/system_monitor_helpers.go:133.70,135.16 2 0
sermon-uploader/services/system_monitor_helpers.go:135.16,137.3 1 0
sermon-uploader/services/system_monitor_helpers.go:139.2,140.16 2 0
sermon-uploader/services/system_monitor_helpers.go:140.16,142.3 1 0
sermon-uploader/services/system_monitor_helpers.go:144.2,144.20 1 0
sermon-uploader/services/system_monitor_helpers.go:148.56,151.16 2 0
sermon-uploader/services/system_monitor_helpers.go:151.16,155.17 3 0
sermon-uploader/services/system_monitor_helpers.go:155.17,157.4 1 0
sermon-uploader/services/system_monitor_helpers.go:160.3,160.56 1 0
sermon-uploader/services/system_monitor_helpers.go:160.56,162.4 1 0
sermon-uploader/services/system_monitor_helpers.go:163.3,163.14 1 0
sermon-uploader/services/system_monitor_helpers.go:166.2,167.16 2 0
sermon-uploader/services/system_monitor_helpers.go:167.16,169.3 1 0
sermon-uploader/services/system_monitor_helpers.go:174.2,174.31 1 0
sermon-uploader/services/system_monitor_helpers.go:178.69,180.16 2 0
sermon-uploader/services/system_monitor_helpers.go:180.16,182.3 1 0
sermon-uploader/services/system_monitor_helpers.go:184.2,185.16 2 0
sermon-uploader/services/system_monitor_helpers.go:185.16,187.3 1 0
sermon-uploader/services/system_monitor_helpers.go:189.2,189.14 1 0
sermon-uploader/services/system_monitor_helpers.go:193.58,196.16 2 0
sermon-uploader/services/system_monitor_helpers.go:196.16,198.3 1 0
sermon-uploader/services/system_monitor_helpers.go:200.2,200.40 1 0
sermon-uploader/services/system_monitor_helpers.go:204.78,207.16 3 0
sermon-uploader/services/system_monitor_helpers.go:207.16,210.3 2 0
sermon-uploader/services/system_monitor_helpers.go:213.2,231.3 10 0
sermon-uploader/services/system_monitor_helpers.go:235.92,237.16 2 0
sermon-uploader/services/system_monitor_helpers.go:237.16,240.3 2 0
sermon-uploader/services/system_monitor_helpers.go:241.2,249.21 5 0
sermon-uploader/services/system_monitor_helpers.go:249.21,253.23 3 0
sermon-uploader/services/system_monitor_helpers.go:253.23,254.12 1 0
sermon-uploader/services/system_monitor_helpers.go:258.3,259.34 2 0
sermon-uploader/services/system_monitor_helpers.go:259.34,260.12 1 0
sermon-uploader/services/system_monitor_helpers.go:264.3,288.4 10 0
sermon-uploader/services/system_monitor_helpers.go:291.2,291.12 1 0
sermon-uploader/services/system_monitor_helpers.go:295.71,298.16 3 0
sermon-uploader/services/system_monitor_helpers.go:298.16,300.3 1 0
sermon-uploader/services/system_monitor_helpers.go:302.2,303.16 2 0
sermon-uploader/services/system_monitor_helpers.go:303.16,305.3 1 0
sermon-uploader/services/system_monitor_helpers.go:308.2,308.27 1 0
sermon-uploader/services/system_monitor_helpers.go:312.55,314.16 2 0
sermon-uploader/services/system_monitor_helpers.go:314.16,316.3 1 0
sermon-uploader/services/system_monitor_helpers.go:318.2,319.32 2 0
sermon-uploader/services/system_monitor_helpers.go:319.32,320.20 1 0
sermon-uploader/services/system_monitor_helpers.go:320.20,322.56 1 0
sermon-uploader/services/system_monitor_helpers.go:322.56,324.5 1 0
sermon-uploader/services/system_monitor_helpers.go:328.2,328.14 1 0
sermon-uploader/services/system_monitor_helpers.go:332.59,334.16 2 0
sermon-uploader/services/system_monitor_helpers.go:334.16,336.3 1 0
sermon-uploader/services/system_monitor_helpers.go:338.2,339.21 2 0
sermon-uploader/services/system_monitor_helpers.go:339.21,341.3 1 0
sermon-uploader/services/system_monitor_helpers.go:343.2,344.16 2 0
sermon-uploader/services/system_monitor_helpers.go:344.16,346.3 1 0
sermon-uploader/services/system_monitor_helpers.go:348.2,348.22 1 0
sermon-uploader/services/system_monitor_helpers.go:352.57,354.16 2 0
sermon-uploader/services/system_monitor_helpers.go:354.16,356.3 1 0
sermon-uploader/services/system_monitor_helpers.go:357.2,360.21 3 0
sermon-uploader/services/system_monitor_helpers.go:360.21,362.40 2 0
sermon-uploader/services/system_monitor_helpers.go:362.40,364.24 2 0
sermon-uploader/services/system_monitor_helpers.go:364.24,366.19 2 0
sermon-uploader/services/system_monitor_helpers.go:366.19,368.6 1 0
sermon-uploader/services/system_monitor_helpers.go:373.2,373.20 1 0
sermon-uploader/services/system_monitor_helpers.go:377.56,384.28 4 0
sermon-uploader/services/system_monitor_helpers.go:384.28,386.3 1 0
sermon-uploader/services/system_monitor_helpers.go:387.2,387.31 1 0
sermon-uploader/services/system_monitor_helpers.go:387.31,389.3 1 0
sermon-uploader/services/system_monitor_helpers.go:390.2,390.29 1 0
sermon-uploader/services/system_monitor_helpers.go:390.29,392.3 1 0
sermon-uploader/services/system_monitor_helpers.go:396.69,400.28 2 0
sermon-uploader/services/system_monitor_helpers.go:400.28,402.43 2 0
sermon-uploader/services/system_monitor_helpers.go:402.43,404.4 1 0
sermon-uploader/services/system_monitor_helpers.go:404.9,404.50 1 0
sermon-uploader/services/system_monitor_helpers.go:404.50,406.4 1 0
sermon-uploader/services/system_monitor_helpers.go:406.9,408.4 1 0
sermon-uploader/services/system_monitor_helpers.go:409.8,411.3 1 0
sermon-uploader/services/system_monitor_helpers.go:414.2,414.31 1 0
sermon-uploader/services/system_monitor_helpers.go:414.31,416.42 2 0
sermon-uploader/services/system_monitor_helpers.go:416.42,418.4 1 0
sermon-uploader/services/system_monitor_helpers.go:418.9,418.49 1 0
sermon-uploader/services/system_monitor_helpers.go:418.49,420.4 1 0
sermon-uploader/services/system_monitor_helpers.go:420.9,422.4 1 0
sermon-uploader/services/system_monitor_helpers.go:423.8,425.3 1 0
sermon-uploader/services/system_monitor_helpers.go:428.2,428.29 1 0
sermon-uploader/services/system_monitor_helpers.go:428.29,430.42 2 0
sermon-uploader/services/system_monitor_helpers.go:430.42,432.4 1 0
sermon-uploader/services/system_monitor_helpers.go:432.9,432.49 1 0
sermon-uploader/services/system_monitor_helpers.go:432.49,434.4 1 0
sermon-uploader/services/system_monitor_helpers.go:434.9,436.4 1 0
sermon-uploader/services/system_monitor_helpers.go:437.8,439.3 1 0
sermon-uploader/services/system_monitor_helpers.go:441.2,441.15 1 0
sermon-uploader/services/tus.go:70.81,72.23 2 0
sermon-uploader/services/tus.go:72.23,74.3 1 0
sermon-uploader/services/tus.go:77.2,77.51 1 0
sermon-uploader/services/tus.go:77.51,81.3 3 0
sermon-uploader/services/tus.go:83.2,88.3 1 0
sermon-uploader/services/tus.go:92.122,116.16 7 0
sermon-uploader/services/tus.go:116.16,118.3 1 0
sermon-uploader/services/tus.go:119.2,128.8 3 0
sermon-uploader/services/tus.go:132.95,137.13 4 0
sermon-uploader/services/tus.go:137.13,139.3 1 0
sermon-uploader/services/tus.go:141.2,145.29 3 0
sermon-uploader/services/tus.go:145.29,147.3 1 0
sermon-uploader/services/tus.go:150.2,151.16 2 0
sermon-uploader/services/tus.go:151.16,153.3 1 0
sermon-uploader/services/tus.go:154.2,157.59 2 0
sermon-uploader/services/tus.go:157.59,159.3 1 0
sermon-uploader/services/tus.go:162.2,163.16 2 0
sermon-uploader/services/tus.go:163.16,165.3 1 0
sermon-uploader/services/tus.go:168.2,187.8 4 0
sermon-uploader/services/tus.go:191.67,196.13 4 0
sermon-uploader/services/tus.go:196.13,198.3 1 0
sermon-uploader/services/tus.go:200.2,218.8 4 0
sermon-uploader/services/tus.go:222.94,227.13 4 0
sermon-uploader/services/tus.go:227.13,229.3 1 0
sermon-uploader/services/tus.go:231.2,235.34 3 0
sermon-uploader/services/tus.go:235.34,241.3 1 0
sermon-uploader/services/tus.go:244.2,245.16 2 0
sermon-uploader/services/tus.go:245.16,247.3 1 0
sermon-uploader/services/tus.go:248.2,251.49 3 0
sermon-uploader/services/tus.go:251.49,253.3 1 0
sermon-uploader/services/tus.go:255.2,266.8 4 0
sermon-uploader/services/tus.go:270.78,275.13 4 0
sermon-uploader/services/tus.go:275.13,277.3 1 0
sermon-uploader/services/tus.go:279.2,280.16 2 0
sermon-uploader/services/tus.go:280.16,282.3 1 0
sermon-uploader/services/tus.go:284.2,284.18 1 0
sermon-uploader/services/tus.go:288.58,291.12 3 0
sermon-uploader/services/tus.go:291.12,293.3 1 0
sermon-uploader/services/tus.go:294.2,296.13 2 0
sermon-uploader/services/tus.go:296.13,298.3 1 0
sermon-uploader/services/tus.go:301.2,301.74 1 0
sermon-uploader/services/tus.go:301.74,303.3 1 0
sermon-uploader/services/tus.go:305.2,305.12 1 0
sermon-uploader/services/tus.go:309.66,314.42 4 0
sermon-uploader/services/tus.go:314.42,315.39 1 0
sermon-uploader/services/tus.go:315.39,320.4 2 0
sermon-uploader/services/tus.go:325.47,330.35 4 0
sermon-uploader/services/tus.go:330.35,349.3 5 0
sermon-uploader/services/tus.go:351.2,351.16 1 0
sermon-uploader/services/tus.go:355.68,360.13 4 0
sermon-uploader/services/tus.go:360.13,362.3 1 0
sermon-uploader/services/tus.go:364.2,367.27 3 0
sermon-uploader/services/tus.go:371.99,376.13 4 0
sermon-uploader/services/tus.go:376.13,378.3 1 0
sermon-uploader/services/tus.go:380.2,384.29 3 0
sermon-uploader/services/tus.go:384.29,386.3 1 0
sermon-uploader/services/tus.go:389.2,390.16 2 0
sermon-uploader/services/tus.go:390.16,392.3 1 0
sermon-uploader/services/tus.go:393.2,396.59 2 0
sermon-uploader/services/tus.go:396.59,398.3 1 0
sermon-uploader/services/tus.go:401.2,403.33 3 0
sermon-uploader/services/tus.go:403.33,405.3 1 0
sermon-uploader/services/tus.go:408.2,427.8 4 0
sermon-uploader/services/upload_worker_pool.go:54.94,60.58 3 0
sermon-uploader/services/upload_worker_pool.go:60.58,61.18 1 0
sermon-uploader/services/upload_worker_pool.go:61.18,63.4 1 0
sermon-uploader/services/upload_worker_pool.go:67.2,86.13 5 0
sermon-uploader/services/upload_worker_pool.go:90.36,91.33 1 0
sermon-uploader/services/upload_worker_pool.go:91.33,94.3 2 0
sermon-uploader/services/upload_worker_pool.go:97.2,99.77 2 0
sermon-uploader/services/upload_worker_pool.go:103.43,108.6 3 0
sermon-uploader/services/upload_worker_pool.go:108.6,109.10 1 0
sermon-uploader/services/upload_worker_pool.go:110.32,111.11 1 0
sermon-uploader/services/upload_worker_pool.go:111.11,114.5 2 0
sermon-uploader/services/upload_worker_pool.go:116.4,126.22 6 0
sermon-uploader/services/upload_worker_pool.go:126.22,134.5 5 0
sermon-uploader/services/upload_worker_pool.go:134.10,136.5 1 0
sermon-uploader/services/upload_worker_pool.go:138.4,141.11 2 0
sermon-uploader/services/upload_worker_pool.go:142.30,142.30 0 0
sermon-uploader/services/upload_worker_pool.go:143.39,144.75 1 0
sermon-uploader/services/upload_worker_pool.go:147.23,149.10 2 0
sermon-uploader/services/upload_worker_pool.go:155.71,157.74 1 0
sermon-uploader/services/upload_worker_pool.go:157.74,162.3 1 0
sermon-uploader/services/upload_worker_pool.go:165.2,175.16 2 0
sermon-uploader/services/upload_worker_pool.go:175.16,183.3 2 0
sermon-uploader/services/upload_worker_pool.go:186.2,191.3 2 0
sermon-uploader/services/upload_worker_pool.go:195.57,196.9 1 0
sermon-uploader/services/upload_worker_pool.go:197.25,198.13 1 0
sermon-uploader/services/upload_worker_pool.go:199.38,200.57 1 0
sermon-uploader/services/upload_worker_pool.go:201.22,202.49 1 0
sermon-uploader/services/upload_worker_pool.go:207.56,208.12 1 0
sermon-uploader/services/upload_worker_pool.go:208.12,209.10 1 0
sermon-uploader/services/upload_worker_pool.go:210.26,210.26 0 0
sermon-uploader/services/upload_worker_pool.go:211.23,211.23 0 0
sermon-uploader/services/upload_worker_pool.go:217.64,228.2 1 0
sermon-uploader/services/upload_worker_pool.go:231.44,235.6 3 0
sermon-uploader/services/upload_worker_pool.go:235.6,236.10 1 0
sermon-uploader/services/upload_worker_pool.go:237.19,239.45 2 0
sermon-uploader/services/upload_worker_pool.go:239.45,245.5 1 0
sermon-uploader/services/upload_worker_pool.go:246.23,247.10 1 0
sermon-uploader/services/upload_worker_pool.go:253.66,261.12 4 0
sermon-uploader/services/upload_worker_pool.go:261.12,264.3 2 0
sermon-uploader/services/upload_worker_pool.go:266.2,266.9 1 0
sermon-uploader/services/upload_worker_pool.go:267.14,270.13 3 0
sermon-uploader/services/upload_worker_pool.go:271.29,273.58 2 0
sermon-uploader/services/upload_worker_pool.go:278.44,286.2 3 0
sermon-uploader/services/websocket.go:49.38,63.28 3 0
sermon-uploader/services/websocket.go:63.28,65.5 1 0
sermon-uploader/services/websocket.go:69.2,70.12 2 0
sermon-uploader/services/websocket.go:73.30,74.6 1 0
sermon-uploader/services/websocket.go:74.6,75.10 1 0
sermon-uploader/services/websocket.go:76.31,79.38 2 0
sermon-uploader/services/websocket.go:79.38,83.13 4 0
sermon-uploader/services/websocket.go:85.4,88.68 4 0
sermon-uploader/services/websocket.go:90.33,92.38 2 0
sermon-uploader/services/websocket.go:92.38,95.5 2 0
sermon-uploader/services/websocket.go:96.4,98.71 3 0
sermon-uploader/services/websocket.go:100.33,101.33 1 0
sermon-uploader/services/websocket.go:107.59,110.32 3 0
sermon-uploader/services/websocket.go:110.32,112.3 1 0
sermon-uploader/services/websocket.go:113.2,119.33 3 0
sermon-uploader/services/websocket.go:119.33,121.17 2 0
sermon-uploader/services/websocket.go:121.17,124.4 2 0
sermon-uploader/services/websocket.go:128.2,128.28 1 0
sermon-uploader/services/websocket.go:128.28,130.40 2 0
sermon-uploader/services/websocket.go:130.40,131.38 1 0
sermon-uploader/services/websocket.go:131.38,134.5 2 0
sermon-uploader/services/websocket.go:136.3,136.19 1 0
sermon-uploader/services/websocket.go:140.60,141.15 1 0
sermon-uploader/services/websocket.go:141.15,144.3 2 0
sermon-uploader/services/websocket.go:146.2,148.6 2 0
sermon-uploader/services/websocket.go:148.6,151.17 2 0
sermon-uploader/services/websocket.go:151.17,152.103 1 0
sermon-uploader/services/websocket.go:152.103,154.5 1 0
sermon-uploader/services/websocket.go:155.4,155.9 1 0
sermon-uploader/services/websocket.go:160.81,175.44 6 0
sermon-uploader/services/websocket.go:175.44,177.3 1 0
sermon-uploader/services/websocket.go:180.2,183.9 3 0
sermon-uploader/services/websocket.go:184.31,184.31 0 0
sermon-uploader/services/websocket.go:185.10,187.49 2 0
sermon-uploader/services/websocket.go:190.2,190.12 1 0
sermon-uploader/services/websocket.go:193.104,203.16 3 0
sermon-uploader/services/websocket.go:203.16,205.3 1 0
sermon-uploader/services/websocket.go:207.2,207.9 1 0
sermon-uploader/services/websocket.go:208.31,208.31 0 0
sermon-uploader/services/websocket.go:209.10,210.53 1 0
sermon-uploader/services/websocket.go:213.2,213.12 1 0
sermon-uploader/services/websocket.go:216.81,221.2 1 0
sermon-uploader/services/websocket.go:223.111,230.2 1 0
sermon-uploader/services/websocket.go:232.61,236.2 1 0
sermon-uploader/services/websocket.go:239.86,258.16 3 0
sermon-uploader/services/websocket.go:258.16,260.3 1 0
sermon-uploader/services/websocket.go:262.2,263.12 2 0
sermon-uploader/services/websocket.go:267.66,283.23 2 0
sermon-uploader/services/websocket.go:283.23,285.3 1 0
sermon-uploader/services/websocket.go:286.2,286.27 1 0
sermon-uploader/services/websocket.go:286.27,287.31 1 0
sermon-uploader/services/websocket.go:287.31,289.4 1 0
sermon-uploader/services/websocket.go:289.9,289.37 1 0
sermon-uploader/services/websocket.go:289.37,291.4 1 0
sermon-uploader/services/websocket.go:291.9,293.4 1 0
sermon-uploader/services/websocket.go:296.2,297.16 2 0
sermon-uploader/services/websocket.go:297.16,299.3 1 0
sermon-uploader/services/websocket.go:301.2,302.12 2 0
sermon-uploader/services/websocket.go:306.106,320.16 3 0
sermon-uploader/services/websocket.go:320.16,322.3 1 0
sermon-uploader/services/websocket.go:324.2,325.12 2 0
sermon-uploader/services/websocket.go:329.81,339.16 3 0
sermon-uploader/services/websocket.go:339.16,341.3 1 0
sermon-uploader/services/websocket.go:343.2,344.12 2 0
sermon-uploader/services/websocket.go:348.96,361.16 3 0
sermon-uploader/services/websocket.go:361.16,363.3 1 0
sermon-uploader/services/websocket.go:365.2,366.12 2 0
sermon-uploader/services/websocket.go:370.79,374.29 3 0
sermon-uploader/services/websocket.go:374.29,377.3 2 0
sermon-uploader/services/websocket.go:379.2,391.16 3 0
sermon-uploader/services/websocket.go:391.16,393.3 1 0
sermon-uploader/services/websocket.go:395.2,396.12 2 0
sermon-uploader/services/websocket.go:400.55,404.2 3 0
sermon-uploader/services/worker_pool.go:72.52,75.34 2 0
sermon-uploader/services/worker_pool.go:75.34,77.3 1 0
sermon-uploader/services/worker_pool.go:79.2,93.31 3 0
sermon-uploader/services/worker_pool.go:93.31,96.3 2 0
sermon-uploader/services/worker_pool.go:99.2,101.11 2 0
sermon-uploader/services/worker_pool.go:105.36,110.18 2 0
sermon-uploader/services/worker_pool.go:111.9,112.11 1 0
sermon-uploader/services/worker_pool.go:113.9,114.11 1 0
sermon-uploader/services/worker_pool.go:115.9,117.11 1 0
sermon-uploader/services/worker_pool.go:118.10,120.39 1 0
sermon-uploader/services/worker_pool.go:125.33,130.2 1 0
sermon-uploader/services/worker_pool.go:133.51,136.9 2 0
sermon-uploader/services/worker_pool.go:137.24,138.13 1 0
sermon-uploader/services/worker_pool.go:139.23,140.52 1 0
sermon-uploader/services/worker_pool.go:141.10,142.49 1 0
sermon-uploader/services/worker_pool.go:147.38,150.6 2 0
sermon-uploader/services/worker_pool.go:150.6,151.10 1 0
sermon-uploader/services/worker_pool.go:152.24,153.10 1 0
sermon-uploader/services/worker_pool.go:154.27,155.32 1 0
sermon-uploader/services/worker_pool.go:161.68,168.25 4 0
sermon-uploader/services/worker_pool.go:168.25,170.3 1 0
sermon-uploader/services/worker_pool.go:172.2,188.16 8 0
sermon-uploader/services/worker_pool.go:188.16,192.3 3 0
sermon-uploader/services/worker_pool.go:192.8,199.3 6 0
sermon-uploader/services/worker_pool.go:202.2,202.26 1 0
sermon-uploader/services/worker_pool.go:202.26,204.3 1 0
sermon-uploader/services/worker_pool.go:208.153,210.16 2 0
sermon-uploader/services/worker_pool.go:210.16,212.3 1 0
sermon-uploader/services/worker_pool.go:213.2,222.6 5 0
sermon-uploader/services/worker_pool.go:222.6,224.12 2 0
sermon-uploader/services/worker_pool.go:224.12,229.45 3 0
sermon-uploader/services/worker_pool.go:229.45,231.12 2 0
sermon-uploader/services/worker_pool.go:232.35,232.35 0 0
sermon-uploader/services/worker_pool.go:233.13,233.13 0 0
sermon-uploader/services/worker_pool.go:239.3,239.17 1 0
sermon-uploader/services/worker_pool.go:239.17,240.28 1 0
sermon-uploader/services/worker_pool.go:240.28,241.10 1 0
sermon-uploader/services/worker_pool.go:243.4,243.62 1 0
sermon-uploader/services/worker_pool.go:247.3,247.26 1 0
sermon-uploader/services/worker_pool.go:247.26,249.4 1 0
sermon-uploader/services/worker_pool.go:252.2,265.32 4 0
sermon-uploader/services/worker_pool.go:269.45,270.27 1 0
sermon-uploader/services/worker_pool.go:270.27,272.3 1 0
sermon-uploader/services/worker_pool.go:275.2,279.35 4 0
sermon-uploader/services/worker_pool.go:279.35,281.3 1 0
sermon-uploader/services/worker_pool.go:284.2,285.39 2 0
sermon-uploader/services/worker_pool.go:285.39,287.3 1 0
sermon-uploader/services/worker_pool.go:289.2,289.14 1 0
sermon-uploader/services/worker_pool.go:293.42,297.6 3 0
sermon-uploader/services/worker_pool.go:297.6,298.10 1 0
sermon-uploader/services/worker_pool.go:299.24,300.10 1 0
sermon-uploader/services/worker_pool.go:301.19,302.28 1 0
sermon-uploader/services/worker_pool.go:308.45,314.20 4 0
sermon-uploader/services/worker_pool.go:314.20,316.3 1 0
sermon-uploader/services/worker_pool.go:320.50,333.2 3 0
sermon-uploader/services/worker_pool.go:347.61,353.12 3 0
sermon-uploader/services/worker_pool.go:353.12,356.3 2 0
sermon-uploader/services/worker_pool.go:358.2,358.9 1 0
sermon-uploader/services/worker_pool.go:359.14,360.13 1 0
sermon-uploader/services/worker_pool.go:361.29,362.72 1 0
sermon-uploader/services/worker_pool.go:367.53,370.2 1 0
sermon-uploader/services/worker_pool.go:373.28,374.11 1 0
sermon-uploader/services/worker_pool.go:374.11,376.3 1 0
sermon-uploader/services/worker_pool.go:377.2,377.10 1 0
