mode: set
sermon-uploader/monitoring/monitoring.go:40.29,41.21 1 0
sermon-uploader/monitoring/monitoring.go:41.21,51.3 3 0
sermon-uploader/monitoring/monitoring.go:55.41,56.27 1 0
sermon-uploader/monitoring/monitoring.go:56.27,58.3 1 0
sermon-uploader/monitoring/monitoring.go:59.2,59.23 1 0
sermon-uploader/monitoring/monitoring.go:63.46,64.28 1 0
sermon-uploader/monitoring/monitoring.go:64.28,66.3 1 0
sermon-uploader/monitoring/monitoring.go:67.2,67.24 1 0
sermon-uploader/monitoring/monitoring.go:71.40,72.25 1 0
sermon-uploader/monitoring/monitoring.go:72.25,74.3 1 0
sermon-uploader/monitoring/monitoring.go:75.2,75.21 1 0
sermon-uploader/monitoring/monitoring.go:81.76,85.48 3 0
sermon-uploader/monitoring/monitoring.go:85.48,89.3 3 0
sermon-uploader/monitoring/monitoring.go:89.8,95.3 1 0
sermon-uploader/monitoring/monitoring.go:99.67,104.39 4 0
sermon-uploader/monitoring/monitoring.go:104.39,106.24 2 0
sermon-uploader/monitoring/monitoring.go:106.24,108.4 1 0
sermon-uploader/monitoring/monitoring.go:110.3,115.4 1 0
sermon-uploader/monitoring/monitoring.go:117.2,117.15 1 0
sermon-uploader/monitoring/monitoring.go:121.62,123.16 2 0
sermon-uploader/monitoring/monitoring.go:123.16,125.3 1 0
sermon-uploader/monitoring/monitoring.go:131.73,135.2 3 0
sermon-uploader/monitoring/monitoring.go:138.64,142.30 4 0
sermon-uploader/monitoring/monitoring.go:142.30,144.3 1 0
sermon-uploader/monitoring/monitoring.go:145.2,145.15 1 0
sermon-uploader/monitoring/monitoring.go:149.58,152.44 3 0
sermon-uploader/monitoring/monitoring.go:152.44,153.35 1 0
sermon-uploader/monitoring/monitoring.go:153.35,155.4 1 0
sermon-uploader/monitoring/monitoring.go:155.9,157.4 1 0
sermon-uploader/monitoring/monitoring.go:158.8,160.3 1 0
sermon-uploader/monitoring/monitoring.go:164.44,166.2 1 0
sermon-uploader/monitoring/monitoring.go:169.42,171.2 1 0
sermon-uploader/monitoring/monitoring.go:174.81,178.2 3 0
sermon-uploader/monitoring/monitoring.go:183.72,185.2 1 0
sermon-uploader/monitoring/monitoring.go:188.62,192.36 3 0
sermon-uploader/monitoring/monitoring.go:192.36,194.17 2 0
sermon-uploader/monitoring/monitoring.go:194.17,200.4 2 0
sermon-uploader/monitoring/monitoring.go:200.9,204.4 1 0
sermon-uploader/monitoring/monitoring.go:207.2,210.16 3 0
sermon-uploader/optimization/object_pools.go:34.36,35.22 1 0
sermon-uploader/optimization/object_pools.go:35.22,39.3 1 0
sermon-uploader/optimization/object_pools.go:40.2,40.20 1 0
sermon-uploader/optimization/object_pools.go:44.36,48.2 1 0
sermon-uploader/optimization/object_pools.go:51.61,56.13 4 0
sermon-uploader/optimization/object_pools.go:56.13,59.51 2 0
sermon-uploader/optimization/object_pools.go:59.51,63.30 1 0
sermon-uploader/optimization/object_pools.go:63.30,65.7 1 0
sermon-uploader/optimization/object_pools.go:68.4,68.31 1 0
sermon-uploader/optimization/object_pools.go:70.3,70.17 1 0
sermon-uploader/optimization/object_pools.go:73.2,74.24 2 0
sermon-uploader/optimization/object_pools.go:74.24,76.3 1 0
sermon-uploader/optimization/object_pools.go:78.2,78.28 1 0
sermon-uploader/optimization/object_pools.go:82.42,86.28 1 0
sermon-uploader/optimization/object_pools.go:86.28,88.5 1 0
sermon-uploader/optimization/object_pools.go:94.36,96.2 1 0
sermon-uploader/optimization/object_pools.go:99.42,100.28 1 0
sermon-uploader/optimization/object_pools.go:100.28,102.3 1 0
sermon-uploader/optimization/object_pools.go:106.44,112.2 1 0
sermon-uploader/optimization/object_pools.go:115.60,117.2 1 0
sermon-uploader/optimization/object_pools.go:120.41,123.2 2 0
sermon-uploader/optimization/object_pools.go:126.36,128.2 1 0
sermon-uploader/optimization/object_pools.go:135.59,138.2 2 0
sermon-uploader/optimization/object_pools.go:140.45,143.27 2 0
sermon-uploader/optimization/object_pools.go:143.27,145.3 1 0
sermon-uploader/optimization/object_pools.go:146.2,148.40 3 0
sermon-uploader/optimization/object_pools.go:148.40,150.3 1 0
sermon-uploader/optimization/object_pools.go:151.2,151.15 1 0
sermon-uploader/optimization/object_pools.go:154.32,156.2 1 0
sermon-uploader/optimization/object_pools.go:159.58,165.35 5 0
sermon-uploader/optimization/object_pools.go:165.35,167.3 1 0
sermon-uploader/optimization/object_pools.go:169.2,173.3 1 0
sermon-uploader/optimization/object_pools.go:177.55,184.2 2 0
sermon-uploader/optimization/object_pools.go:187.65,189.2 1 0
sermon-uploader/optimization/object_pools.go:205.78,210.2 1 0
sermon-uploader/optimization/object_pools.go:221.115,227.2 1 0
sermon-uploader/optimization/object_pools.go:230.56,232.11 2 0
sermon-uploader/optimization/object_pools.go:232.11,234.27 2 0
sermon-uploader/optimization/object_pools.go:234.27,236.4 1 0
sermon-uploader/optimization/object_pools.go:238.2,238.15 1 0
sermon-uploader/config/config.go:65.20,100.20 25 1
sermon-uploader/config/config.go:100.20,102.42 2 1
sermon-uploader/config/config.go:102.42,104.4 1 1
sermon-uploader/config/config.go:107.2,150.3 1 1
sermon-uploader/config/config.go:153.46,154.42 1 1
sermon-uploader/config/config.go:154.42,156.3 1 0
sermon-uploader/config/config.go:157.2,157.21 1 1
sermon-uploader/main.go:24.13,26.40 1 0
sermon-uploader/main.go:26.40,28.3 1 0
sermon-uploader/main.go:31.2,34.24 2 0
sermon-uploader/main.go:34.24,36.3 1 0
sermon-uploader/main.go:39.2,48.16 6 0
sermon-uploader/main.go:48.16,51.3 2 0
sermon-uploader/main.go:54.2,54.24 1 0
sermon-uploader/main.go:54.24,57.3 1 0
sermon-uploader/main.go:60.2,66.52 5 0
sermon-uploader/main.go:66.52,68.3 1 0
sermon-uploader/main.go:71.2,71.54 1 0
sermon-uploader/main.go:71.54,75.3 3 0
sermon-uploader/main.go:75.8,79.3 3 0
sermon-uploader/main.go:82.2,84.55 1 0
sermon-uploader/main.go:84.55,86.39 2 0
sermon-uploader/main.go:86.39,88.5 1 0
sermon-uploader/main.go:89.4,92.6 1 0
sermon-uploader/main.go:97.2,112.35 3 0
sermon-uploader/main.go:112.35,119.17 5 0
sermon-uploader/main.go:119.17,121.4 1 0
sermon-uploader/main.go:124.3,124.71 1 0
sermon-uploader/main.go:124.71,126.25 2 0
sermon-uploader/main.go:126.25,128.5 1 0
sermon-uploader/main.go:131.3,131.13 1 0
sermon-uploader/main.go:135.2,135.39 1 0
sermon-uploader/main.go:135.39,137.3 1 0
sermon-uploader/main.go:140.2,144.2 3 0
sermon-uploader/main.go:144.2,162.3 12 0
sermon-uploader/main.go:162.3,169.4 6 0
sermon-uploader/main.go:172.3,177.48 4 0
sermon-uploader/main.go:177.48,181.4 2 0
sermon-uploader/main.go:182.3,182.56 1 0
sermon-uploader/main.go:182.56,186.4 2 0
sermon-uploader/main.go:187.3,187.52 1 0
sermon-uploader/main.go:187.52,192.4 2 0
sermon-uploader/main.go:198.3,208.45 5 0
sermon-uploader/main.go:212.2,212.42 1 0
sermon-uploader/main.go:212.42,213.38 1 0
sermon-uploader/main.go:213.38,216.4 2 0
sermon-uploader/main.go:217.3,217.34 1 0
sermon-uploader/main.go:220.2,220.55 1 0
sermon-uploader/main.go:220.55,222.3 1 0
sermon-uploader/main.go:225.2,226.41 2 0
sermon-uploader/main.go:226.41,228.3 1 0
sermon-uploader/main.go:231.2,231.12 1 0
sermon-uploader/main.go:231.12,232.113 1 0
sermon-uploader/main.go:232.113,234.4 1 0
sermon-uploader/main.go:238.2,239.16 2 0
sermon-uploader/main.go:239.16,241.3 1 0
sermon-uploader/main.go:244.2,249.47 5 0
sermon-uploader/main.go:249.47,251.3 1 0
sermon-uploader/main.go:255.45,260.18 3 0
sermon-uploader/main.go:261.9,262.15 1 0
sermon-uploader/main.go:263.9,264.15 1 0
sermon-uploader/main.go:265.9,267.15 1 0
sermon-uploader/main.go:268.10,269.43 1 0
sermon-uploader/main.go:272.2,276.32 3 0
sermon-uploader/main.go:276.32,279.3 2 0
sermon-uploader/main.go:282.2,282.30 1 0
sermon-uploader/main.go:282.30,286.3 3 0
sermon-uploader/main.go:289.2,295.20 5 0
sermon-uploader/main.go:295.20,297.3 1 0
sermon-uploader/main.go:299.2,299.72 1 0
sermon-uploader/monitoring/monitoring.go:40.29,41.21 1 0
sermon-uploader/monitoring/monitoring.go:41.21,51.3 3 0
sermon-uploader/monitoring/monitoring.go:55.41,56.27 1 0
sermon-uploader/monitoring/monitoring.go:56.27,58.3 1 0
sermon-uploader/monitoring/monitoring.go:59.2,59.23 1 0
sermon-uploader/monitoring/monitoring.go:63.46,64.28 1 0
sermon-uploader/monitoring/monitoring.go:64.28,66.3 1 0
sermon-uploader/monitoring/monitoring.go:67.2,67.24 1 0
sermon-uploader/monitoring/monitoring.go:71.40,72.25 1 0
sermon-uploader/monitoring/monitoring.go:72.25,74.3 1 0
sermon-uploader/monitoring/monitoring.go:75.2,75.21 1 0
sermon-uploader/monitoring/monitoring.go:81.76,85.48 3 0
sermon-uploader/monitoring/monitoring.go:85.48,89.3 3 0
sermon-uploader/monitoring/monitoring.go:89.8,95.3 1 0
sermon-uploader/monitoring/monitoring.go:99.67,104.39 4 0
sermon-uploader/monitoring/monitoring.go:104.39,106.24 2 0
sermon-uploader/monitoring/monitoring.go:106.24,108.4 1 0
sermon-uploader/monitoring/monitoring.go:110.3,115.4 1 0
sermon-uploader/monitoring/monitoring.go:117.2,117.15 1 0
sermon-uploader/monitoring/monitoring.go:121.62,123.16 2 0
sermon-uploader/monitoring/monitoring.go:123.16,125.3 1 0
sermon-uploader/monitoring/monitoring.go:131.73,135.2 3 0
sermon-uploader/monitoring/monitoring.go:138.64,142.30 4 0
sermon-uploader/monitoring/monitoring.go:142.30,144.3 1 0
sermon-uploader/monitoring/monitoring.go:145.2,145.15 1 0
sermon-uploader/monitoring/monitoring.go:149.58,152.44 3 0
sermon-uploader/monitoring/monitoring.go:152.44,153.35 1 0
sermon-uploader/monitoring/monitoring.go:153.35,155.4 1 0
sermon-uploader/monitoring/monitoring.go:155.9,157.4 1 0
sermon-uploader/monitoring/monitoring.go:158.8,160.3 1 0
sermon-uploader/monitoring/monitoring.go:164.44,166.2 1 0
sermon-uploader/monitoring/monitoring.go:169.42,171.2 1 0
sermon-uploader/monitoring/monitoring.go:174.81,178.2 3 0
sermon-uploader/monitoring/monitoring.go:183.72,185.2 1 0
sermon-uploader/monitoring/monitoring.go:188.62,192.36 3 0
sermon-uploader/monitoring/monitoring.go:192.36,194.17 2 0
sermon-uploader/monitoring/monitoring.go:194.17,200.4 2 0
sermon-uploader/monitoring/monitoring.go:200.9,204.4 1 0
sermon-uploader/monitoring/monitoring.go:207.2,210.16 3 0
sermon-uploader/optimization/object_pools.go:34.36,35.22 1 0
sermon-uploader/optimization/object_pools.go:35.22,39.3 1 0
sermon-uploader/optimization/object_pools.go:40.2,40.20 1 0
sermon-uploader/optimization/object_pools.go:44.36,48.2 1 0
sermon-uploader/optimization/object_pools.go:51.61,56.13 4 0
sermon-uploader/optimization/object_pools.go:56.13,59.51 2 0
sermon-uploader/optimization/object_pools.go:59.51,63.30 1 0
sermon-uploader/optimization/object_pools.go:63.30,65.7 1 0
sermon-uploader/optimization/object_pools.go:68.4,68.31 1 0
sermon-uploader/optimization/object_pools.go:70.3,70.17 1 0
sermon-uploader/optimization/object_pools.go:73.2,74.24 2 0
sermon-uploader/optimization/object_pools.go:74.24,76.3 1 0
sermon-uploader/optimization/object_pools.go:78.2,78.28 1 0
sermon-uploader/optimization/object_pools.go:82.42,86.28 1 0
sermon-uploader/optimization/object_pools.go:86.28,88.5 1 0
sermon-uploader/optimization/object_pools.go:94.36,96.2 1 0
sermon-uploader/optimization/object_pools.go:99.42,100.28 1 0
sermon-uploader/optimization/object_pools.go:100.28,102.3 1 0
sermon-uploader/optimization/object_pools.go:106.44,112.2 1 0
sermon-uploader/optimization/object_pools.go:115.60,117.2 1 0
sermon-uploader/optimization/object_pools.go:120.41,123.2 2 0
sermon-uploader/optimization/object_pools.go:126.36,128.2 1 0
sermon-uploader/optimization/object_pools.go:135.59,138.2 2 0
sermon-uploader/optimization/object_pools.go:140.45,143.27 2 0
sermon-uploader/optimization/object_pools.go:143.27,145.3 1 0
sermon-uploader/optimization/object_pools.go:146.2,148.40 3 0
sermon-uploader/optimization/object_pools.go:148.40,150.3 1 0
sermon-uploader/optimization/object_pools.go:151.2,151.15 1 0
sermon-uploader/optimization/object_pools.go:154.32,156.2 1 0
sermon-uploader/optimization/object_pools.go:159.58,165.35 5 0
sermon-uploader/optimization/object_pools.go:165.35,167.3 1 0
sermon-uploader/optimization/object_pools.go:169.2,173.3 1 0
sermon-uploader/optimization/object_pools.go:177.55,184.2 2 0
sermon-uploader/optimization/object_pools.go:187.65,189.2 1 0
sermon-uploader/optimization/object_pools.go:205.78,210.2 1 0
sermon-uploader/optimization/object_pools.go:221.115,227.2 1 0
sermon-uploader/optimization/object_pools.go:230.56,232.11 2 0
sermon-uploader/optimization/object_pools.go:232.11,234.27 2 0
sermon-uploader/optimization/object_pools.go:234.27,236.4 1 0
sermon-uploader/optimization/object_pools.go:238.2,238.15 1 0
sermon-uploader/handlers/duplicate_check.go:8.55,14.43 3 0
sermon-uploader/handlers/duplicate_check.go:14.43,19.3 1 0
sermon-uploader/handlers/duplicate_check.go:22.2,23.16 2 0
sermon-uploader/handlers/duplicate_check.go:23.16,28.3 1 0
sermon-uploader/handlers/duplicate_check.go:30.2,33.28 1 0
sermon-uploader/handlers/duplicate_check.go:33.28,34.19 1 0
sermon-uploader/handlers/duplicate_check.go:34.19,36.5 1 0
sermon-uploader/handlers/duplicate_check.go:37.4,37.27 1 0
sermon-uploader/handlers/handlers.go:34.183,42.2 1 1
sermon-uploader/handlers/handlers.go:44.52,50.2 1 1
sermon-uploader/handlers/handlers.go:52.50,60.20 4 0
sermon-uploader/handlers/handlers.go:60.20,61.61 1 0
sermon-uploader/handlers/handlers.go:61.61,63.63 2 0
sermon-uploader/handlers/handlers.go:63.63,65.5 1 0
sermon-uploader/handlers/handlers.go:69.2,75.4 1 0
sermon-uploader/handlers/handlers.go:78.52,91.16 2 0
sermon-uploader/handlers/handlers.go:91.16,98.3 2 0
sermon-uploader/handlers/handlers.go:100.2,103.4 1 0
sermon-uploader/handlers/handlers.go:106.50,108.56 1 0
sermon-uploader/handlers/handlers.go:108.56,116.3 1 0
sermon-uploader/handlers/handlers.go:119.2,119.60 1 0
sermon-uploader/handlers/handlers.go:119.60,127.3 1 0
sermon-uploader/handlers/handlers.go:130.2,131.16 2 0
sermon-uploader/handlers/handlers.go:131.16,137.3 1 0
sermon-uploader/handlers/handlers.go:140.2,141.16 2 0
sermon-uploader/handlers/handlers.go:141.16,147.3 1 0
sermon-uploader/handlers/handlers.go:149.2,157.4 1 0
sermon-uploader/handlers/handlers.go:160.52,163.16 2 0
sermon-uploader/handlers/handlers.go:163.16,169.3 1 0
sermon-uploader/handlers/handlers.go:171.2,172.21 2 0
sermon-uploader/handlers/handlers.go:172.21,177.3 1 0
sermon-uploader/handlers/handlers.go:180.2,181.29 2 0
sermon-uploader/handlers/handlers.go:181.29,182.64 1 0
sermon-uploader/handlers/handlers.go:182.64,184.4 1 0
sermon-uploader/handlers/handlers.go:187.2,187.24 1 0
sermon-uploader/handlers/handlers.go:187.24,192.3 1 0
sermon-uploader/handlers/handlers.go:195.2,196.16 2 0
sermon-uploader/handlers/handlers.go:196.16,203.3 2 0
sermon-uploader/handlers/handlers.go:205.2,213.4 1 0
sermon-uploader/handlers/handlers.go:216.50,218.16 2 0
sermon-uploader/handlers/handlers.go:218.16,224.3 1 0
sermon-uploader/handlers/handlers.go:226.2,230.4 1 0
sermon-uploader/handlers/handlers.go:233.52,235.20 2 0
sermon-uploader/handlers/handlers.go:235.20,240.3 1 0
sermon-uploader/handlers/handlers.go:244.2,248.4 1 0
sermon-uploader/handlers/handlers.go:252.52,258.45 2 0
sermon-uploader/handlers/handlers.go:258.45,264.3 1 0
sermon-uploader/handlers/handlers.go:267.2,271.16 3 0
sermon-uploader/handlers/handlers.go:271.16,277.3 1 0
sermon-uploader/handlers/handlers.go:280.2,280.29 1 0
sermon-uploader/handlers/handlers.go:280.29,292.3 1 0
sermon-uploader/handlers/handlers.go:294.2,301.28 2 0
sermon-uploader/handlers/handlers.go:301.28,303.3 1 0
sermon-uploader/handlers/handlers.go:305.2,305.25 1 0
sermon-uploader/handlers/handlers.go:309.53,318.20 6 0
sermon-uploader/handlers/handlers.go:318.20,319.61 1 0
sermon-uploader/handlers/handlers.go:319.61,321.63 2 0
sermon-uploader/handlers/handlers.go:321.63,323.5 1 0
sermon-uploader/handlers/handlers.go:328.2,332.18 4 0
sermon-uploader/handlers/handlers.go:332.18,334.17 2 0
sermon-uploader/handlers/handlers.go:334.17,336.38 1 0
sermon-uploader/handlers/handlers.go:336.38,337.49 1 0
sermon-uploader/handlers/handlers.go:337.49,339.6 1 0
sermon-uploader/handlers/handlers.go:340.5,340.15 1 0
sermon-uploader/handlers/handlers.go:340.15,341.63 1 0
sermon-uploader/handlers/handlers.go:341.63,343.7 1 0
sermon-uploader/handlers/handlers.go:347.5,347.18 1 0
sermon-uploader/handlers/handlers.go:347.18,349.6 1 0
sermon-uploader/handlers/handlers.go:355.2,377.26 2 0
sermon-uploader/handlers/handlers.go:381.53,388.76 4 0
sermon-uploader/handlers/handlers.go:388.76,393.3 1 0
sermon-uploader/handlers/handlers.go:395.2,399.16 3 0
sermon-uploader/handlers/handlers.go:399.16,405.3 1 0
sermon-uploader/handlers/handlers.go:408.2,409.16 2 0
sermon-uploader/handlers/handlers.go:409.16,415.3 1 0
sermon-uploader/handlers/handlers.go:417.2,420.68 2 0
sermon-uploader/handlers/handlers.go:420.68,423.61 2 0
sermon-uploader/handlers/handlers.go:423.61,429.4 1 0
sermon-uploader/handlers/handlers.go:433.2,436.33 3 0
sermon-uploader/handlers/handlers.go:436.33,438.10 2 0
sermon-uploader/handlers/handlers.go:438.10,439.12 1 0
sermon-uploader/handlers/handlers.go:443.3,444.17 2 0
sermon-uploader/handlers/handlers.go:444.17,446.12 2 0
sermon-uploader/handlers/handlers.go:450.3,451.17 2 0
sermon-uploader/handlers/handlers.go:451.17,453.12 2 0
sermon-uploader/handlers/handlers.go:456.3,457.77 2 0
sermon-uploader/handlers/handlers.go:460.2,469.21 3 0
sermon-uploader/handlers/handlers.go:469.21,472.3 2 0
sermon-uploader/handlers/handlers.go:474.2,474.25 1 0
sermon-uploader/handlers/handlers.go:478.61,481.2 1 0
sermon-uploader/handlers/handlers.go:484.60,490.2 5 0
sermon-uploader/handlers/handlers.go:493.56,495.28 2 0
sermon-uploader/handlers/handlers.go:495.28,497.3 1 0
sermon-uploader/handlers/handlers.go:499.2,500.68 2 0
sermon-uploader/handlers/handlers.go:500.68,502.3 1 0
sermon-uploader/handlers/handlers.go:504.2,505.73 2 0
sermon-uploader/handlers/handlers.go:505.73,507.48 1 0
sermon-uploader/handlers/handlers.go:507.48,509.31 2 0
sermon-uploader/handlers/handlers.go:509.31,510.44 1 0
sermon-uploader/handlers/handlers.go:510.44,512.11 2 0
sermon-uploader/handlers/handlers.go:518.2,520.16 3 0
sermon-uploader/handlers/handlers.go:520.16,522.3 1 0
sermon-uploader/handlers/handlers.go:524.2,526.37 3 0
sermon-uploader/handlers/handlers.go:530.57,532.20 2 0
sermon-uploader/handlers/handlers.go:532.20,534.3 1 0
sermon-uploader/handlers/handlers.go:536.2,538.16 3 0
sermon-uploader/handlers/handlers.go:538.16,540.3 1 0
sermon-uploader/handlers/handlers.go:542.2,545.26 4 0
sermon-uploader/handlers/handlers.go:549.55,551.20 2 0
sermon-uploader/handlers/handlers.go:551.20,553.3 1 0
sermon-uploader/handlers/handlers.go:555.2,556.21 2 0
sermon-uploader/handlers/handlers.go:556.21,558.3 1 0
sermon-uploader/handlers/handlers.go:560.2,561.64 2 0
sermon-uploader/handlers/handlers.go:561.64,563.3 1 0
sermon-uploader/handlers/handlers.go:565.2,567.16 3 0
sermon-uploader/handlers/handlers.go:567.16,569.3 1 0
sermon-uploader/handlers/handlers.go:571.2,573.26 3 0
sermon-uploader/handlers/handlers.go:577.58,579.20 2 0
sermon-uploader/handlers/handlers.go:579.20,581.3 1 0
sermon-uploader/handlers/handlers.go:583.2,587.16 3 0
sermon-uploader/handlers/handlers.go:587.16,589.3 1 0
sermon-uploader/handlers/handlers.go:592.2,592.30 1 0
sermon-uploader/handlers/handlers.go:592.30,598.3 1 0
sermon-uploader/handlers/handlers.go:601.2,602.16 2 0
sermon-uploader/handlers/handlers.go:602.16,604.3 1 0
sermon-uploader/handlers/handlers.go:605.2,609.16 3 0
sermon-uploader/handlers/handlers.go:609.16,611.3 1 0
sermon-uploader/handlers/handlers.go:614.2,615.16 2 0
sermon-uploader/handlers/handlers.go:615.16,617.3 1 0
sermon-uploader/handlers/handlers.go:620.2,622.23 2 0
sermon-uploader/handlers/handlers.go:626.56,628.20 2 0
sermon-uploader/handlers/handlers.go:628.20,630.3 1 0
sermon-uploader/handlers/handlers.go:632.2,634.16 3 0
sermon-uploader/handlers/handlers.go:634.16,636.3 1 0
sermon-uploader/handlers/handlers.go:638.2,639.26 2 0
sermon-uploader/handlers/handlers.go:643.58,646.29 2 0
sermon-uploader/handlers/handlers.go:646.29,650.3 1 0
sermon-uploader/handlers/handlers.go:652.2,653.22 2 0
sermon-uploader/handlers/handlers.go:657.60,665.2 1 0
sermon-uploader/handlers/handlers.go:668.60,670.20 2 0
sermon-uploader/handlers/handlers.go:670.20,672.3 1 0
sermon-uploader/handlers/handlers.go:674.2,675.24 2 0
sermon-uploader/handlers/handlers.go:675.24,677.3 1 0
sermon-uploader/handlers/handlers.go:680.2,681.16 2 0
sermon-uploader/handlers/handlers.go:681.16,683.3 1 0
sermon-uploader/handlers/handlers.go:686.2,698.4 5 0
sermon-uploader/handlers/handlers.go:702.62,705.23 2 0
sermon-uploader/handlers/handlers.go:705.23,710.3 1 0
sermon-uploader/handlers/handlers.go:713.2,718.4 2 0
sermon-uploader/handlers/presigned.go:14.61,19.2 4 1
sermon-uploader/handlers/presigned.go:22.56,29.43 3 1
sermon-uploader/handlers/presigned.go:29.43,34.3 1 1
sermon-uploader/handlers/presigned.go:37.2,38.16 2 0
sermon-uploader/handlers/presigned.go:38.16,43.3 1 0
sermon-uploader/handlers/presigned.go:45.2,45.17 1 0
sermon-uploader/handlers/presigned.go:45.17,52.3 1 0
sermon-uploader/handlers/presigned.go:55.2,56.16 2 0
sermon-uploader/handlers/presigned.go:56.16,61.3 1 0
sermon-uploader/handlers/presigned.go:63.2,70.4 1 0
sermon-uploader/handlers/presigned.go:74.60,80.43 3 1
sermon-uploader/handlers/presigned.go:80.43,85.3 1 1
sermon-uploader/handlers/presigned.go:88.2,89.27 2 0
sermon-uploader/handlers/presigned.go:89.27,94.3 1 0
sermon-uploader/handlers/presigned.go:97.2,98.16 2 0
sermon-uploader/handlers/presigned.go:98.16,103.3 1 0
sermon-uploader/handlers/presigned.go:106.2,114.12 2 0
sermon-uploader/handlers/presigned.go:114.12,123.17 6 0
sermon-uploader/handlers/presigned.go:123.17,126.4 2 0
sermon-uploader/handlers/presigned.go:129.3,132.82 2 0
sermon-uploader/handlers/presigned.go:132.82,134.4 1 0
sermon-uploader/handlers/presigned.go:137.3,137.30 1 0
sermon-uploader/handlers/presigned.go:137.30,139.4 1 0
sermon-uploader/handlers/presigned.go:141.3,141.116 1 0
sermon-uploader/handlers/presigned.go:144.2,150.4 1 0
sermon-uploader/handlers/presigned.go:154.62,165.43 4 1
sermon-uploader/handlers/presigned.go:165.43,170.3 1 1
sermon-uploader/handlers/presigned.go:172.2,172.25 1 1
sermon-uploader/handlers/presigned.go:172.25,177.3 1 1
sermon-uploader/handlers/presigned.go:179.2,179.25 1 1
sermon-uploader/handlers/presigned.go:179.25,184.3 1 1
sermon-uploader/handlers/presigned.go:186.2,191.36 5 0
sermon-uploader/handlers/presigned.go:191.36,196.17 3 0
sermon-uploader/handlers/presigned.go:196.17,201.4 4 0
sermon-uploader/handlers/presigned.go:201.9,201.25 1 0
sermon-uploader/handlers/presigned.go:201.25,206.4 4 0
sermon-uploader/handlers/presigned.go:206.9,209.18 2 0
sermon-uploader/handlers/presigned.go:209.18,214.5 4 0
sermon-uploader/handlers/presigned.go:214.10,221.5 6 0
sermon-uploader/handlers/presigned.go:224.3,224.41 1 0
sermon-uploader/handlers/presigned.go:227.2,236.4 1 0
sermon-uploader/monitoring/monitoring.go:40.29,41.21 1 0
sermon-uploader/monitoring/monitoring.go:41.21,51.3 3 0
sermon-uploader/monitoring/monitoring.go:55.41,56.27 1 0
sermon-uploader/monitoring/monitoring.go:56.27,58.3 1 0
sermon-uploader/monitoring/monitoring.go:59.2,59.23 1 0
sermon-uploader/monitoring/monitoring.go:63.46,64.28 1 0
sermon-uploader/monitoring/monitoring.go:64.28,66.3 1 0
sermon-uploader/monitoring/monitoring.go:67.2,67.24 1 0
sermon-uploader/monitoring/monitoring.go:71.40,72.25 1 0
sermon-uploader/monitoring/monitoring.go:72.25,74.3 1 0
sermon-uploader/monitoring/monitoring.go:75.2,75.21 1 0
sermon-uploader/monitoring/monitoring.go:81.76,85.48 3 0
sermon-uploader/monitoring/monitoring.go:85.48,89.3 3 0
sermon-uploader/monitoring/monitoring.go:89.8,95.3 1 0
sermon-uploader/monitoring/monitoring.go:99.67,104.39 4 0
sermon-uploader/monitoring/monitoring.go:104.39,106.24 2 0
sermon-uploader/monitoring/monitoring.go:106.24,108.4 1 0
sermon-uploader/monitoring/monitoring.go:110.3,115.4 1 0
sermon-uploader/monitoring/monitoring.go:117.2,117.15 1 0
sermon-uploader/monitoring/monitoring.go:121.62,123.16 2 0
sermon-uploader/monitoring/monitoring.go:123.16,125.3 1 0
sermon-uploader/monitoring/monitoring.go:131.73,135.2 3 0
sermon-uploader/monitoring/monitoring.go:138.64,142.30 4 0
sermon-uploader/monitoring/monitoring.go:142.30,144.3 1 0
sermon-uploader/monitoring/monitoring.go:145.2,145.15 1 0
sermon-uploader/monitoring/monitoring.go:149.58,152.44 3 0
sermon-uploader/monitoring/monitoring.go:152.44,153.35 1 0
sermon-uploader/monitoring/monitoring.go:153.35,155.4 1 0
sermon-uploader/monitoring/monitoring.go:155.9,157.4 1 0
sermon-uploader/monitoring/monitoring.go:158.8,160.3 1 0
sermon-uploader/monitoring/monitoring.go:164.44,166.2 1 0
sermon-uploader/monitoring/monitoring.go:169.42,171.2 1 0
sermon-uploader/monitoring/monitoring.go:174.81,178.2 3 0
sermon-uploader/monitoring/monitoring.go:183.72,185.2 1 0
sermon-uploader/monitoring/monitoring.go:188.62,192.36 3 0
sermon-uploader/monitoring/monitoring.go:192.36,194.17 2 0
sermon-uploader/monitoring/monitoring.go:194.17,200.4 2 0
sermon-uploader/monitoring/monitoring.go:200.9,204.4 1 0
sermon-uploader/monitoring/monitoring.go:207.2,210.16 3 0
sermon-uploader/optimization/object_pools.go:34.36,35.22 1 0
sermon-uploader/optimization/object_pools.go:35.22,39.3 1 0
sermon-uploader/optimization/object_pools.go:40.2,40.20 1 0
sermon-uploader/optimization/object_pools.go:44.36,48.2 1 0
sermon-uploader/optimization/object_pools.go:51.61,56.13 4 0
sermon-uploader/optimization/object_pools.go:56.13,59.51 2 0
sermon-uploader/optimization/object_pools.go:59.51,63.30 1 0
sermon-uploader/optimization/object_pools.go:63.30,65.7 1 0
sermon-uploader/optimization/object_pools.go:68.4,68.31 1 0
sermon-uploader/optimization/object_pools.go:70.3,70.17 1 0
sermon-uploader/optimization/object_pools.go:73.2,74.24 2 0
sermon-uploader/optimization/object_pools.go:74.24,76.3 1 0
sermon-uploader/optimization/object_pools.go:78.2,78.28 1 0
sermon-uploader/optimization/object_pools.go:82.42,86.28 1 0
sermon-uploader/optimization/object_pools.go:86.28,88.5 1 0
sermon-uploader/optimization/object_pools.go:94.36,96.2 1 0
sermon-uploader/optimization/object_pools.go:99.42,100.28 1 0
sermon-uploader/optimization/object_pools.go:100.28,102.3 1 0
sermon-uploader/optimization/object_pools.go:106.44,112.2 1 0
sermon-uploader/optimization/object_pools.go:115.60,117.2 1 0
sermon-uploader/optimization/object_pools.go:120.41,123.2 2 0
sermon-uploader/optimization/object_pools.go:126.36,128.2 1 0
sermon-uploader/optimization/object_pools.go:135.59,138.2 2 0
sermon-uploader/optimization/object_pools.go:140.45,143.27 2 0
sermon-uploader/optimization/object_pools.go:143.27,145.3 1 0
sermon-uploader/optimization/object_pools.go:146.2,148.40 3 0
sermon-uploader/optimization/object_pools.go:148.40,150.3 1 0
sermon-uploader/optimization/object_pools.go:151.2,151.15 1 0
sermon-uploader/optimization/object_pools.go:154.32,156.2 1 0
sermon-uploader/optimization/object_pools.go:159.58,165.35 5 0
sermon-uploader/optimization/object_pools.go:165.35,167.3 1 0
sermon-uploader/optimization/object_pools.go:169.2,173.3 1 0
sermon-uploader/optimization/object_pools.go:177.55,184.2 2 0
sermon-uploader/optimization/object_pools.go:187.65,189.2 1 0
sermon-uploader/optimization/object_pools.go:205.78,210.2 1 0
sermon-uploader/optimization/object_pools.go:221.115,227.2 1 0
sermon-uploader/optimization/object_pools.go:230.56,232.11 2 0
sermon-uploader/optimization/object_pools.go:232.11,234.27 2 0
sermon-uploader/optimization/object_pools.go:234.27,236.4 1 0
sermon-uploader/optimization/object_pools.go:238.2,238.15 1 0
sermon-uploader/monitoring/monitoring.go:40.29,41.21 1 0
sermon-uploader/monitoring/monitoring.go:41.21,51.3 3 0
sermon-uploader/monitoring/monitoring.go:55.41,56.27 1 0
sermon-uploader/monitoring/monitoring.go:56.27,58.3 1 0
sermon-uploader/monitoring/monitoring.go:59.2,59.23 1 0
sermon-uploader/monitoring/monitoring.go:63.46,64.28 1 0
sermon-uploader/monitoring/monitoring.go:64.28,66.3 1 0
sermon-uploader/monitoring/monitoring.go:67.2,67.24 1 0
sermon-uploader/monitoring/monitoring.go:71.40,72.25 1 0
sermon-uploader/monitoring/monitoring.go:72.25,74.3 1 0
sermon-uploader/monitoring/monitoring.go:75.2,75.21 1 0
sermon-uploader/monitoring/monitoring.go:81.76,85.48 3 0
sermon-uploader/monitoring/monitoring.go:85.48,89.3 3 0
sermon-uploader/monitoring/monitoring.go:89.8,95.3 1 0
sermon-uploader/monitoring/monitoring.go:99.67,104.39 4 0
sermon-uploader/monitoring/monitoring.go:104.39,106.24 2 0
sermon-uploader/monitoring/monitoring.go:106.24,108.4 1 0
sermon-uploader/monitoring/monitoring.go:110.3,115.4 1 0
sermon-uploader/monitoring/monitoring.go:117.2,117.15 1 0
sermon-uploader/monitoring/monitoring.go:121.62,123.16 2 0
sermon-uploader/monitoring/monitoring.go:123.16,125.3 1 0
sermon-uploader/monitoring/monitoring.go:131.73,135.2 3 0
sermon-uploader/monitoring/monitoring.go:138.64,142.30 4 0
sermon-uploader/monitoring/monitoring.go:142.30,144.3 1 0
sermon-uploader/monitoring/monitoring.go:145.2,145.15 1 0
sermon-uploader/monitoring/monitoring.go:149.58,152.44 3 0
sermon-uploader/monitoring/monitoring.go:152.44,153.35 1 0
sermon-uploader/monitoring/monitoring.go:153.35,155.4 1 0
sermon-uploader/monitoring/monitoring.go:155.9,157.4 1 0
sermon-uploader/monitoring/monitoring.go:158.8,160.3 1 0
sermon-uploader/monitoring/monitoring.go:164.44,166.2 1 0
sermon-uploader/monitoring/monitoring.go:169.42,171.2 1 0
sermon-uploader/monitoring/monitoring.go:174.81,178.2 3 0
sermon-uploader/monitoring/monitoring.go:183.72,185.2 1 0
sermon-uploader/monitoring/monitoring.go:188.62,192.36 3 0
sermon-uploader/monitoring/monitoring.go:192.36,194.17 2 0
sermon-uploader/monitoring/monitoring.go:194.17,200.4 2 0
sermon-uploader/monitoring/monitoring.go:200.9,204.4 1 0
sermon-uploader/monitoring/monitoring.go:207.2,210.16 3 0
sermon-uploader/optimization/object_pools.go:34.36,35.22 1 0
sermon-uploader/optimization/object_pools.go:35.22,39.3 1 0
sermon-uploader/optimization/object_pools.go:40.2,40.20 1 0
sermon-uploader/optimization/object_pools.go:44.36,48.2 1 0
sermon-uploader/optimization/object_pools.go:51.61,56.13 4 0
sermon-uploader/optimization/object_pools.go:56.13,59.51 2 0
sermon-uploader/optimization/object_pools.go:59.51,63.30 1 0
sermon-uploader/optimization/object_pools.go:63.30,65.7 1 0
sermon-uploader/optimization/object_pools.go:68.4,68.31 1 0
sermon-uploader/optimization/object_pools.go:70.3,70.17 1 0
sermon-uploader/optimization/object_pools.go:73.2,74.24 2 0
sermon-uploader/optimization/object_pools.go:74.24,76.3 1 0
sermon-uploader/optimization/object_pools.go:78.2,78.28 1 0
sermon-uploader/optimization/object_pools.go:82.42,86.28 1 0
sermon-uploader/optimization/object_pools.go:86.28,88.5 1 0
sermon-uploader/optimization/object_pools.go:94.36,96.2 1 0
sermon-uploader/optimization/object_pools.go:99.42,100.28 1 0
sermon-uploader/optimization/object_pools.go:100.28,102.3 1 0
sermon-uploader/optimization/object_pools.go:106.44,112.2 1 0
sermon-uploader/optimization/object_pools.go:115.60,117.2 1 0
sermon-uploader/optimization/object_pools.go:120.41,123.2 2 0
sermon-uploader/optimization/object_pools.go:126.36,128.2 1 0
sermon-uploader/optimization/object_pools.go:135.59,138.2 2 0
sermon-uploader/optimization/object_pools.go:140.45,143.27 2 0
sermon-uploader/optimization/object_pools.go:143.27,145.3 1 0
sermon-uploader/optimization/object_pools.go:146.2,148.40 3 0
sermon-uploader/optimization/object_pools.go:148.40,150.3 1 0
sermon-uploader/optimization/object_pools.go:151.2,151.15 1 0
sermon-uploader/optimization/object_pools.go:154.32,156.2 1 0
sermon-uploader/optimization/object_pools.go:159.58,165.35 5 0
sermon-uploader/optimization/object_pools.go:165.35,167.3 1 0
sermon-uploader/optimization/object_pools.go:169.2,173.3 1 0
sermon-uploader/optimization/object_pools.go:177.55,184.2 2 0
sermon-uploader/optimization/object_pools.go:187.65,189.2 1 0
sermon-uploader/optimization/object_pools.go:205.78,210.2 1 0
sermon-uploader/optimization/object_pools.go:221.115,227.2 1 0
sermon-uploader/optimization/object_pools.go:230.56,232.11 2 0
sermon-uploader/optimization/object_pools.go:232.11,234.27 2 0
sermon-uploader/optimization/object_pools.go:234.27,236.4 1 0
sermon-uploader/optimization/object_pools.go:238.2,238.15 1 0
sermon-uploader/services/discord.go:35.59,39.2 1 1
sermon-uploader/services/discord.go:41.110,42.24 1 1
sermon-uploader/services/discord.go:42.24,44.3 1 1
sermon-uploader/services/discord.go:46.2,62.16 4 0
sermon-uploader/services/discord.go:62.16,64.3 1 0
sermon-uploader/services/discord.go:66.2,67.16 2 0
sermon-uploader/services/discord.go:67.16,69.3 1 0
sermon-uploader/services/discord.go:70.2,72.28 2 0
sermon-uploader/services/discord.go:72.28,74.3 1 0
sermon-uploader/services/discord.go:76.2,76.12 1 0
sermon-uploader/services/discord.go:79.72,86.2 1 0
sermon-uploader/services/discord.go:88.77,90.13 2 0
sermon-uploader/services/discord.go:90.13,92.3 1 0
sermon-uploader/services/discord.go:94.2,99.3 1 0
sermon-uploader/services/discord.go:102.101,106.36 3 0
sermon-uploader/services/discord.go:106.36,109.3 2 0
sermon-uploader/services/discord.go:109.8,109.28 1 0
sermon-uploader/services/discord.go:109.28,112.3 2 0
sermon-uploader/services/discord.go:112.8,115.3 2 0
sermon-uploader/services/discord.go:117.2,118.13 2 0
sermon-uploader/services/discord.go:118.13,120.3 1 0
sermon-uploader/services/discord.go:122.2,123.20 2 0
sermon-uploader/services/discord.go:123.20,125.3 1 0
sermon-uploader/services/discord.go:126.2,126.16 1 0
sermon-uploader/services/discord.go:126.16,128.3 1 0
sermon-uploader/services/discord.go:130.2,134.20 2 0
sermon-uploader/services/discord.go:134.20,136.3 1 0
sermon-uploader/services/discord.go:138.2,138.16 1 0
sermon-uploader/services/discord.go:138.16,140.3 1 0
sermon-uploader/services/discord.go:142.2,147.3 1 0
sermon-uploader/services/discord.go:151.88,155.22 3 0
sermon-uploader/services/discord.go:155.22,158.3 2 0
sermon-uploader/services/discord.go:158.8,161.3 2 0
sermon-uploader/services/discord.go:164.2,165.33 2 0
sermon-uploader/services/discord.go:165.33,167.3 1 0
sermon-uploader/services/discord.go:168.2,168.28 1 0
sermon-uploader/services/discord.go:168.28,170.3 1 0
sermon-uploader/services/discord.go:173.2,177.26 2 0
sermon-uploader/services/discord.go:177.26,179.3 1 0
sermon-uploader/services/discord.go:181.2,181.29 1 0
sermon-uploader/services/discord.go:181.29,183.3 1 0
sermon-uploader/services/discord.go:185.2,185.27 1 0
sermon-uploader/services/discord.go:185.27,187.29 2 0
sermon-uploader/services/discord.go:187.29,189.4 1 0
sermon-uploader/services/discord.go:189.9,189.35 1 0
sermon-uploader/services/discord.go:189.35,191.4 1 0
sermon-uploader/services/discord.go:192.3,192.92 1 0
sermon-uploader/services/discord.go:195.2,195.26 1 0
sermon-uploader/services/discord.go:195.26,197.3 1 0
sermon-uploader/services/discord.go:199.2,199.32 1 0
sermon-uploader/services/discord.go:199.32,201.3 1 0
sermon-uploader/services/discord.go:204.2,204.26 1 0
sermon-uploader/services/discord.go:204.26,206.3 1 0
sermon-uploader/services/discord.go:207.2,207.27 1 0
sermon-uploader/services/discord.go:207.27,209.3 1 0
sermon-uploader/services/discord.go:210.2,210.25 1 0
sermon-uploader/services/discord.go:210.25,212.3 1 0
sermon-uploader/services/discord.go:215.2,215.37 1 0
sermon-uploader/services/discord.go:215.37,219.29 3 0
sermon-uploader/services/discord.go:219.29,221.4 1 0
sermon-uploader/services/discord.go:221.9,221.36 1 0
sermon-uploader/services/discord.go:221.36,223.4 1 0
sermon-uploader/services/discord.go:223.9,225.4 1 0
sermon-uploader/services/discord.go:227.3,227.104 1 0
sermon-uploader/services/discord.go:231.2,231.32 1 0
sermon-uploader/services/discord.go:231.32,233.30 2 0
sermon-uploader/services/discord.go:233.30,235.4 1 0
sermon-uploader/services/discord.go:236.3,236.100 1 0
sermon-uploader/services/discord.go:239.2,239.63 1 0
sermon-uploader/services/discord.go:242.58,249.2 1 0
sermon-uploader/services/file_service.go:39.121,60.2 6 0
sermon-uploader/services/file_service.go:63.61,65.2 1 0
sermon-uploader/services/file_service.go:67.91,69.53 1 0
sermon-uploader/services/file_service.go:69.53,71.3 1 0
sermon-uploader/services/file_service.go:74.2,75.16 2 0
sermon-uploader/services/file_service.go:75.16,77.3 1 0
sermon-uploader/services/file_service.go:80.2,81.71 2 0
sermon-uploader/services/file_service.go:81.71,84.3 1 0
sermon-uploader/services/file_service.go:85.2,92.35 6 0
sermon-uploader/services/file_service.go:92.35,97.17 3 0
sermon-uploader/services/file_service.go:97.17,106.12 5 0
sermon-uploader/services/file_service.go:110.3,110.31 1 0
sermon-uploader/services/file_service.go:110.31,119.12 5 0
sermon-uploader/services/file_service.go:123.3,127.17 3 0
sermon-uploader/services/file_service.go:127.17,136.12 5 0
sermon-uploader/services/file_service.go:140.3,151.93 5 0
sermon-uploader/services/file_service.go:155.2,163.94 2 0
sermon-uploader/services/file_service.go:163.94,166.3 1 0
sermon-uploader/services/file_service.go:168.2,170.21 2 0
sermon-uploader/services/file_service.go:182.94,188.22 4 0
sermon-uploader/services/file_service.go:188.22,190.17 2 0
sermon-uploader/services/file_service.go:190.17,192.4 1 0
sermon-uploader/services/file_service.go:193.3,200.22 4 0
sermon-uploader/services/file_service.go:200.22,202.4 1 0
sermon-uploader/services/file_service.go:204.3,211.7 5 0
sermon-uploader/services/file_service.go:211.7,213.13 2 0
sermon-uploader/services/file_service.go:213.13,218.48 3 0
sermon-uploader/services/file_service.go:218.48,222.6 2 0
sermon-uploader/services/file_service.go:225.4,225.21 1 0
sermon-uploader/services/file_service.go:225.21,226.10 1 0
sermon-uploader/services/file_service.go:228.4,228.18 1 0
sermon-uploader/services/file_service.go:228.18,230.5 1 0
sermon-uploader/services/file_service.go:233.3,234.13 2 0
sermon-uploader/services/file_service.go:237.2,237.16 1 0
sermon-uploader/services/file_service.go:237.16,239.3 1 0
sermon-uploader/services/file_service.go:241.2,241.28 1 0
sermon-uploader/services/file_service.go:245.117,247.16 2 0
sermon-uploader/services/file_service.go:247.16,249.3 1 0
sermon-uploader/services/file_service.go:250.2,253.90 2 0
sermon-uploader/services/file_service.go:257.129,260.2 1 0
sermon-uploader/services/file_service.go:263.101,266.2 1 0
sermon-uploader/services/file_service.go:269.106,272.16 2 0
sermon-uploader/services/file_service.go:272.16,274.3 1 0
sermon-uploader/services/file_service.go:276.2,276.30 1 0
sermon-uploader/services/file_service.go:276.30,281.3 1 0
sermon-uploader/services/file_service.go:284.2,285.16 2 0
sermon-uploader/services/file_service.go:285.16,287.3 1 0
sermon-uploader/services/file_service.go:290.2,291.16 2 0
sermon-uploader/services/file_service.go:291.16,293.3 1 0
sermon-uploader/services/file_service.go:294.2,297.16 3 0
sermon-uploader/services/file_service.go:297.16,299.3 1 0
sermon-uploader/services/file_service.go:302.2,310.8 2 0
sermon-uploader/services/file_service.go:314.63,316.2 1 0
sermon-uploader/services/file_service.go:319.51,321.2 1 0
sermon-uploader/services/file_service.go:324.101,330.39 4 0
sermon-uploader/services/file_service.go:330.39,332.3 1 0
sermon-uploader/services/file_service.go:335.2,340.53 4 0
sermon-uploader/services/file_service.go:340.53,342.3 1 0
sermon-uploader/services/file_service.go:345.2,346.16 2 0
sermon-uploader/services/file_service.go:346.16,348.3 1 0
sermon-uploader/services/file_service.go:351.2,352.71 2 0
sermon-uploader/services/file_service.go:352.71,354.3 1 0
sermon-uploader/services/file_service.go:355.2,358.35 2 0
sermon-uploader/services/file_service.go:358.35,360.46 2 0
sermon-uploader/services/file_service.go:360.46,363.17 3 0
sermon-uploader/services/file_service.go:363.17,363.32 1 0
sermon-uploader/services/file_service.go:365.4,369.25 3 0
sermon-uploader/services/file_service.go:374.2,374.12 1 0
sermon-uploader/services/file_service.go:374.12,377.3 2 0
sermon-uploader/services/file_service.go:380.2,385.34 5 0
sermon-uploader/services/file_service.go:385.34,387.24 2 0
sermon-uploader/services/file_service.go:388.18,389.16 1 0
sermon-uploader/services/file_service.go:390.20,391.16 1 0
sermon-uploader/services/file_service.go:392.11,393.12 1 0
sermon-uploader/services/file_service.go:398.2,406.94 2 0
sermon-uploader/services/file_service.go:406.94,408.3 1 0
sermon-uploader/services/file_service.go:410.2,412.21 2 0
sermon-uploader/services/file_service.go:416.151,419.16 2 0
sermon-uploader/services/file_service.go:419.16,427.3 3 0
sermon-uploader/services/file_service.go:430.2,430.30 1 0
sermon-uploader/services/file_service.go:430.30,438.3 3 0
sermon-uploader/services/file_service.go:441.2,445.16 3 0
sermon-uploader/services/file_service.go:445.16,453.3 3 0
sermon-uploader/services/file_service.go:456.2,466.15 4 0
sermon-uploader/services/file_service_optimized.go:13.100,19.22 4 0
sermon-uploader/services/file_service_optimized.go:19.22,24.54 3 0
sermon-uploader/services/file_service_optimized.go:24.54,26.4 1 0
sermon-uploader/services/file_service_optimized.go:29.3,30.17 2 0
sermon-uploader/services/file_service_optimized.go:30.17,32.4 1 0
sermon-uploader/services/file_service_optimized.go:35.3,36.72 2 0
sermon-uploader/services/file_service_optimized.go:36.72,38.4 1 0
sermon-uploader/services/file_service_optimized.go:39.3,44.36 3 0
sermon-uploader/services/file_service_optimized.go:44.36,51.40 1 0
sermon-uploader/services/file_service_optimized.go:51.40,59.25 2 0
sermon-uploader/services/file_service_optimized.go:59.25,62.7 2 0
sermon-uploader/services/file_service_optimized.go:62.12,64.42 1 0
sermon-uploader/services/file_service_optimized.go:64.42,67.8 2 0
sermon-uploader/services/file_service_optimized.go:67.13,69.8 1 0
sermon-uploader/services/file_service_optimized.go:72.6,72.29 1 0
sermon-uploader/services/file_service_optimized.go:76.4,76.56 1 0
sermon-uploader/services/file_service_optimized.go:76.56,82.5 1 0
sermon-uploader/services/file_service_optimized.go:86.3,91.35 5 0
sermon-uploader/services/file_service_optimized.go:91.35,92.11 1 0
sermon-uploader/services/file_service_optimized.go:93.29,95.26 2 0
sermon-uploader/services/file_service_optimized.go:96.20,97.18 1 0
sermon-uploader/services/file_service_optimized.go:98.22,99.18 1 0
sermon-uploader/services/file_service_optimized.go:100.13,101.14 1 0
sermon-uploader/services/file_service_optimized.go:103.22,104.46 1 0
sermon-uploader/services/file_service_optimized.go:109.3,117.95 2 0
sermon-uploader/services/file_service_optimized.go:117.95,119.4 1 0
sermon-uploader/services/file_service_optimized.go:121.3,123.13 2 0
sermon-uploader/services/file_service_optimized.go:126.2,126.16 1 0
sermon-uploader/services/file_service_optimized.go:126.16,128.3 1 0
sermon-uploader/services/file_service_optimized.go:130.2,130.21 1 0
sermon-uploader/services/file_service_optimized.go:134.60,136.2 1 0
sermon-uploader/services/file_service_optimized.go:139.64,148.2 3 0
sermon-uploader/services/file_service_optimized.go:158.39,159.25 1 0
sermon-uploader/services/file_service_optimized.go:159.25,161.3 1 0
sermon-uploader/services/file_service_optimized.go:162.2,162.12 1 0
sermon-uploader/services/metadata.go:137.58,141.2 1 0
sermon-uploader/services/metadata.go:144.92,147.16 2 0
sermon-uploader/services/metadata.go:147.16,149.3 1 0
sermon-uploader/services/metadata.go:151.2,159.69 2 0
sermon-uploader/services/metadata.go:159.69,161.3 1 0
sermon-uploader/services/metadata.go:164.2,169.22 3 0
sermon-uploader/services/metadata.go:173.121,178.70 2 0
sermon-uploader/services/metadata.go:178.70,180.3 1 0
sermon-uploader/services/metadata.go:183.2,183.74 1 0
sermon-uploader/services/metadata.go:183.74,185.3 1 0
sermon-uploader/services/metadata.go:188.2,193.22 3 0
sermon-uploader/services/metadata.go:196.98,207.16 3 0
sermon-uploader/services/metadata.go:207.16,209.3 1 0
sermon-uploader/services/metadata.go:211.2,212.55 2 0
sermon-uploader/services/metadata.go:212.55,214.3 1 0
sermon-uploader/services/metadata.go:217.2,218.80 2 0
sermon-uploader/services/metadata.go:218.80,221.3 2 0
sermon-uploader/services/metadata.go:222.2,222.68 1 0
sermon-uploader/services/metadata.go:222.68,224.3 1 0
sermon-uploader/services/metadata.go:227.2,227.30 1 0
sermon-uploader/services/metadata.go:227.30,234.3 6 0
sermon-uploader/services/metadata.go:237.2,237.39 1 0
sermon-uploader/services/metadata.go:237.39,238.34 1 0
sermon-uploader/services/metadata.go:238.34,244.70 5 0
sermon-uploader/services/metadata.go:244.70,246.5 1 0
sermon-uploader/services/metadata.go:249.4,251.9 2 0
sermon-uploader/services/metadata.go:255.2,258.12 3 0
sermon-uploader/services/metadata.go:261.62,263.42 2 0
sermon-uploader/services/metadata.go:263.42,264.57 1 0
sermon-uploader/services/metadata.go:264.57,266.4 1 0
sermon-uploader/services/metadata.go:268.2,268.14 1 0
sermon-uploader/services/metadata.go:271.71,276.9 2 0
sermon-uploader/services/metadata.go:277.36,278.13 1 0
sermon-uploader/services/metadata.go:279.36,280.13 1 0
sermon-uploader/services/metadata.go:281.36,282.13 1 0
sermon-uploader/services/metadata.go:283.10,284.13 1 0
sermon-uploader/services/metadata.go:288.2,288.9 1 0
sermon-uploader/services/metadata.go:289.36,290.13 1 0
sermon-uploader/services/metadata.go:291.36,292.13 1 0
sermon-uploader/services/metadata.go:293.10,294.13 1 0
sermon-uploader/services/metadata.go:298.2,298.25 1 0
sermon-uploader/services/metadata.go:298.25,300.3 1 0
sermon-uploader/services/metadata.go:303.2,303.53 1 0
sermon-uploader/services/metadata.go:303.53,305.3 1 0
sermon-uploader/services/metadata.go:308.2,308.9 1 0
sermon-uploader/services/metadata.go:309.18,310.42 1 0
sermon-uploader/services/metadata.go:311.18,312.48 1 0
sermon-uploader/services/metadata.go:313.18,314.41 1 0
sermon-uploader/services/metadata.go:315.10,316.41 1 0
sermon-uploader/services/metadata.go:320.91,329.16 3 0
sermon-uploader/services/metadata.go:329.16,333.3 3 0
sermon-uploader/services/metadata.go:336.2,336.21 1 0
sermon-uploader/services/metadata.go:336.21,338.3 1 0
sermon-uploader/services/metadata.go:341.66,347.15 5 0
sermon-uploader/services/metadata.go:347.15,349.3 1 0
sermon-uploader/services/metadata.go:350.2,350.46 1 0
sermon-uploader/services/minio.go:85.56,104.16 3 0
sermon-uploader/services/minio.go:104.16,106.3 1 0
sermon-uploader/services/minio.go:109.2,125.3 5 0
sermon-uploader/services/minio.go:128.47,132.2 3 0
sermon-uploader/services/minio.go:134.50,136.2 1 0
sermon-uploader/services/minio.go:138.51,142.16 3 0
sermon-uploader/services/minio.go:142.16,144.3 1 0
sermon-uploader/services/minio.go:146.2,146.13 1 0
sermon-uploader/services/minio.go:146.13,148.17 2 0
sermon-uploader/services/minio.go:148.17,150.4 1 0
sermon-uploader/services/minio.go:151.3,151.57 1 0
sermon-uploader/services/minio.go:154.2,154.12 1 0
sermon-uploader/services/minio.go:157.52,165.31 4 0
sermon-uploader/services/minio.go:165.31,166.24 1 0
sermon-uploader/services/minio.go:166.24,168.4 1 0
sermon-uploader/services/minio.go:169.3,169.44 1 0
sermon-uploader/services/minio.go:169.44,171.4 1 0
sermon-uploader/services/minio.go:174.2,174.19 1 0
sermon-uploader/services/minio.go:177.69,185.31 4 0
sermon-uploader/services/minio.go:185.31,186.24 1 0
sermon-uploader/services/minio.go:186.24,188.4 1 0
sermon-uploader/services/minio.go:190.3,190.44 1 0
sermon-uploader/services/minio.go:190.44,193.18 2 0
sermon-uploader/services/minio.go:193.18,194.13 1 0
sermon-uploader/services/minio.go:197.4,197.76 1 0
sermon-uploader/services/minio.go:197.76,199.5 1 0
sermon-uploader/services/minio.go:203.2,203.20 1 0
sermon-uploader/services/minio.go:206.100,236.16 9 0
sermon-uploader/services/minio.go:236.16,238.3 1 0
sermon-uploader/services/minio.go:241.2,242.16 2 0
sermon-uploader/services/minio.go:242.16,244.3 1 0
sermon-uploader/services/minio.go:246.2,250.16 3 0
sermon-uploader/services/minio.go:250.16,252.3 1 0
sermon-uploader/services/minio.go:254.2,254.22 1 0
sermon-uploader/services/minio.go:257.70,265.31 4 0
sermon-uploader/services/minio.go:265.31,266.24 1 0
sermon-uploader/services/minio.go:266.24,268.4 1 0
sermon-uploader/services/minio.go:270.3,270.44 1 0
sermon-uploader/services/minio.go:270.44,272.18 2 0
sermon-uploader/services/minio.go:272.18,273.13 1 0
sermon-uploader/services/minio.go:276.4,282.31 2 0
sermon-uploader/services/minio.go:286.2,286.19 1 0
sermon-uploader/services/minio.go:289.62,291.2 1 0
sermon-uploader/services/minio.go:293.71,295.20 2 0
sermon-uploader/services/minio.go:295.20,299.3 3 0
sermon-uploader/services/minio.go:300.2,300.21 1 0
sermon-uploader/services/minio.go:303.62,305.2 1 0
sermon-uploader/services/minio.go:308.71,313.16 3 0
sermon-uploader/services/minio.go:313.16,315.3 1 0
sermon-uploader/services/minio.go:316.2,320.16 3 0
sermon-uploader/services/minio.go:320.16,322.3 1 0
sermon-uploader/services/minio.go:323.2,327.16 3 0
sermon-uploader/services/minio.go:327.16,329.3 1 0
sermon-uploader/services/minio.go:331.2,331.12 1 0
sermon-uploader/services/minio.go:335.86,354.26 3 0
sermon-uploader/services/minio.go:354.26,356.3 1 0
sermon-uploader/services/minio.go:357.2,357.27 1 0
sermon-uploader/services/minio.go:357.27,359.3 1 0
sermon-uploader/services/minio.go:360.2,360.26 1 0
sermon-uploader/services/minio.go:360.26,362.3 1 0
sermon-uploader/services/minio.go:363.2,363.25 1 0
sermon-uploader/services/minio.go:363.25,365.3 1 0
sermon-uploader/services/minio.go:366.2,366.26 1 0
sermon-uploader/services/minio.go:366.26,368.3 1 0
sermon-uploader/services/minio.go:371.2,384.12 4 0
sermon-uploader/services/minio.go:388.66,402.31 4 0
sermon-uploader/services/minio.go:402.31,403.24 1 0
sermon-uploader/services/minio.go:403.24,406.12 3 0
sermon-uploader/services/minio.go:408.3,408.48 1 0
sermon-uploader/services/minio.go:411.2,411.27 1 0
sermon-uploader/services/minio.go:411.27,413.3 1 0
sermon-uploader/services/minio.go:416.2,416.38 1 0
sermon-uploader/services/minio.go:416.38,418.17 2 0
sermon-uploader/services/minio.go:418.17,421.4 2 0
sermon-uploader/services/minio.go:421.9,423.4 1 0
sermon-uploader/services/minio.go:426.2,426.20 1 0
sermon-uploader/services/minio.go:437.107,446.16 4 0
sermon-uploader/services/minio.go:446.16,448.3 1 0
sermon-uploader/services/minio.go:451.2,455.16 4 0
sermon-uploader/services/minio.go:455.16,457.3 1 0
sermon-uploader/services/minio.go:460.2,467.8 2 0
sermon-uploader/services/minio.go:471.74,476.16 4 0
sermon-uploader/services/minio.go:476.16,478.3 1 0
sermon-uploader/services/minio.go:479.2,482.16 3 0
sermon-uploader/services/minio.go:482.16,484.3 1 0
sermon-uploader/services/minio.go:486.2,486.18 1 0
sermon-uploader/services/minio.go:490.139,510.40 7 0
sermon-uploader/services/minio.go:510.40,512.97 1 0
sermon-uploader/services/minio.go:512.97,514.21 1 0
sermon-uploader/services/minio.go:514.21,517.5 2 0
sermon-uploader/services/minio.go:522.2,543.26 3 0
sermon-uploader/services/minio.go:543.26,544.27 1 0
sermon-uploader/services/minio.go:544.27,546.4 1 0
sermon-uploader/services/minio.go:546.9,546.35 1 0
sermon-uploader/services/minio.go:546.35,548.4 1 0
sermon-uploader/services/minio.go:548.9,550.4 1 0
sermon-uploader/services/minio.go:554.2,558.16 3 0
sermon-uploader/services/minio.go:558.16,560.3 1 0
sermon-uploader/services/minio.go:563.2,570.49 6 0
sermon-uploader/services/minio.go:570.49,572.3 1 0
sermon-uploader/services/minio.go:574.2,579.16 3 0
sermon-uploader/services/minio.go:579.16,581.3 1 0
sermon-uploader/services/minio.go:583.2,583.22 1 0
sermon-uploader/services/minio.go:587.198,596.2 2 0
sermon-uploader/services/minio.go:607.55,609.11 2 0
sermon-uploader/services/minio.go:609.11,611.25 2 0
sermon-uploader/services/minio.go:611.25,613.4 1 0
sermon-uploader/services/minio.go:615.2,615.15 1 0
sermon-uploader/services/minio.go:619.110,624.16 3 0
sermon-uploader/services/minio.go:624.16,626.3 1 0
sermon-uploader/services/minio.go:629.2,630.13 2 0
sermon-uploader/services/minio.go:630.13,636.3 1 0
sermon-uploader/services/minio.go:639.2,650.22 3 0
sermon-uploader/services/minio.go:650.22,652.3 1 0
sermon-uploader/services/minio.go:654.2,654.20 1 0
sermon-uploader/services/minio.go:669.77,685.31 4 0
sermon-uploader/services/minio.go:685.31,686.24 1 0
sermon-uploader/services/minio.go:686.24,688.4 1 0
sermon-uploader/services/minio.go:691.3,691.45 1 0
sermon-uploader/services/minio.go:691.45,692.12 1 0
sermon-uploader/services/minio.go:696.3,697.17 2 0
sermon-uploader/services/minio.go:697.17,698.12 1 0
sermon-uploader/services/minio.go:701.3,711.24 7 0
sermon-uploader/services/minio.go:711.24,713.4 1 0
sermon-uploader/services/minio.go:714.3,714.19 1 0
sermon-uploader/services/minio.go:714.19,716.4 1 0
sermon-uploader/services/minio.go:718.3,729.75 2 0
sermon-uploader/services/minio.go:729.75,731.4 1 0
sermon-uploader/services/minio.go:733.3,733.46 1 0
sermon-uploader/services/minio.go:736.2,736.19 1 0
sermon-uploader/services/minio.go:762.73,770.16 5 0
sermon-uploader/services/minio.go:770.16,773.3 1 0
sermon-uploader/services/minio.go:776.2,776.47 1 0
sermon-uploader/services/minio.go:776.47,778.3 1 0
sermon-uploader/services/minio.go:781.2,781.24 1 0
sermon-uploader/services/minio.go:781.24,784.17 3 0
sermon-uploader/services/minio.go:784.17,786.4 1 0
sermon-uploader/services/minio.go:790.2,803.16 3 0
sermon-uploader/services/minio.go:803.16,805.3 1 0
sermon-uploader/services/minio.go:805.8,807.3 1 0
sermon-uploader/services/minio.go:809.2,809.12 1 0
sermon-uploader/services/minio.go:813.153,822.44 2 0
sermon-uploader/services/minio.go:822.44,825.3 2 0
sermon-uploader/services/minio.go:829.110,832.60 2 0
sermon-uploader/services/minio.go:832.60,834.17 2 0
sermon-uploader/services/minio.go:834.17,836.4 1 0
sermon-uploader/services/minio.go:838.3,841.35 2 0
sermon-uploader/services/minio.go:841.35,842.9 1 0
sermon-uploader/services/minio.go:846.3,848.55 3 0
sermon-uploader/services/minio.go:848.55,849.46 1 0
sermon-uploader/services/minio.go:849.46,851.10 2 0
sermon-uploader/services/minio.go:855.3,855.19 1 0
sermon-uploader/services/minio.go:855.19,856.9 1 0
sermon-uploader/services/minio.go:860.3,861.30 2 0
sermon-uploader/services/minio.go:861.30,863.4 1 0
sermon-uploader/services/minio.go:866.3,873.10 5 0
sermon-uploader/services/minio.go:874.21,875.20 1 0
sermon-uploader/services/minio.go:876.28,876.28 0 0
sermon-uploader/services/minio.go:881.2,885.91 4 0
sermon-uploader/services/minio.go:889.86,894.17 4 0
sermon-uploader/services/minio.go:894.17,896.3 1 0
sermon-uploader/services/minio.go:900.51,915.29 4 0
sermon-uploader/services/minio.go:915.29,921.3 5 0
sermon-uploader/services/minio.go:923.2,923.16 1 0
sermon-uploader/services/minio.go:927.66,928.29 1 0
sermon-uploader/services/minio.go:928.29,934.3 1 0
sermon-uploader/services/minio.go:936.2,943.3 3 0
sermon-uploader/services/minio.go:947.100,955.16 5 0
sermon-uploader/services/minio.go:955.16,957.3 1 0
sermon-uploader/services/minio.go:959.2,959.35 1 0
sermon-uploader/services/minio.go:963.98,968.16 4 0
sermon-uploader/services/minio.go:968.16,970.3 1 0
sermon-uploader/services/minio.go:972.2,972.35 1 0
sermon-uploader/services/minio.go:976.132,985.16 4 0
sermon-uploader/services/minio.go:985.16,987.3 1 0
sermon-uploader/services/minio.go:990.2,998.16 2 0
sermon-uploader/services/minio.go:998.16,1000.3 1 0
sermon-uploader/services/minio.go:1003.2,1006.30 3 0
sermon-uploader/services/minio.go:1006.30,1012.17 5 0
sermon-uploader/services/minio.go:1012.17,1014.4 1 0
sermon-uploader/services/minio.go:1016.3,1019.4 1 0
sermon-uploader/services/minio.go:1022.2,1030.8 1 0
sermon-uploader/services/minio.go:1034.113,1042.16 3 0
sermon-uploader/services/minio.go:1042.16,1044.3 1 0
sermon-uploader/services/minio.go:1047.2,1048.29 2 0
sermon-uploader/services/minio.go:1048.29,1053.3 1 0
sermon-uploader/services/minio.go:1055.2,1056.16 2 0
sermon-uploader/services/minio.go:1056.16,1058.3 1 0
sermon-uploader/services/minio.go:1061.2,1065.12 4 0
sermon-uploader/services/minio_duplicates.go:12.80,22.16 2 0
sermon-uploader/services/minio_duplicates.go:22.16,23.53 1 0
sermon-uploader/services/minio_duplicates.go:23.53,25.4 1 0
sermon-uploader/services/minio_duplicates.go:26.3,26.20 1 0
sermon-uploader/services/minio_duplicates.go:29.2,29.18 1 0
sermon-uploader/services/minio_duplicates.go:33.83,50.2 3 0
sermon-uploader/services/minio_presigned.go:13.106,15.47 1 0
sermon-uploader/services/minio_presigned.go:15.47,17.3 1 0
sermon-uploader/services/minio_presigned.go:19.2,22.40 2 0
sermon-uploader/services/minio_presigned.go:22.40,27.17 2 0
sermon-uploader/services/minio_presigned.go:27.17,29.4 1 0
sermon-uploader/services/minio_presigned.go:30.3,31.17 2 0
sermon-uploader/services/minio_presigned.go:31.17,33.4 1 0
sermon-uploader/services/minio_presigned.go:34.3,34.36 1 0
sermon-uploader/services/minio_presigned.go:38.2,39.16 2 0
sermon-uploader/services/minio_presigned.go:39.16,41.3 1 0
sermon-uploader/services/minio_presigned.go:42.2,42.35 1 0
sermon-uploader/services/minio_presigned.go:46.66,53.16 2 0
sermon-uploader/services/minio_presigned.go:53.16,54.53 1 0
sermon-uploader/services/minio_presigned.go:54.53,56.4 1 0
sermon-uploader/services/minio_presigned.go:57.3,57.20 1 0
sermon-uploader/services/minio_presigned.go:59.2,59.18 1 0
sermon-uploader/services/minio_presigned.go:63.80,70.16 2 0
sermon-uploader/services/minio_presigned.go:70.16,72.3 1 0
sermon-uploader/services/minio_presigned.go:73.2,73.19 1 0
sermon-uploader/services/minio_presigned.go:77.108,81.40 3 0
sermon-uploader/services/minio_presigned.go:81.40,86.17 2 0
sermon-uploader/services/minio_presigned.go:86.17,88.4 1 0
sermon-uploader/services/minio_presigned.go:89.3,90.17 2 0
sermon-uploader/services/minio_presigned.go:90.17,92.4 1 0
sermon-uploader/services/minio_presigned.go:93.3,93.36 1 0
sermon-uploader/services/minio_presigned.go:96.2,97.16 2 0
sermon-uploader/services/minio_presigned.go:97.16,99.3 1 0
sermon-uploader/services/minio_presigned.go:100.2,100.35 1 0
sermon-uploader/services/streaming_service.go:74.46,80.2 1 0
sermon-uploader/services/streaming_service.go:83.114,88.53 3 0
sermon-uploader/services/streaming_service.go:88.53,90.3 1 0
sermon-uploader/services/streaming_service.go:93.2,107.21 3 0
sermon-uploader/services/streaming_service.go:111.92,116.13 4 0
sermon-uploader/services/streaming_service.go:116.13,118.3 1 0
sermon-uploader/services/streaming_service.go:121.2,121.54 1 0
sermon-uploader/services/streaming_service.go:121.54,125.3 3 0
sermon-uploader/services/streaming_service.go:128.2,135.23 6 0
sermon-uploader/services/streaming_service.go:135.23,138.3 2 0
sermon-uploader/services/streaming_service.go:141.2,143.22 2 0
sermon-uploader/services/streaming_service.go:147.78,154.39 4 0
sermon-uploader/services/streaming_service.go:154.39,156.3 1 0
sermon-uploader/services/streaming_service.go:159.2,159.42 1 0
sermon-uploader/services/streaming_service.go:159.42,161.3 1 0
sermon-uploader/services/streaming_service.go:163.2,163.12 1 0
sermon-uploader/services/streaming_service.go:167.92,169.22 2 0
sermon-uploader/services/streaming_service.go:169.22,171.3 1 0
sermon-uploader/services/streaming_service.go:174.2,176.17 3 0
sermon-uploader/services/streaming_service.go:176.17,178.3 1 0
sermon-uploader/services/streaming_service.go:181.2,182.59 2 0
sermon-uploader/services/streaming_service.go:182.59,186.3 3 0
sermon-uploader/services/streaming_service.go:189.2,190.23 2 0
sermon-uploader/services/streaming_service.go:190.23,192.3 1 0
sermon-uploader/services/streaming_service.go:193.2,193.23 1 0
sermon-uploader/services/streaming_service.go:193.23,195.3 1 0
sermon-uploader/services/streaming_service.go:198.2,199.35 2 0
sermon-uploader/services/streaming_service.go:199.35,201.3 1 0
sermon-uploader/services/streaming_service.go:201.8,201.38 1 0
sermon-uploader/services/streaming_service.go:201.38,203.3 1 0
sermon-uploader/services/streaming_service.go:205.2,217.3 1 0
sermon-uploader/services/streaming_service.go:221.84,226.13 4 0
sermon-uploader/services/streaming_service.go:226.13,228.3 1 0
sermon-uploader/services/streaming_service.go:230.2,230.21 1 0
sermon-uploader/services/streaming_service.go:234.108,239.13 4 0
sermon-uploader/services/streaming_service.go:239.13,241.3 1 0
sermon-uploader/services/streaming_service.go:244.2,244.30 1 0
sermon-uploader/services/streaming_service.go:244.30,246.3 1 0
sermon-uploader/services/streaming_service.go:249.2,259.51 2 0
sermon-uploader/services/streaming_service.go:259.51,261.3 1 0
sermon-uploader/services/streaming_service.go:261.8,261.36 1 0
sermon-uploader/services/streaming_service.go:261.36,263.3 1 0
sermon-uploader/services/streaming_service.go:263.8,265.3 1 0
sermon-uploader/services/streaming_service.go:268.2,268.24 1 0
sermon-uploader/services/streaming_service.go:268.24,270.3 1 0
sermon-uploader/services/streaming_service.go:270.8,273.3 2 0
sermon-uploader/services/streaming_service.go:275.2,275.21 1 0
sermon-uploader/services/streaming_service.go:279.67,283.54 3 0
sermon-uploader/services/streaming_service.go:283.54,285.3 1 0
sermon-uploader/services/streaming_service.go:287.2,288.12 2 0
sermon-uploader/services/streaming_service.go:292.57,297.2 3 0
sermon-uploader/services/streaming_service.go:300.86,307.50 5 0
sermon-uploader/services/streaming_service.go:307.50,308.54 1 0
sermon-uploader/services/streaming_service.go:308.54,311.4 2 0
sermon-uploader/services/streaming_service.go:314.2,314.16 1 0
sermon-uploader/services/streaming_service.go:318.87,323.13 4 0
sermon-uploader/services/streaming_service.go:323.13,325.3 1 0
sermon-uploader/services/streaming_service.go:327.2,327.77 1 0
sermon-uploader/services/streaming_service.go:327.77,329.3 1 0
sermon-uploader/services/streaming_service.go:332.2,335.8 1 0
sermon-uploader/services/streaming_service.go:346.55,349.37 1 0
sermon-uploader/services/streaming_service.go:349.37,351.3 1 0
sermon-uploader/services/streaming_service.go:355.2,355.18 1 0
sermon-uploader/services/streaming_service.go:359.49,361.2 1 0
sermon-uploader/services/streaming_service.go:364.53,368.2 3 0
sermon-uploader/services/streaming_service.go:371.68,380.2 3 0
sermon-uploader/services/streaming_service.go:383.62,393.42 8 0
sermon-uploader/services/streaming_service.go:393.42,397.25 3 0
sermon-uploader/services/streaming_service.go:398.30,399.20 1 0
sermon-uploader/services/streaming_service.go:400.20,401.23 1 0
sermon-uploader/services/streaming_service.go:402.16,403.19 1 0
sermon-uploader/services/streaming_service.go:407.2,417.3 1 0
sermon-uploader/services/tus.go:70.81,72.23 2 0
sermon-uploader/services/tus.go:72.23,74.3 1 0
sermon-uploader/services/tus.go:77.2,77.51 1 0
sermon-uploader/services/tus.go:77.51,81.3 3 0
sermon-uploader/services/tus.go:83.2,88.3 1 0
sermon-uploader/services/tus.go:92.122,116.16 7 0
sermon-uploader/services/tus.go:116.16,118.3 1 0
sermon-uploader/services/tus.go:119.2,128.8 3 0
sermon-uploader/services/tus.go:132.95,137.13 4 0
sermon-uploader/services/tus.go:137.13,139.3 1 0
sermon-uploader/services/tus.go:141.2,145.29 3 0
sermon-uploader/services/tus.go:145.29,147.3 1 0
sermon-uploader/services/tus.go:150.2,151.16 2 0
sermon-uploader/services/tus.go:151.16,153.3 1 0
sermon-uploader/services/tus.go:154.2,157.59 2 0
sermon-uploader/services/tus.go:157.59,159.3 1 0
sermon-uploader/services/tus.go:162.2,163.16 2 0
sermon-uploader/services/tus.go:163.16,165.3 1 0
sermon-uploader/services/tus.go:168.2,187.8 4 0
sermon-uploader/services/tus.go:191.67,196.13 4 0
sermon-uploader/services/tus.go:196.13,198.3 1 0
sermon-uploader/services/tus.go:200.2,218.8 4 0
sermon-uploader/services/tus.go:222.94,227.13 4 0
sermon-uploader/services/tus.go:227.13,229.3 1 0
sermon-uploader/services/tus.go:231.2,235.34 3 0
sermon-uploader/services/tus.go:235.34,241.3 1 0
sermon-uploader/services/tus.go:244.2,245.16 2 0
sermon-uploader/services/tus.go:245.16,247.3 1 0
sermon-uploader/services/tus.go:248.2,251.49 3 0
sermon-uploader/services/tus.go:251.49,253.3 1 0
sermon-uploader/services/tus.go:255.2,266.8 4 0
sermon-uploader/services/tus.go:270.78,275.13 4 0
sermon-uploader/services/tus.go:275.13,277.3 1 0
sermon-uploader/services/tus.go:279.2,280.16 2 0
sermon-uploader/services/tus.go:280.16,282.3 1 0
sermon-uploader/services/tus.go:284.2,284.18 1 0
sermon-uploader/services/tus.go:288.58,291.12 3 0
sermon-uploader/services/tus.go:291.12,293.3 1 0
sermon-uploader/services/tus.go:294.2,296.13 2 0
sermon-uploader/services/tus.go:296.13,298.3 1 0
sermon-uploader/services/tus.go:301.2,301.74 1 0
sermon-uploader/services/tus.go:301.74,303.3 1 0
sermon-uploader/services/tus.go:305.2,305.12 1 0
sermon-uploader/services/tus.go:309.66,314.42 4 0
sermon-uploader/services/tus.go:314.42,315.39 1 0
sermon-uploader/services/tus.go:315.39,320.4 2 0
sermon-uploader/services/tus.go:325.47,330.35 4 0
sermon-uploader/services/tus.go:330.35,349.3 5 0
sermon-uploader/services/tus.go:351.2,351.16 1 0
sermon-uploader/services/tus.go:355.68,360.13 4 0
sermon-uploader/services/tus.go:360.13,362.3 1 0
sermon-uploader/services/tus.go:364.2,367.27 3 0
sermon-uploader/services/tus.go:371.99,376.13 4 0
sermon-uploader/services/tus.go:376.13,378.3 1 0
sermon-uploader/services/tus.go:380.2,384.29 3 0
sermon-uploader/services/tus.go:384.29,386.3 1 0
sermon-uploader/services/tus.go:389.2,390.16 2 0
sermon-uploader/services/tus.go:390.16,392.3 1 0
sermon-uploader/services/tus.go:393.2,396.59 2 0
sermon-uploader/services/tus.go:396.59,398.3 1 0
sermon-uploader/services/tus.go:401.2,403.33 3 0
sermon-uploader/services/tus.go:403.33,405.3 1 0
sermon-uploader/services/tus.go:408.2,427.8 4 0
sermon-uploader/services/websocket.go:49.38,63.28 3 0
sermon-uploader/services/websocket.go:63.28,65.5 1 0
sermon-uploader/services/websocket.go:69.2,70.12 2 0
sermon-uploader/services/websocket.go:73.30,74.6 1 0
sermon-uploader/services/websocket.go:74.6,75.10 1 0
sermon-uploader/services/websocket.go:76.31,79.38 2 0
sermon-uploader/services/websocket.go:79.38,83.13 4 0
sermon-uploader/services/websocket.go:85.4,88.68 4 0
sermon-uploader/services/websocket.go:90.33,92.38 2 0
sermon-uploader/services/websocket.go:92.38,95.5 2 0
sermon-uploader/services/websocket.go:96.4,98.71 3 0
sermon-uploader/services/websocket.go:100.33,101.33 1 0
sermon-uploader/services/websocket.go:107.59,110.32 3 0
sermon-uploader/services/websocket.go:110.32,112.3 1 0
sermon-uploader/services/websocket.go:113.2,119.33 3 0
sermon-uploader/services/websocket.go:119.33,121.17 2 0
sermon-uploader/services/websocket.go:121.17,124.4 2 0
sermon-uploader/services/websocket.go:128.2,128.28 1 0
sermon-uploader/services/websocket.go:128.28,130.40 2 0
sermon-uploader/services/websocket.go:130.40,131.38 1 0
sermon-uploader/services/websocket.go:131.38,134.5 2 0
sermon-uploader/services/websocket.go:136.3,136.19 1 0
sermon-uploader/services/websocket.go:140.60,141.15 1 0
sermon-uploader/services/websocket.go:141.15,144.3 2 0
sermon-uploader/services/websocket.go:146.2,148.6 2 0
sermon-uploader/services/websocket.go:148.6,151.17 2 0
sermon-uploader/services/websocket.go:151.17,152.103 1 0
sermon-uploader/services/websocket.go:152.103,154.5 1 0
sermon-uploader/services/websocket.go:155.4,155.9 1 0
sermon-uploader/services/websocket.go:160.81,175.44 6 0
sermon-uploader/services/websocket.go:175.44,177.3 1 0
sermon-uploader/services/websocket.go:180.2,183.9 3 0
sermon-uploader/services/websocket.go:184.31,184.31 0 0
sermon-uploader/services/websocket.go:185.10,187.49 2 0
sermon-uploader/services/websocket.go:190.2,190.12 1 0
sermon-uploader/services/websocket.go:193.104,203.16 3 0
sermon-uploader/services/websocket.go:203.16,205.3 1 0
sermon-uploader/services/websocket.go:207.2,207.9 1 0
sermon-uploader/services/websocket.go:208.31,208.31 0 0
sermon-uploader/services/websocket.go:209.10,210.53 1 0
sermon-uploader/services/websocket.go:213.2,213.12 1 0
sermon-uploader/services/websocket.go:216.81,221.2 1 0
sermon-uploader/services/websocket.go:223.111,230.2 1 0
sermon-uploader/services/websocket.go:232.61,236.2 1 0
sermon-uploader/services/websocket.go:239.86,258.16 3 0
sermon-uploader/services/websocket.go:258.16,260.3 1 0
sermon-uploader/services/websocket.go:262.2,263.12 2 0
sermon-uploader/services/websocket.go:267.66,283.23 2 0
sermon-uploader/services/websocket.go:283.23,285.3 1 0
sermon-uploader/services/websocket.go:286.2,286.27 1 0
sermon-uploader/services/websocket.go:286.27,287.31 1 0
sermon-uploader/services/websocket.go:287.31,289.4 1 0
sermon-uploader/services/websocket.go:289.9,289.37 1 0
sermon-uploader/services/websocket.go:289.37,291.4 1 0
sermon-uploader/services/websocket.go:291.9,293.4 1 0
sermon-uploader/services/websocket.go:296.2,297.16 2 0
sermon-uploader/services/websocket.go:297.16,299.3 1 0
sermon-uploader/services/websocket.go:301.2,302.12 2 0
sermon-uploader/services/websocket.go:306.106,320.16 3 0
sermon-uploader/services/websocket.go:320.16,322.3 1 0
sermon-uploader/services/websocket.go:324.2,325.12 2 0
sermon-uploader/services/websocket.go:329.81,339.16 3 0
sermon-uploader/services/websocket.go:339.16,341.3 1 0
sermon-uploader/services/websocket.go:343.2,344.12 2 0
sermon-uploader/services/websocket.go:348.96,361.16 3 0
sermon-uploader/services/websocket.go:361.16,363.3 1 0
sermon-uploader/services/websocket.go:365.2,366.12 2 0
sermon-uploader/services/websocket.go:370.79,374.29 3 0
sermon-uploader/services/websocket.go:374.29,377.3 2 0
sermon-uploader/services/websocket.go:379.2,391.16 3 0
sermon-uploader/services/websocket.go:391.16,393.3 1 0
sermon-uploader/services/websocket.go:395.2,396.12 2 0
sermon-uploader/services/websocket.go:400.55,404.2 3 0
sermon-uploader/services/worker_pool.go:72.52,75.34 2 0
sermon-uploader/services/worker_pool.go:75.34,77.3 1 0
sermon-uploader/services/worker_pool.go:79.2,93.31 3 0
sermon-uploader/services/worker_pool.go:93.31,96.3 2 0
sermon-uploader/services/worker_pool.go:99.2,101.11 2 0
sermon-uploader/services/worker_pool.go:105.36,110.18 2 0
sermon-uploader/services/worker_pool.go:111.9,112.11 1 0
sermon-uploader/services/worker_pool.go:113.9,114.11 1 0
sermon-uploader/services/worker_pool.go:115.9,117.11 1 0
sermon-uploader/services/worker_pool.go:118.10,120.39 1 0
sermon-uploader/services/worker_pool.go:125.33,130.2 1 0
sermon-uploader/services/worker_pool.go:133.51,136.9 2 0
sermon-uploader/services/worker_pool.go:137.24,138.13 1 0
sermon-uploader/services/worker_pool.go:139.23,140.52 1 0
sermon-uploader/services/worker_pool.go:141.10,142.49 1 0
sermon-uploader/services/worker_pool.go:147.38,150.6 2 0
sermon-uploader/services/worker_pool.go:150.6,151.10 1 0
sermon-uploader/services/worker_pool.go:152.24,153.10 1 0
sermon-uploader/services/worker_pool.go:154.27,155.32 1 0
sermon-uploader/services/worker_pool.go:161.68,168.25 4 0
sermon-uploader/services/worker_pool.go:168.25,170.3 1 0
sermon-uploader/services/worker_pool.go:172.2,188.16 8 0
sermon-uploader/services/worker_pool.go:188.16,192.3 3 0
sermon-uploader/services/worker_pool.go:192.8,199.3 6 0
sermon-uploader/services/worker_pool.go:202.2,202.26 1 0
sermon-uploader/services/worker_pool.go:202.26,204.3 1 0
sermon-uploader/services/worker_pool.go:208.153,210.16 2 0
sermon-uploader/services/worker_pool.go:210.16,212.3 1 0
sermon-uploader/services/worker_pool.go:213.2,222.6 5 0
sermon-uploader/services/worker_pool.go:222.6,224.12 2 0
sermon-uploader/services/worker_pool.go:224.12,229.45 3 0
sermon-uploader/services/worker_pool.go:229.45,231.12 2 0
sermon-uploader/services/worker_pool.go:232.35,232.35 0 0
sermon-uploader/services/worker_pool.go:233.13,233.13 0 0
sermon-uploader/services/worker_pool.go:239.3,239.17 1 0
sermon-uploader/services/worker_pool.go:239.17,240.28 1 0
sermon-uploader/services/worker_pool.go:240.28,241.10 1 0
sermon-uploader/services/worker_pool.go:243.4,243.62 1 0
sermon-uploader/services/worker_pool.go:247.3,247.26 1 0
sermon-uploader/services/worker_pool.go:247.26,249.4 1 0
sermon-uploader/services/worker_pool.go:252.2,265.32 4 0
sermon-uploader/services/worker_pool.go:269.45,270.27 1 0
sermon-uploader/services/worker_pool.go:270.27,272.3 1 0
sermon-uploader/services/worker_pool.go:275.2,279.35 4 0
sermon-uploader/services/worker_pool.go:279.35,281.3 1 0
sermon-uploader/services/worker_pool.go:284.2,285.39 2 0
sermon-uploader/services/worker_pool.go:285.39,287.3 1 0
sermon-uploader/services/worker_pool.go:289.2,289.14 1 0
sermon-uploader/services/worker_pool.go:293.42,297.6 3 0
sermon-uploader/services/worker_pool.go:297.6,298.10 1 0
sermon-uploader/services/worker_pool.go:299.24,300.10 1 0
sermon-uploader/services/worker_pool.go:301.19,302.28 1 0
sermon-uploader/services/worker_pool.go:308.45,314.20 4 0
sermon-uploader/services/worker_pool.go:314.20,316.3 1 0
sermon-uploader/services/worker_pool.go:320.50,333.2 3 0
sermon-uploader/services/worker_pool.go:347.61,353.12 3 0
sermon-uploader/services/worker_pool.go:353.12,356.3 2 0
sermon-uploader/services/worker_pool.go:358.2,358.9 1 0
sermon-uploader/services/worker_pool.go:359.14,360.13 1 0
sermon-uploader/services/worker_pool.go:361.29,362.72 1 0
sermon-uploader/services/worker_pool.go:367.53,370.2 1 0
sermon-uploader/services/worker_pool.go:373.28,374.11 1 0
sermon-uploader/services/worker_pool.go:374.11,376.3 1 0
sermon-uploader/services/worker_pool.go:377.2,377.10 1 0
