mode: set
sermon-uploader/monitoring/monitoring.go:40.29,41.21 1 0
sermon-uploader/monitoring/monitoring.go:41.21,51.3 3 0
sermon-uploader/monitoring/monitoring.go:55.41,56.27 1 0
sermon-uploader/monitoring/monitoring.go:56.27,58.3 1 0
sermon-uploader/monitoring/monitoring.go:59.2,59.23 1 0
sermon-uploader/monitoring/monitoring.go:63.46,64.28 1 0
sermon-uploader/monitoring/monitoring.go:64.28,66.3 1 0
sermon-uploader/monitoring/monitoring.go:67.2,67.24 1 0
sermon-uploader/monitoring/monitoring.go:71.40,72.25 1 0
sermon-uploader/monitoring/monitoring.go:72.25,74.3 1 0
sermon-uploader/monitoring/monitoring.go:75.2,75.21 1 0
sermon-uploader/monitoring/monitoring.go:81.76,85.48 3 0
sermon-uploader/monitoring/monitoring.go:85.48,89.3 3 0
sermon-uploader/monitoring/monitoring.go:89.8,95.3 1 0
sermon-uploader/monitoring/monitoring.go:99.67,104.39 4 0
sermon-uploader/monitoring/monitoring.go:104.39,106.24 2 0
sermon-uploader/monitoring/monitoring.go:106.24,108.4 1 0
sermon-uploader/monitoring/monitoring.go:110.3,115.4 1 0
sermon-uploader/monitoring/monitoring.go:117.2,117.15 1 0
sermon-uploader/monitoring/monitoring.go:121.62,123.16 2 0
sermon-uploader/monitoring/monitoring.go:123.16,125.3 1 0
sermon-uploader/monitoring/monitoring.go:131.73,135.2 3 0
sermon-uploader/monitoring/monitoring.go:138.64,142.30 4 0
sermon-uploader/monitoring/monitoring.go:142.30,144.3 1 0
sermon-uploader/monitoring/monitoring.go:145.2,145.15 1 0
sermon-uploader/monitoring/monitoring.go:149.58,152.44 3 0
sermon-uploader/monitoring/monitoring.go:152.44,153.35 1 0
sermon-uploader/monitoring/monitoring.go:153.35,155.4 1 0
sermon-uploader/monitoring/monitoring.go:155.9,157.4 1 0
sermon-uploader/monitoring/monitoring.go:158.8,160.3 1 0
sermon-uploader/monitoring/monitoring.go:164.44,166.2 1 0
sermon-uploader/monitoring/monitoring.go:169.42,171.2 1 0
sermon-uploader/monitoring/monitoring.go:174.81,178.2 3 0
sermon-uploader/monitoring/monitoring.go:183.72,185.2 1 0
sermon-uploader/monitoring/monitoring.go:188.62,192.36 3 0
sermon-uploader/monitoring/monitoring.go:192.36,194.17 2 0
sermon-uploader/monitoring/monitoring.go:194.17,200.4 2 0
sermon-uploader/monitoring/monitoring.go:200.9,204.4 1 0
sermon-uploader/monitoring/monitoring.go:207.2,210.16 3 0
sermon-uploader/optimization/object_pools.go:34.36,35.22 1 0
sermon-uploader/optimization/object_pools.go:35.22,39.3 1 0
sermon-uploader/optimization/object_pools.go:40.2,40.20 1 0
sermon-uploader/optimization/object_pools.go:44.36,48.2 1 0
sermon-uploader/optimization/object_pools.go:51.61,56.13 4 0
sermon-uploader/optimization/object_pools.go:56.13,59.51 2 0
sermon-uploader/optimization/object_pools.go:59.51,63.30 1 0
sermon-uploader/optimization/object_pools.go:63.30,65.7 1 0
sermon-uploader/optimization/object_pools.go:68.4,68.31 1 0
sermon-uploader/optimization/object_pools.go:70.3,70.17 1 0
sermon-uploader/optimization/object_pools.go:73.2,74.24 2 0
sermon-uploader/optimization/object_pools.go:74.24,76.3 1 0
sermon-uploader/optimization/object_pools.go:78.2,78.28 1 0
sermon-uploader/optimization/object_pools.go:82.42,86.28 1 0
sermon-uploader/optimization/object_pools.go:86.28,88.5 1 0
sermon-uploader/optimization/object_pools.go:94.36,96.2 1 0
sermon-uploader/optimization/object_pools.go:99.42,100.28 1 0
sermon-uploader/optimization/object_pools.go:100.28,102.3 1 0
sermon-uploader/optimization/object_pools.go:106.44,112.2 1 0
sermon-uploader/optimization/object_pools.go:115.60,117.2 1 0
sermon-uploader/optimization/object_pools.go:120.41,123.2 2 0
sermon-uploader/optimization/object_pools.go:126.36,128.2 1 0
sermon-uploader/optimization/object_pools.go:135.59,138.2 2 0
sermon-uploader/optimization/object_pools.go:140.45,143.27 2 0
sermon-uploader/optimization/object_pools.go:143.27,145.3 1 0
sermon-uploader/optimization/object_pools.go:146.2,148.40 3 0
sermon-uploader/optimization/object_pools.go:148.40,150.3 1 0
sermon-uploader/optimization/object_pools.go:151.2,151.15 1 0
sermon-uploader/optimization/object_pools.go:154.32,156.2 1 0
sermon-uploader/optimization/object_pools.go:159.58,165.35 5 0
sermon-uploader/optimization/object_pools.go:165.35,167.3 1 0
sermon-uploader/optimization/object_pools.go:169.2,173.3 1 0
sermon-uploader/optimization/object_pools.go:177.55,184.2 2 0
sermon-uploader/optimization/object_pools.go:187.65,189.2 1 0
sermon-uploader/optimization/object_pools.go:205.78,210.2 1 0
sermon-uploader/optimization/object_pools.go:221.115,227.2 1 0
sermon-uploader/optimization/object_pools.go:230.56,232.11 2 0
sermon-uploader/optimization/object_pools.go:232.11,234.27 2 0
sermon-uploader/optimization/object_pools.go:234.27,236.4 1 0
sermon-uploader/optimization/object_pools.go:238.2,238.15 1 0
sermon-uploader/main.go:24.13,26.40 1 0
sermon-uploader/main.go:26.40,28.3 1 0
sermon-uploader/main.go:31.2,34.24 2 0
sermon-uploader/main.go:34.24,36.3 1 0
sermon-uploader/main.go:39.2,48.16 6 0
sermon-uploader/main.go:48.16,51.3 2 0
sermon-uploader/main.go:54.2,54.24 1 0
sermon-uploader/main.go:54.24,57.3 1 0
sermon-uploader/main.go:60.2,66.52 5 0
sermon-uploader/main.go:66.52,68.3 1 0
sermon-uploader/main.go:71.2,71.54 1 0
sermon-uploader/main.go:71.54,75.3 3 0
sermon-uploader/main.go:75.8,79.3 3 0
sermon-uploader/main.go:82.2,84.55 1 0
sermon-uploader/main.go:84.55,86.39 2 0
sermon-uploader/main.go:86.39,88.5 1 0
sermon-uploader/main.go:89.4,92.6 1 0
sermon-uploader/main.go:97.2,112.35 3 0
sermon-uploader/main.go:112.35,119.17 5 0
sermon-uploader/main.go:119.17,121.4 1 0
sermon-uploader/main.go:124.3,124.71 1 0
sermon-uploader/main.go:124.71,126.25 2 0
sermon-uploader/main.go:126.25,128.5 1 0
sermon-uploader/main.go:131.3,131.13 1 0
sermon-uploader/main.go:135.2,135.39 1 0
sermon-uploader/main.go:135.39,137.3 1 0
sermon-uploader/main.go:140.2,144.2 3 0
sermon-uploader/main.go:144.2,162.3 12 0
sermon-uploader/main.go:162.3,169.4 6 0
sermon-uploader/main.go:172.3,177.48 4 0
sermon-uploader/main.go:177.48,181.4 2 0
sermon-uploader/main.go:182.3,182.56 1 0
sermon-uploader/main.go:182.56,186.4 2 0
sermon-uploader/main.go:187.3,187.52 1 0
sermon-uploader/main.go:187.52,192.4 2 0
sermon-uploader/main.go:198.3,208.45 5 0
sermon-uploader/main.go:212.2,212.42 1 0
sermon-uploader/main.go:212.42,213.38 1 0
sermon-uploader/main.go:213.38,216.4 2 0
sermon-uploader/main.go:217.3,217.34 1 0
sermon-uploader/main.go:220.2,220.55 1 0
sermon-uploader/main.go:220.55,222.3 1 0
sermon-uploader/main.go:225.2,226.41 2 0
sermon-uploader/main.go:226.41,228.3 1 0
sermon-uploader/main.go:231.2,231.12 1 0
sermon-uploader/main.go:231.12,232.113 1 0
sermon-uploader/main.go:232.113,234.4 1 0
sermon-uploader/main.go:238.2,239.16 2 0
sermon-uploader/main.go:239.16,241.3 1 0
sermon-uploader/main.go:244.2,249.47 5 0
sermon-uploader/main.go:249.47,251.3 1 0
sermon-uploader/main.go:255.45,260.18 3 0
sermon-uploader/main.go:261.9,262.15 1 0
sermon-uploader/main.go:263.9,264.15 1 0
sermon-uploader/main.go:265.9,267.15 1 0
sermon-uploader/main.go:268.10,269.43 1 0
sermon-uploader/main.go:272.2,276.32 3 0
sermon-uploader/main.go:276.32,279.3 2 0
sermon-uploader/main.go:282.2,282.30 1 0
sermon-uploader/main.go:282.30,286.3 3 0
sermon-uploader/main.go:289.2,295.20 5 0
sermon-uploader/main.go:295.20,297.3 1 0
sermon-uploader/main.go:299.2,299.72 1 0
sermon-uploader/monitoring/monitoring.go:40.29,41.21 1 0
sermon-uploader/monitoring/monitoring.go:41.21,51.3 3 0
sermon-uploader/monitoring/monitoring.go:55.41,56.27 1 0
sermon-uploader/monitoring/monitoring.go:56.27,58.3 1 0
sermon-uploader/monitoring/monitoring.go:59.2,59.23 1 0
sermon-uploader/monitoring/monitoring.go:63.46,64.28 1 0
sermon-uploader/monitoring/monitoring.go:64.28,66.3 1 0
sermon-uploader/monitoring/monitoring.go:67.2,67.24 1 0
sermon-uploader/monitoring/monitoring.go:71.40,72.25 1 0
sermon-uploader/monitoring/monitoring.go:72.25,74.3 1 0
sermon-uploader/monitoring/monitoring.go:75.2,75.21 1 0
sermon-uploader/monitoring/monitoring.go:81.76,85.48 3 0
sermon-uploader/monitoring/monitoring.go:85.48,89.3 3 0
sermon-uploader/monitoring/monitoring.go:89.8,95.3 1 0
sermon-uploader/monitoring/monitoring.go:99.67,104.39 4 0
sermon-uploader/monitoring/monitoring.go:104.39,106.24 2 0
sermon-uploader/monitoring/monitoring.go:106.24,108.4 1 0
sermon-uploader/monitoring/monitoring.go:110.3,115.4 1 0
sermon-uploader/monitoring/monitoring.go:117.2,117.15 1 0
sermon-uploader/monitoring/monitoring.go:121.62,123.16 2 0
sermon-uploader/monitoring/monitoring.go:123.16,125.3 1 0
sermon-uploader/monitoring/monitoring.go:131.73,135.2 3 0
sermon-uploader/monitoring/monitoring.go:138.64,142.30 4 0
sermon-uploader/monitoring/monitoring.go:142.30,144.3 1 0
sermon-uploader/monitoring/monitoring.go:145.2,145.15 1 0
sermon-uploader/monitoring/monitoring.go:149.58,152.44 3 0
sermon-uploader/monitoring/monitoring.go:152.44,153.35 1 0
sermon-uploader/monitoring/monitoring.go:153.35,155.4 1 0
sermon-uploader/monitoring/monitoring.go:155.9,157.4 1 0
sermon-uploader/monitoring/monitoring.go:158.8,160.3 1 0
sermon-uploader/monitoring/monitoring.go:164.44,166.2 1 0
sermon-uploader/monitoring/monitoring.go:169.42,171.2 1 0
sermon-uploader/monitoring/monitoring.go:174.81,178.2 3 0
sermon-uploader/monitoring/monitoring.go:183.72,185.2 1 0
sermon-uploader/monitoring/monitoring.go:188.62,192.36 3 0
sermon-uploader/monitoring/monitoring.go:192.36,194.17 2 0
sermon-uploader/monitoring/monitoring.go:194.17,200.4 2 0
sermon-uploader/monitoring/monitoring.go:200.9,204.4 1 0
sermon-uploader/monitoring/monitoring.go:207.2,210.16 3 0
sermon-uploader/optimization/object_pools.go:34.36,35.22 1 0
sermon-uploader/optimization/object_pools.go:35.22,39.3 1 0
sermon-uploader/optimization/object_pools.go:40.2,40.20 1 0
sermon-uploader/optimization/object_pools.go:44.36,48.2 1 0
sermon-uploader/optimization/object_pools.go:51.61,56.13 4 0
sermon-uploader/optimization/object_pools.go:56.13,59.51 2 0
sermon-uploader/optimization/object_pools.go:59.51,63.30 1 0
sermon-uploader/optimization/object_pools.go:63.30,65.7 1 0
sermon-uploader/optimization/object_pools.go:68.4,68.31 1 0
sermon-uploader/optimization/object_pools.go:70.3,70.17 1 0
sermon-uploader/optimization/object_pools.go:73.2,74.24 2 0
sermon-uploader/optimization/object_pools.go:74.24,76.3 1 0
sermon-uploader/optimization/object_pools.go:78.2,78.28 1 0
sermon-uploader/optimization/object_pools.go:82.42,86.28 1 0
sermon-uploader/optimization/object_pools.go:86.28,88.5 1 0
sermon-uploader/optimization/object_pools.go:94.36,96.2 1 0
sermon-uploader/optimization/object_pools.go:99.42,100.28 1 0
sermon-uploader/optimization/object_pools.go:100.28,102.3 1 0
sermon-uploader/optimization/object_pools.go:106.44,112.2 1 0
sermon-uploader/optimization/object_pools.go:115.60,117.2 1 0
sermon-uploader/optimization/object_pools.go:120.41,123.2 2 0
sermon-uploader/optimization/object_pools.go:126.36,128.2 1 0
sermon-uploader/optimization/object_pools.go:135.59,138.2 2 0
sermon-uploader/optimization/object_pools.go:140.45,143.27 2 0
sermon-uploader/optimization/object_pools.go:143.27,145.3 1 0
sermon-uploader/optimization/object_pools.go:146.2,148.40 3 0
sermon-uploader/optimization/object_pools.go:148.40,150.3 1 0
sermon-uploader/optimization/object_pools.go:151.2,151.15 1 0
sermon-uploader/optimization/object_pools.go:154.32,156.2 1 0
sermon-uploader/optimization/object_pools.go:159.58,165.35 5 0
sermon-uploader/optimization/object_pools.go:165.35,167.3 1 0
sermon-uploader/optimization/object_pools.go:169.2,173.3 1 0
sermon-uploader/optimization/object_pools.go:177.55,184.2 2 0
sermon-uploader/optimization/object_pools.go:187.65,189.2 1 0
sermon-uploader/optimization/object_pools.go:205.78,210.2 1 0
sermon-uploader/optimization/object_pools.go:221.115,227.2 1 0
sermon-uploader/optimization/object_pools.go:230.56,232.11 2 0
sermon-uploader/optimization/object_pools.go:232.11,234.27 2 0
sermon-uploader/optimization/object_pools.go:234.27,236.4 1 0
sermon-uploader/optimization/object_pools.go:238.2,238.15 1 0
sermon-uploader/config/config.go:65.20,100.20 25 1
sermon-uploader/config/config.go:100.20,102.42 2 1
sermon-uploader/config/config.go:102.42,104.4 1 1
sermon-uploader/config/config.go:107.2,150.3 1 1
sermon-uploader/config/config.go:153.46,154.42 1 1
sermon-uploader/config/config.go:154.42,156.3 1 0
sermon-uploader/config/config.go:157.2,157.21 1 1
